2026-7-12 18:42:25-log: Cannot access game frame or container.
2026-7-12 18:42:25-debug: asset-db:require-engine-code (648ms)
2026-7-12 18:42:25-log: meshopt wasm decoder initialized
2026-7-12 18:42:25-log: [bullet]:bullet wasm lib loaded.
2026-7-12 18:42:25-log: [box2d]:box2d wasm lib loaded.
2026-7-12 18:42:25-log: Cocos Creator v3.8.8
2026-7-12 18:42:25-log: Using legacy pipeline
2026-7-12 18:42:25-log: Forward render pipeline initialized.
2026-7-12 18:42:25-debug: [Assets Memory track]: asset-db:worker-init: initEngine start:31.36MB, end 79.08MB, increase: 47.72MB
2026-7-12 18:42:27-debug: [Assets Memory track]: asset-db:worker-init: initPlugin start:79.15MB, end 340.56MB, increase: 261.41MB
2026-7-12 18:42:27-debug: run package(taobao-mini-game) handler(enable) start
2026-7-12 18:42:27-debug: run package(taobao-mini-game) handler(enable) success!
2026-7-12 18:42:27-debug: run package(web-desktop) handler(enable) start
2026-7-12 18:42:27-debug: run package(vivo-mini-game) handler(enable) start
2026-7-12 18:42:27-debug: run package(vivo-mini-game) handler(enable) success!
2026-7-12 18:42:27-debug: run package(web-desktop) handler(enable) success!
2026-7-12 18:42:27-debug: run package(web-mobile) handler(enable) start
2026-7-12 18:42:27-debug: run package(web-mobile) handler(enable) success!
2026-7-12 18:42:27-debug: run package(wechatgame) handler(enable) start
2026-7-12 18:42:27-debug: run package(wechatgame) handler(enable) success!
2026-7-12 18:42:27-debug: run package(wechatprogram) handler(enable) success!
2026-7-12 18:42:27-debug: run package(windows) handler(enable) start
2026-7-12 18:42:27-debug: run package(wechatprogram) handler(enable) start
2026-7-12 18:42:27-debug: run package(xiaomi-quick-game) handler(enable) start
2026-7-12 18:42:27-debug: run package(xiaomi-quick-game) handler(enable) success!
2026-7-12 18:42:27-debug: run package(windows) handler(enable) success!
2026-7-12 18:42:27-debug: run package(cocos-service) handler(enable) success!
2026-7-12 18:42:27-debug: run package(cocos-service) handler(enable) start
2026-7-12 18:42:27-debug: run package(im-plugin) handler(enable) success!
2026-7-12 18:42:27-debug: run package(im-plugin) handler(enable) start
2026-7-12 18:42:27-debug: run package(placeholder) handler(enable) success!
2026-7-12 18:42:27-debug: run package(placeholder) handler(enable) start
2026-7-12 18:42:27-debug: asset-db:worker-init: initPlugin (1959ms)
2026-7-12 18:42:27-debug: [Assets Memory track]: asset-db:worker-init start:31.35MB, end 341.73MB, increase: 310.37MB
2026-7-12 18:42:27-debug: Run asset db hook programming:beforePreStart ...
2026-7-12 18:42:27-debug: Run asset db hook engine-extends:beforePreStart success!
2026-7-12 18:42:27-debug: Run asset db hook engine-extends:beforePreStart ...
2026-7-12 18:42:27-debug: Run asset db hook programming:beforePreStart success!
2026-7-12 18:42:27-debug: asset-db:worker-init (2765ms)
2026-7-12 18:42:27-debug: asset-db-hook-programming-beforePreStart (70ms)
2026-7-12 18:42:27-debug: asset-db-hook-engine-extends-beforePreStart (69ms)
2026-7-12 18:42:27-debug: Preimport db internal success
2026-7-12 18:42:27-debug: Preimport db assets success
2026-7-12 18:42:27-debug: Run asset db hook programming:afterPreStart ...
2026-7-12 18:42:27-debug: starting packer-driver...
2026-7-12 18:42:28-debug: initialize scripting environment...
2026-7-12 18:42:28-debug: [[Executor]] prepare before lock
2026-7-12 18:42:28-debug: Set detail map pack:///resolution-detail-map.json: {}
2026-7-12 18:42:28-debug: [[Executor]] prepare after unlock
2026-7-12 18:42:28-debug: Run asset db hook engine-extends:afterPreStart success!
2026-7-12 18:42:28-debug: [Assets Memory track]: asset-db:worker-init: preStart start:341.74MB, end 346.30MB, increase: 4.55MB
2026-7-12 18:42:28-debug: Start up the 'internal' database...
2026-7-12 18:42:28-debug: Run asset db hook programming:afterPreStart success!
2026-7-12 18:42:28-debug: asset-db-hook-programming-afterPreStart (997ms)
2026-7-12 18:42:28-debug: Run asset db hook engine-extends:afterPreStart ...
2026-7-12 18:42:28-debug: asset-db:worker-effect-data-processing (266ms)
2026-7-12 18:42:28-debug: asset-db-hook-engine-extends-afterPreStart (266ms)
2026-7-12 18:42:28-debug: Run asset db hook engine-extends:afterStartDB ...
2026-7-12 18:42:29-debug: Run asset db hook engine-extends:afterStartDB success!
2026-7-12 18:42:29-debug: recompile effect.bin success
2026-7-12 18:42:29-debug: Start up the 'assets' database...
2026-7-12 18:42:29-debug: asset-db:worker-effect-data-processing (328ms)
2026-7-12 18:42:29-debug: asset-db-hook-engine-extends-afterStartDB (329ms)
2026-7-12 18:42:29-debug: Run asset db hook engine-extends:afterStartDB ...
2026-7-12 18:42:29-debug: recompile effect.bin success
2026-7-12 18:42:29-debug: Run asset db hook engine-extends:afterStartDB success!
2026-7-12 18:42:29-debug: [Assets Memory track]: asset-db:worker-init: startup start:346.31MB, end 388.48MB, increase: 42.17MB
2026-7-12 18:42:29-debug: lazy register asset handler text
2026-7-12 18:42:29-debug: lazy register asset handler directory
2026-7-12 18:42:29-debug: lazy register asset handler spine-data
2026-7-12 18:42:29-debug: lazy register asset handler dragonbones
2026-7-12 18:42:29-debug: lazy register asset handler json
2026-7-12 18:42:29-debug: lazy register asset handler dragonbones-atlas
2026-7-12 18:42:29-debug: lazy register asset handler javascript
2026-7-12 18:42:29-debug: lazy register asset handler terrain
2026-7-12 18:42:29-debug: lazy register asset handler typescript
2026-7-12 18:42:29-debug: lazy register asset handler *
2026-7-12 18:42:29-debug: lazy register asset handler prefab
2026-7-12 18:42:29-debug: lazy register asset handler tiled-map
2026-7-12 18:42:29-debug: lazy register asset handler sprite-frame
2026-7-12 18:42:29-debug: lazy register asset handler image
2026-7-12 18:42:29-debug: lazy register asset handler buffer
2026-7-12 18:42:29-debug: lazy register asset handler alpha-image
2026-7-12 18:42:29-debug: lazy register asset handler scene
2026-7-12 18:42:29-debug: lazy register asset handler texture-cube
2026-7-12 18:42:29-debug: lazy register asset handler texture
2026-7-12 18:42:29-debug: lazy register asset handler erp-texture-cube
2026-7-12 18:42:29-debug: lazy register asset handler render-texture
2026-7-12 18:42:29-debug: lazy register asset handler texture-cube-face
2026-7-12 18:42:29-debug: lazy register asset handler sign-image
2026-7-12 18:42:29-debug: lazy register asset handler rt-sprite-frame
2026-7-12 18:42:29-debug: lazy register asset handler gltf
2026-7-12 18:42:29-debug: lazy register asset handler gltf-mesh
2026-7-12 18:42:29-debug: lazy register asset handler gltf-skeleton
2026-7-12 18:42:29-debug: lazy register asset handler gltf-scene
2026-7-12 18:42:29-debug: lazy register asset handler gltf-material
2026-7-12 18:42:29-debug: lazy register asset handler gltf-animation
2026-7-12 18:42:29-debug: lazy register asset handler gltf-embeded-image
2026-7-12 18:42:29-debug: lazy register asset handler fbx
2026-7-12 18:42:29-debug: lazy register asset handler material
2026-7-12 18:42:29-debug: lazy register asset handler physics-material
2026-7-12 18:42:29-debug: lazy register asset handler effect
2026-7-12 18:42:29-debug: lazy register asset handler effect-header
2026-7-12 18:42:29-debug: lazy register asset handler animation-clip
2026-7-12 18:42:29-debug: lazy register asset handler animation-graph
2026-7-12 18:42:29-debug: lazy register asset handler animation-graph-variant
2026-7-12 18:42:29-debug: lazy register asset handler ttf-font
2026-7-12 18:42:29-debug: lazy register asset handler animation-mask
2026-7-12 18:42:29-debug: lazy register asset handler bitmap-font
2026-7-12 18:42:29-debug: lazy register asset handler sprite-atlas
2026-7-12 18:42:29-debug: lazy register asset handler auto-atlas
2026-7-12 18:42:29-debug: lazy register asset handler audio-clip
2026-7-12 18:42:29-debug: lazy register asset handler label-atlas
2026-7-12 18:42:29-debug: lazy register asset handler render-pipeline
2026-7-12 18:42:29-debug: lazy register asset handler render-stage
2026-7-12 18:42:29-debug: lazy register asset handler instantiation-material
2026-7-12 18:42:29-debug: lazy register asset handler particle
2026-7-12 18:42:29-debug: lazy register asset handler render-flow
2026-7-12 18:42:29-debug: lazy register asset handler instantiation-skeleton
2026-7-12 18:42:29-debug: lazy register asset handler instantiation-animation
2026-7-12 18:42:29-debug: lazy register asset handler video-clip
2026-7-12 18:42:29-debug: lazy register asset handler instantiation-mesh
2026-7-12 18:42:29-debug: asset-db:worker-effect-data-processing (279ms)
2026-7-12 18:42:29-debug: asset-db:start-database (1865ms)
2026-7-12 18:42:29-debug: asset-db-hook-engine-extends-afterStartDB (280ms)
2026-7-12 18:42:29-debug: asset-db:ready (6883ms)
2026-7-12 18:42:29-debug: init worker message success
2026-7-12 18:42:29-debug: programming:execute-script (10ms)
2026-7-12 18:42:29-debug: [Build Memory track]: builder:worker-init start:389.05MB, end 231.53MB, increase: -161299.85KB
2026-7-12 18:42:29-debug: builder:worker-init (445ms)
2026-7-12 18:44:03-debug: Query all assets info in project
2026-7-12 18:44:03-debug: init custom config: keepNodeUuid: false, useCache: true
2026-7-12 18:44:03-debug: Skip compress image, progress: 0%
2026-7-12 18:44:03-debug: Init all bundles start..., progress: 0%
2026-7-12 18:44:03-debug: // ---- build task Query asset bundle ----
2026-7-12 18:44:03-debug: Init bundle root assets start..., progress: 0%
2026-7-12 18:44:03-debug: Num of bundles: 3..., progress: 0%
2026-7-12 18:44:03-debug: Query asset bundle start, progress: 0%
2026-7-12 18:44:04-debug:   Number of all scripts: 217
2026-7-12 18:44:04-debug: Query preload assets/scripts from cc.config.json: 60f7195c-ec2a-45eb-ba94-8955f60e81d0,1c02ae6f-4492-4915-b8f8-7492a3b1e4cd,810e96e4-e456-4468-9b59-f4e8f39732c0,efe8e2a3-eace-427b-b4f1-cb8a937ec77d,e9aa9a3e-5b2b-4ac7-a2c7-073de2b2b24f,8bbdbcdd-5cd4-4100-b6d5-b7c9625b6107,50f4348b-c883-4e2f-8f11-ce233b859fa1,fda095cb-831d-4601-ad94-846013963de8,f92806d7-1768-443f-afe8-12bcde84d0f0,dd3a144d-ab7f-41f0-82b8-2e43a090d496,f0416e68-0200-4b77-a926-4f9d16e494da,511d2633-09a7-4bdd-ac42-f778032124b3,5d45aa00-e064-4938-b314-4265f0c2258c,9361fd90-ba52-4f84-aa93-6e878fd576ca,970b0598-bcb0-4714-91fb-2e81440dccd8,bcd64cc6-2dd9-43f6-abbe-66318d332032,d930590d-bb92-4cc8-8bd1-23cd027f9edf,a3cd009f-0ab0-420d-9278-b9fdab939bbc,6a2d0734-bd9e-4ddf-946e-caa52498cb75,c27215d8-6835-4b68-bfbb-bdeac6100c04,b5d6115f-0370-4d7c-aad3-c194cc71cf98,d1346436-ac96-4271-b863-1f4fdead95b0,971bdb23-3ff6-43eb-b422-1c30165a3663,17debcc3-0a6b-4b8a-b00b-dc58b885581e,711ebe11-f673-4cd9-9a83-63c60ba54c5b,c0143906-9aed-447e-9436-2ae8512d1b6e,14da1725-c4c2-42b4-ab08-ee0aeb6898b3,081cab31-dccd-428e-8652-f2404cc81c47,78e0584a-4343-4727-8f37-e14e65c2a2db,ba21476f-2866-4f81-9c4d-6e359316e448,871c3b6c-7379-419d-bda3-794b239ab90d,1d08ef62-a503-4ce2-8b9a-46c90873f7d3,ff9b0199-ce04-4cfe-86cc-6c719f08d6e4,de1c2107-70c8-4021-8459-6399f24d01c6,cbf30902-517f-40dc-af90-a550bac27cf1,5c601d96-e4c7-4698-991b-7ee674b11079
2026-7-12 18:44:04-debug: Init bundle root assets success..., progress: 0%
2026-7-12 18:44:04-debug:   Number of other assets: 1875
2026-7-12 18:44:04-debug:   Number of all scenes: 3
2026-7-12 18:44:04-debug: // ---- build task Query asset bundle ---- (35ms)
2026-7-12 18:44:04-log: run build task Query asset bundle success in 35 ms√, progress: 5%
2026-7-12 18:44:04-debug: // ---- build task Query asset bundle ----
2026-7-12 18:44:04-debug: [Build Memory track]: Query asset bundle start:224.94MB, end 226.36MB, increase: 1.42MB
2026-7-12 18:44:04-debug: Query asset bundle start, progress: 5%
2026-7-12 18:44:04-debug: // ---- build task Query asset bundle ---- (3ms)
2026-7-12 18:44:04-log: run build task Query asset bundle success in 3 ms√, progress: 10%
2026-7-12 18:44:04-debug: [Build Memory track]: Query asset bundle start:226.40MB, end 226.85MB, increase: 458.21KB
2026-7-12 18:44:04-debug: // ---- build task Sort some build options to settings.json ----
2026-7-12 18:44:04-debug: Sort some build options to settings.json start, progress: 10%
2026-7-12 18:44:04-debug: // ---- build task Sort some build options to settings.json ---- (1ms)
2026-7-12 18:44:04-log: run build task Sort some build options to settings.json success in 1 ms√, progress: 12%
2026-7-12 18:44:04-debug: [Build Memory track]: Sort some build options to settings.json start:226.89MB, end 226.92MB, increase: 34.67KB
2026-7-12 18:44:04-debug: Fill script data to settings start, progress: 12%
2026-7-12 18:44:04-debug: // ---- build task Fill script data to settings ----
2026-7-12 18:44:04-debug: // ---- build task Fill script data to settings ---- (1ms)
2026-7-12 18:44:04-log: run build task Fill script data to settings success in 1 ms√, progress: 13%
2026-7-12 18:44:04-debug: // ---- build task Sort some build options to settings.json ----
2026-7-12 18:44:04-debug: [Build Memory track]: Fill script data to settings start:226.97MB, end 227.01MB, increase: 45.03KB
2026-7-12 18:44:04-debug: Sort some build options to settings.json start, progress: 13%
2026-7-12 18:44:04-debug: // ---- build task Sort some build options to settings.json ---- (2ms)
2026-7-12 18:44:04-log: run build task Sort some build options to settings.json success in 2 ms√, progress: 15%
2026-7-12 18:44:04-debug: [Build Memory track]: Sort some build options to settings.json start:227.05MB, end 226.40MB, increase: -663.00KB
2026-7-12 18:44:28-debug: refresh db internal success
2026-7-12 18:44:28-debug: refresh db assets success
2026-7-12 18:44:28-debug: Run asset db hook engine-extends:afterRefresh success!
2026-7-12 18:44:28-debug: Run asset db hook engine-extends:afterRefresh ...
2026-7-12 18:44:28-debug: asset-db:refresh-all-database (154ms)
2026-7-12 18:44:28-debug: asset-db:worker-effect-data-processing (1ms)
2026-7-12 18:44:28-debug: asset-db-hook-engine-extends-afterRefresh (1ms)
2026-7-12 18:46:08-debug: refresh db internal success
2026-7-12 18:46:08-debug: %cImport%c: E:\game\回到地面\assets\scripts\core\PlayerDataManager.tsbackground: #aaff85; color: #000;color: #000;
2026-7-12 18:46:08-debug: refresh db assets success
2026-7-12 18:46:08-debug: Run asset db hook engine-extends:afterRefresh success!
2026-7-12 18:46:08-debug: Run asset db hook engine-extends:afterRefresh ...
2026-7-12 18:46:08-debug: asset-db:refresh-all-database (171ms)
2026-7-12 18:46:08-debug: asset-db:worker-effect-data-processing (42ms)
2026-7-12 18:46:08-debug: asset-db-hook-engine-extends-afterRefresh (42ms)
2026-7-12 18:46:34-debug: refresh db internal success
2026-7-12 18:46:34-debug: refresh db assets success
2026-7-12 18:46:34-debug: Run asset db hook engine-extends:afterRefresh ...
2026-7-12 18:46:34-debug: Run asset db hook engine-extends:afterRefresh success!
2026-7-12 18:46:34-debug: asset-db:refresh-all-database (119ms)
2026-7-12 18:46:34-debug: asset-db-hook-engine-extends-afterRefresh (1ms)
2026-7-12 18:46:34-debug: asset-db:worker-effect-data-processing (1ms)
2026-7-12 18:46:38-debug: Query all assets info in project
2026-7-12 18:46:38-debug: init custom config: keepNodeUuid: false, useCache: true
2026-7-12 18:46:38-debug: Skip compress image, progress: 0%
2026-7-12 18:46:38-debug: Init all bundles start..., progress: 0%
2026-7-12 18:46:38-debug: // ---- build task Query asset bundle ----
2026-7-12 18:46:38-debug: Init bundle root assets start..., progress: 0%
2026-7-12 18:46:38-debug: Num of bundles: 3..., progress: 0%
2026-7-12 18:46:38-debug: Query asset bundle start, progress: 0%
2026-7-12 18:46:38-debug:   Number of all scenes: 3
2026-7-12 18:46:38-debug:   Number of other assets: 1875
2026-7-12 18:46:38-debug: Query preload assets/scripts from cc.config.json: 60f7195c-ec2a-45eb-ba94-8955f60e81d0,1c02ae6f-4492-4915-b8f8-7492a3b1e4cd,810e96e4-e456-4468-9b59-f4e8f39732c0,efe8e2a3-eace-427b-b4f1-cb8a937ec77d,e9aa9a3e-5b2b-4ac7-a2c7-073de2b2b24f,8bbdbcdd-5cd4-4100-b6d5-b7c9625b6107,50f4348b-c883-4e2f-8f11-ce233b859fa1,fda095cb-831d-4601-ad94-846013963de8,f92806d7-1768-443f-afe8-12bcde84d0f0,dd3a144d-ab7f-41f0-82b8-2e43a090d496,f0416e68-0200-4b77-a926-4f9d16e494da,511d2633-09a7-4bdd-ac42-f778032124b3,5d45aa00-e064-4938-b314-4265f0c2258c,9361fd90-ba52-4f84-aa93-6e878fd576ca,970b0598-bcb0-4714-91fb-2e81440dccd8,bcd64cc6-2dd9-43f6-abbe-66318d332032,d930590d-bb92-4cc8-8bd1-23cd027f9edf,a3cd009f-0ab0-420d-9278-b9fdab939bbc,6a2d0734-bd9e-4ddf-946e-caa52498cb75,c27215d8-6835-4b68-bfbb-bdeac6100c04,b5d6115f-0370-4d7c-aad3-c194cc71cf98,d1346436-ac96-4271-b863-1f4fdead95b0,971bdb23-3ff6-43eb-b422-1c30165a3663,17debcc3-0a6b-4b8a-b00b-dc58b885581e,711ebe11-f673-4cd9-9a83-63c60ba54c5b,c0143906-9aed-447e-9436-2ae8512d1b6e,14da1725-c4c2-42b4-ab08-ee0aeb6898b3,081cab31-dccd-428e-8652-f2404cc81c47,78e0584a-4343-4727-8f37-e14e65c2a2db,ba21476f-2866-4f81-9c4d-6e359316e448,871c3b6c-7379-419d-bda3-794b239ab90d,1d08ef62-a503-4ce2-8b9a-46c90873f7d3,ff9b0199-ce04-4cfe-86cc-6c719f08d6e4,de1c2107-70c8-4021-8459-6399f24d01c6,cbf30902-517f-40dc-af90-a550bac27cf1,5c601d96-e4c7-4698-991b-7ee674b11079
2026-7-12 18:46:38-debug: Init bundle root assets success..., progress: 0%
2026-7-12 18:46:38-debug:   Number of all scripts: 217
2026-7-12 18:46:38-debug: // ---- build task Query asset bundle ---- (25ms)
2026-7-12 18:46:38-log: run build task Query asset bundle success in 25 ms√, progress: 5%
2026-7-12 18:46:38-debug: [Build Memory track]: Query asset bundle start:239.53MB, end 237.73MB, increase: -1839.11KB
2026-7-12 18:46:38-debug: Query asset bundle start, progress: 5%
2026-7-12 18:46:38-debug: // ---- build task Query asset bundle ----
2026-7-12 18:46:38-debug: // ---- build task Query asset bundle ---- (1ms)
2026-7-12 18:46:38-log: run build task Query asset bundle success in 1 ms√, progress: 10%
2026-7-12 18:46:38-debug: [Build Memory track]: Query asset bundle start:237.77MB, end 238.22MB, increase: 453.39KB
2026-7-12 18:46:38-debug: Sort some build options to settings.json start, progress: 10%
2026-7-12 18:46:38-debug: // ---- build task Sort some build options to settings.json ----
2026-7-12 18:46:38-debug: // ---- build task Sort some build options to settings.json ---- (1ms)
2026-7-12 18:46:38-log: run build task Sort some build options to settings.json success in 1 ms√, progress: 12%
2026-7-12 18:46:38-debug: [Build Memory track]: Sort some build options to settings.json start:238.26MB, end 238.29MB, increase: 33.97KB
2026-7-12 18:46:38-debug: Fill script data to settings start, progress: 12%
2026-7-12 18:46:38-debug: // ---- build task Fill script data to settings ----
2026-7-12 18:46:38-log: run build task Fill script data to settings success in √, progress: 13%
2026-7-12 18:46:38-debug: [Build Memory track]: Fill script data to settings start:238.33MB, end 238.36MB, increase: 24.84KB
2026-7-12 18:46:38-debug: // ---- build task Sort some build options to settings.json ----
2026-7-12 18:46:38-debug: Sort some build options to settings.json start, progress: 13%
2026-7-12 18:46:38-debug: [Build Memory track]: Sort some build options to settings.json start:238.40MB, end 238.53MB, increase: 140.02KB
2026-7-12 18:46:38-debug: // ---- build task Sort some build options to settings.json ---- (2ms)
2026-7-12 18:46:38-log: run build task Sort some build options to settings.json success in 2 ms√, progress: 15%
2026-7-12 18:47:07-debug: refresh db internal success
2026-7-12 18:47:07-debug: refresh db assets success
2026-7-12 18:47:07-debug: Run asset db hook engine-extends:afterRefresh ...
2026-7-12 18:47:07-debug: Run asset db hook engine-extends:afterRefresh success!
2026-7-12 18:47:07-debug: asset-db:refresh-all-database (133ms)
2026-7-12 18:47:07-debug: asset-db:worker-effect-data-processing (1ms)
2026-7-12 18:47:07-debug: asset-db-hook-engine-extends-afterRefresh (1ms)
2026-7-12 18:48:50-debug: refresh db internal success
2026-7-12 18:48:50-debug: refresh db assets success
2026-7-12 18:48:50-debug: Run asset db hook engine-extends:afterRefresh ...
2026-7-12 18:48:50-debug: Run asset db hook engine-extends:afterRefresh success!
2026-7-12 18:48:50-debug: asset-db:refresh-all-database (129ms)
2026-7-12 18:48:50-debug: asset-db:worker-effect-data-processing (1ms)
2026-7-12 18:48:50-debug: asset-db-hook-engine-extends-afterRefresh (2ms)
2026-7-12 18:50:52-debug: refresh db internal success
2026-7-12 18:50:52-debug: %cImport%c: E:\game\回到地面\assets\scripts\render\CharacterModelAssembler.tsbackground: #aaff85; color: #000;color: #000;
2026-7-12 18:50:52-debug: %cImport%c: E:\game\回到地面\assets\scripts\render\CharacterVisualService.tsbackground: #aaff85; color: #000;color: #000;
2026-7-12 18:50:52-debug: refresh db assets success
2026-7-12 18:50:52-debug: Run asset db hook engine-extends:afterRefresh success!
2026-7-12 18:50:52-debug: Run asset db hook engine-extends:afterRefresh ...
2026-7-12 18:50:52-debug: asset-db:refresh-all-database (180ms)
2026-7-12 18:50:52-debug: asset-db:worker-effect-data-processing (1ms)
2026-7-12 18:50:52-debug: asset-db-hook-engine-extends-afterRefresh (1ms)
2026-7-12 18:50:56-debug: refresh db internal success
2026-7-12 18:50:56-debug: refresh db assets success
2026-7-12 18:50:56-debug: Run asset db hook engine-extends:afterRefresh ...
2026-7-12 18:50:56-debug: Run asset db hook engine-extends:afterRefresh success!
2026-7-12 18:50:56-debug: asset-db:refresh-all-database (119ms)
2026-7-12 18:51:11-debug: refresh db internal success
2026-7-12 18:51:11-debug: refresh db assets success
2026-7-12 18:51:11-debug: Run asset db hook engine-extends:afterRefresh ...
2026-7-12 18:51:11-debug: Run asset db hook engine-extends:afterRefresh success!
2026-7-12 18:51:11-debug: asset-db:refresh-all-database (113ms)
2026-7-12 18:51:11-debug: asset-db-hook-engine-extends-afterRefresh (1ms)
2026-7-12 18:51:14-debug: Query all assets info in project
2026-7-12 18:51:14-debug: init custom config: keepNodeUuid: false, useCache: true
2026-7-12 18:51:14-debug: Skip compress image, progress: 0%
2026-7-12 18:51:14-debug: Init all bundles start..., progress: 0%
2026-7-12 18:51:14-debug: Num of bundles: 3..., progress: 0%
2026-7-12 18:51:14-debug: // ---- build task Query asset bundle ----
2026-7-12 18:51:14-debug: Query asset bundle start, progress: 0%
2026-7-12 18:51:14-debug: Init bundle root assets start..., progress: 0%
2026-7-12 18:51:14-debug: Query preload assets/scripts from cc.config.json: 60f7195c-ec2a-45eb-ba94-8955f60e81d0,1c02ae6f-4492-4915-b8f8-7492a3b1e4cd,810e96e4-e456-4468-9b59-f4e8f39732c0,efe8e2a3-eace-427b-b4f1-cb8a937ec77d,e9aa9a3e-5b2b-4ac7-a2c7-073de2b2b24f,8bbdbcdd-5cd4-4100-b6d5-b7c9625b6107,50f4348b-c883-4e2f-8f11-ce233b859fa1,fda095cb-831d-4601-ad94-846013963de8,f92806d7-1768-443f-afe8-12bcde84d0f0,dd3a144d-ab7f-41f0-82b8-2e43a090d496,f0416e68-0200-4b77-a926-4f9d16e494da,511d2633-09a7-4bdd-ac42-f778032124b3,5d45aa00-e064-4938-b314-4265f0c2258c,9361fd90-ba52-4f84-aa93-6e878fd576ca,970b0598-bcb0-4714-91fb-2e81440dccd8,bcd64cc6-2dd9-43f6-abbe-66318d332032,d930590d-bb92-4cc8-8bd1-23cd027f9edf,a3cd009f-0ab0-420d-9278-b9fdab939bbc,6a2d0734-bd9e-4ddf-946e-caa52498cb75,c27215d8-6835-4b68-bfbb-bdeac6100c04,b5d6115f-0370-4d7c-aad3-c194cc71cf98,d1346436-ac96-4271-b863-1f4fdead95b0,971bdb23-3ff6-43eb-b422-1c30165a3663,17debcc3-0a6b-4b8a-b00b-dc58b885581e,711ebe11-f673-4cd9-9a83-63c60ba54c5b,c0143906-9aed-447e-9436-2ae8512d1b6e,14da1725-c4c2-42b4-ab08-ee0aeb6898b3,081cab31-dccd-428e-8652-f2404cc81c47,78e0584a-4343-4727-8f37-e14e65c2a2db,ba21476f-2866-4f81-9c4d-6e359316e448,871c3b6c-7379-419d-bda3-794b239ab90d,1d08ef62-a503-4ce2-8b9a-46c90873f7d3,ff9b0199-ce04-4cfe-86cc-6c719f08d6e4,de1c2107-70c8-4021-8459-6399f24d01c6,cbf30902-517f-40dc-af90-a550bac27cf1,5c601d96-e4c7-4698-991b-7ee674b11079
2026-7-12 18:51:14-debug:   Number of other assets: 1875
2026-7-12 18:51:14-debug: Init bundle root assets success..., progress: 0%
2026-7-12 18:51:14-debug:   Number of all scripts: 217
2026-7-12 18:51:14-debug:   Number of all scenes: 3
2026-7-12 18:51:14-debug: // ---- build task Query asset bundle ---- (29ms)
2026-7-12 18:51:14-log: run build task Query asset bundle success in 29 ms√, progress: 5%
2026-7-12 18:51:14-debug: [Build Memory track]: Query asset bundle start:230.73MB, end 230.30MB, increase: -439.21KB
2026-7-12 18:51:14-debug: Query asset bundle start, progress: 5%
2026-7-12 18:51:14-debug: // ---- build task Query asset bundle ----
2026-7-12 18:51:14-debug: // ---- build task Query asset bundle ---- (1ms)
2026-7-12 18:51:14-log: run build task Query asset bundle success in 1 ms√, progress: 10%
2026-7-12 18:51:14-debug: [Build Memory track]: Query asset bundle start:230.34MB, end 230.79MB, increase: 454.54KB
2026-7-12 18:51:14-debug: // ---- build task Sort some build options to settings.json ----
2026-7-12 18:51:14-debug: Sort some build options to settings.json start, progress: 10%
2026-7-12 18:51:14-log: run build task Sort some build options to settings.json success in √, progress: 12%
2026-7-12 18:51:14-debug: Fill script data to settings start, progress: 12%
2026-7-12 18:51:14-debug: [Build Memory track]: Sort some build options to settings.json start:230.82MB, end 230.85MB, increase: 26.34KB
2026-7-12 18:51:14-debug: // ---- build task Fill script data to settings ----
2026-7-12 18:51:14-log: run build task Fill script data to settings success in √, progress: 13%
2026-7-12 18:51:14-debug: [Build Memory track]: Fill script data to settings start:230.90MB, end 230.92MB, increase: 19.71KB
2026-7-12 18:51:14-debug: // ---- build task Sort some build options to settings.json ----
2026-7-12 18:51:14-debug: Sort some build options to settings.json start, progress: 13%
2026-7-12 18:51:14-log: run build task Sort some build options to settings.json success in 1 ms√, progress: 15%
2026-7-12 18:51:14-debug: [Build Memory track]: Sort some build options to settings.json start:230.96MB, end 231.10MB, increase: 137.16KB
2026-7-12 18:51:14-debug: // ---- build task Sort some build options to settings.json ---- (1ms)
2026-7-12 18:51:24-debug: refresh db internal success
2026-7-12 18:51:24-debug: refresh db assets success
2026-7-12 18:51:24-debug: Run asset db hook engine-extends:afterRefresh ...
2026-7-12 18:51:24-debug: Run asset db hook engine-extends:afterRefresh success!
2026-7-12 18:51:24-debug: asset-db:refresh-all-database (112ms)
2026-7-12 18:51:24-debug: asset-db:worker-effect-data-processing (1ms)
2026-7-12 18:51:24-debug: asset-db-hook-engine-extends-afterRefresh (1ms)
2026-7-12 18:51:43-debug: refresh db internal success
2026-7-12 18:51:43-debug: refresh db assets success
2026-7-12 18:51:43-debug: Run asset db hook engine-extends:afterRefresh ...
2026-7-12 18:51:43-debug: Run asset db hook engine-extends:afterRefresh success!
2026-7-12 18:51:43-debug: asset-db:refresh-all-database (120ms)
2026-7-12 18:51:43-debug: asset-db:worker-effect-data-processing (1ms)
2026-7-12 18:51:43-debug: asset-db-hook-engine-extends-afterRefresh (1ms)
2026-7-12 18:51:58-debug: refresh db internal success
2026-7-12 18:51:58-debug: refresh db assets success
2026-7-12 18:51:58-debug: Run asset db hook engine-extends:afterRefresh success!
2026-7-12 18:51:58-debug: Run asset db hook engine-extends:afterRefresh ...
2026-7-12 18:51:58-debug: asset-db:refresh-all-database (123ms)
2026-7-12 18:51:58-debug: asset-db:worker-effect-data-processing (2ms)
2026-7-12 18:51:58-debug: asset-db-hook-engine-extends-afterRefresh (3ms)
2026-7-12 18:56:37-debug: refresh db internal success
2026-7-12 18:56:37-debug: %cImport%c: E:\game\回到地面\assets\scripts\render\CharacterModelAssembler.tsbackground: #aaff85; color: #000;color: #000;
2026-7-12 18:56:37-debug: refresh db assets success
2026-7-12 18:56:37-debug: Run asset db hook engine-extends:afterRefresh ...
2026-7-12 18:56:37-debug: Run asset db hook engine-extends:afterRefresh success!
2026-7-12 18:56:37-debug: asset-db:refresh-all-database (131ms)
2026-7-12 18:56:37-debug: asset-db:worker-effect-data-processing (14ms)
2026-7-12 18:56:37-debug: asset-db-hook-engine-extends-afterRefresh (14ms)
2026-7-12 18:56:40-debug: Query all assets info in project
2026-7-12 18:56:40-debug: init custom config: keepNodeUuid: false, useCache: true
2026-7-12 18:56:40-debug: Skip compress image, progress: 0%
2026-7-12 18:56:40-debug: Init all bundles start..., progress: 0%
2026-7-12 18:56:40-debug: // ---- build task Query asset bundle ----
2026-7-12 18:56:40-debug: Init bundle root assets start..., progress: 0%
2026-7-12 18:56:40-debug: Num of bundles: 3..., progress: 0%
2026-7-12 18:56:40-debug: Query asset bundle start, progress: 0%
2026-7-12 18:56:40-debug: Query preload assets/scripts from cc.config.json: 60f7195c-ec2a-45eb-ba94-8955f60e81d0,1c02ae6f-4492-4915-b8f8-7492a3b1e4cd,810e96e4-e456-4468-9b59-f4e8f39732c0,efe8e2a3-eace-427b-b4f1-cb8a937ec77d,e9aa9a3e-5b2b-4ac7-a2c7-073de2b2b24f,8bbdbcdd-5cd4-4100-b6d5-b7c9625b6107,50f4348b-c883-4e2f-8f11-ce233b859fa1,fda095cb-831d-4601-ad94-846013963de8,f92806d7-1768-443f-afe8-12bcde84d0f0,dd3a144d-ab7f-41f0-82b8-2e43a090d496,f0416e68-0200-4b77-a926-4f9d16e494da,511d2633-09a7-4bdd-ac42-f778032124b3,5d45aa00-e064-4938-b314-4265f0c2258c,9361fd90-ba52-4f84-aa93-6e878fd576ca,970b0598-bcb0-4714-91fb-2e81440dccd8,bcd64cc6-2dd9-43f6-abbe-66318d332032,d930590d-bb92-4cc8-8bd1-23cd027f9edf,a3cd009f-0ab0-420d-9278-b9fdab939bbc,6a2d0734-bd9e-4ddf-946e-caa52498cb75,c27215d8-6835-4b68-bfbb-bdeac6100c04,b5d6115f-0370-4d7c-aad3-c194cc71cf98,d1346436-ac96-4271-b863-1f4fdead95b0,971bdb23-3ff6-43eb-b422-1c30165a3663,17debcc3-0a6b-4b8a-b00b-dc58b885581e,711ebe11-f673-4cd9-9a83-63c60ba54c5b,c0143906-9aed-447e-9436-2ae8512d1b6e,14da1725-c4c2-42b4-ab08-ee0aeb6898b3,081cab31-dccd-428e-8652-f2404cc81c47,78e0584a-4343-4727-8f37-e14e65c2a2db,ba21476f-2866-4f81-9c4d-6e359316e448,871c3b6c-7379-419d-bda3-794b239ab90d,1d08ef62-a503-4ce2-8b9a-46c90873f7d3,ff9b0199-ce04-4cfe-86cc-6c719f08d6e4,de1c2107-70c8-4021-8459-6399f24d01c6,cbf30902-517f-40dc-af90-a550bac27cf1,5c601d96-e4c7-4698-991b-7ee674b11079
2026-7-12 18:56:40-debug:   Number of all scenes: 3
2026-7-12 18:56:40-debug:   Number of other assets: 1875
2026-7-12 18:56:40-debug:   Number of all scripts: 217
2026-7-12 18:56:40-debug: Init bundle root assets success..., progress: 0%
2026-7-12 18:56:40-debug: // ---- build task Query asset bundle ---- (24ms)
2026-7-12 18:56:40-debug: Query asset bundle start, progress: 5%
2026-7-12 18:56:40-debug: [Build Memory track]: Query asset bundle start:243.40MB, end 241.18MB, increase: -2279.60KB
2026-7-12 18:56:40-log: run build task Query asset bundle success in 24 ms√, progress: 5%
2026-7-12 18:56:40-debug: // ---- build task Query asset bundle ----
2026-7-12 18:56:40-debug: // ---- build task Query asset bundle ---- (3ms)
2026-7-12 18:56:40-log: run build task Query asset bundle success in 3 ms√, progress: 10%
2026-7-12 18:56:40-debug: [Build Memory track]: Query asset bundle start:241.22MB, end 241.71MB, increase: 508.85KB
2026-7-12 18:56:40-debug: // ---- build task Sort some build options to settings.json ----
2026-7-12 18:56:40-debug: Sort some build options to settings.json start, progress: 10%
2026-7-12 18:56:40-debug: // ---- build task Sort some build options to settings.json ---- (1ms)
2026-7-12 18:56:40-log: run build task Sort some build options to settings.json success in 1 ms√, progress: 12%
2026-7-12 18:56:40-debug: [Build Memory track]: Sort some build options to settings.json start:241.75MB, end 241.79MB, increase: 39.67KB
2026-7-12 18:56:40-debug: Fill script data to settings start, progress: 12%
2026-7-12 18:56:40-debug: // ---- build task Fill script data to settings ----
2026-7-12 18:56:40-log: run build task Fill script data to settings success in √, progress: 13%
2026-7-12 18:56:40-debug: [Build Memory track]: Fill script data to settings start:241.83MB, end 241.85MB, increase: 20.36KB
2026-7-12 18:56:40-debug: Sort some build options to settings.json start, progress: 13%
2026-7-12 18:56:40-debug: // ---- build task Sort some build options to settings.json ----
2026-7-12 18:56:40-debug: // ---- build task Sort some build options to settings.json ---- (2ms)
2026-7-12 18:56:40-log: run build task Sort some build options to settings.json success in 2 ms√, progress: 15%
2026-7-12 18:56:40-debug: [Build Memory track]: Sort some build options to settings.json start:241.89MB, end 242.02MB, increase: 132.66KB
2026-7-12 18:57:29-debug: refresh db internal success
2026-7-12 18:57:29-debug: refresh db assets success
2026-7-12 18:57:29-debug: Run asset db hook engine-extends:afterRefresh ...
2026-7-12 18:57:29-debug: Run asset db hook engine-extends:afterRefresh success!
2026-7-12 18:57:29-debug: asset-db:refresh-all-database (114ms)
2026-7-12 18:57:29-debug: asset-db:worker-effect-data-processing (1ms)
2026-7-12 18:57:29-debug: asset-db-hook-engine-extends-afterRefresh (1ms)
2026-7-12 18:57:34-debug: refresh db internal success
2026-7-12 18:57:34-debug: Run asset db hook engine-extends:afterRefresh ...
2026-7-12 18:57:34-debug: Run asset db hook engine-extends:afterRefresh success!
2026-7-12 18:57:34-debug: refresh db assets success
2026-7-12 18:57:34-debug: asset-db:refresh-all-database (139ms)
2026-7-12 18:57:34-debug: asset-db:worker-effect-data-processing (1ms)
2026-7-12 18:57:34-debug: asset-db-hook-engine-extends-afterRefresh (2ms)
2026-7-12 19:00:43-debug: refresh db internal success
2026-7-12 19:00:43-debug: %cImport%c: E:\game\回到地面\assets\scripts\render\CharacterModelAssembler.tsbackground: #aaff85; color: #000;color: #000;
2026-7-12 19:00:43-debug: refresh db assets success
2026-7-12 19:00:43-debug: Run asset db hook engine-extends:afterRefresh ...
2026-7-12 19:00:43-debug: Run asset db hook engine-extends:afterRefresh success!
2026-7-12 19:00:43-debug: asset-db:refresh-all-database (132ms)
2026-7-12 19:00:43-debug: asset-db:worker-effect-data-processing (5ms)
2026-7-12 19:00:43-debug: asset-db-hook-engine-extends-afterRefresh (5ms)
2026-7-12 19:00:48-debug: Query all assets info in project
2026-7-12 19:00:48-debug: init custom config: keepNodeUuid: false, useCache: true
2026-7-12 19:00:48-debug: Skip compress image, progress: 0%
2026-7-12 19:00:48-debug: Init all bundles start..., progress: 0%
2026-7-12 19:00:48-debug: // ---- build task Query asset bundle ----
2026-7-12 19:00:48-debug: Init bundle root assets start..., progress: 0%
2026-7-12 19:00:48-debug: Num of bundles: 3..., progress: 0%
2026-7-12 19:00:48-debug: Query asset bundle start, progress: 0%
2026-7-12 19:00:48-debug: Query preload assets/scripts from cc.config.json: 60f7195c-ec2a-45eb-ba94-8955f60e81d0,1c02ae6f-4492-4915-b8f8-7492a3b1e4cd,810e96e4-e456-4468-9b59-f4e8f39732c0,efe8e2a3-eace-427b-b4f1-cb8a937ec77d,e9aa9a3e-5b2b-4ac7-a2c7-073de2b2b24f,8bbdbcdd-5cd4-4100-b6d5-b7c9625b6107,50f4348b-c883-4e2f-8f11-ce233b859fa1,fda095cb-831d-4601-ad94-846013963de8,f92806d7-1768-443f-afe8-12bcde84d0f0,dd3a144d-ab7f-41f0-82b8-2e43a090d496,f0416e68-0200-4b77-a926-4f9d16e494da,511d2633-09a7-4bdd-ac42-f778032124b3,5d45aa00-e064-4938-b314-4265f0c2258c,9361fd90-ba52-4f84-aa93-6e878fd576ca,970b0598-bcb0-4714-91fb-2e81440dccd8,bcd64cc6-2dd9-43f6-abbe-66318d332032,d930590d-bb92-4cc8-8bd1-23cd027f9edf,a3cd009f-0ab0-420d-9278-b9fdab939bbc,6a2d0734-bd9e-4ddf-946e-caa52498cb75,c27215d8-6835-4b68-bfbb-bdeac6100c04,b5d6115f-0370-4d7c-aad3-c194cc71cf98,d1346436-ac96-4271-b863-1f4fdead95b0,971bdb23-3ff6-43eb-b422-1c30165a3663,17debcc3-0a6b-4b8a-b00b-dc58b885581e,711ebe11-f673-4cd9-9a83-63c60ba54c5b,c0143906-9aed-447e-9436-2ae8512d1b6e,14da1725-c4c2-42b4-ab08-ee0aeb6898b3,081cab31-dccd-428e-8652-f2404cc81c47,78e0584a-4343-4727-8f37-e14e65c2a2db,ba21476f-2866-4f81-9c4d-6e359316e448,871c3b6c-7379-419d-bda3-794b239ab90d,1d08ef62-a503-4ce2-8b9a-46c90873f7d3,ff9b0199-ce04-4cfe-86cc-6c719f08d6e4,de1c2107-70c8-4021-8459-6399f24d01c6,cbf30902-517f-40dc-af90-a550bac27cf1,5c601d96-e4c7-4698-991b-7ee674b11079
2026-7-12 19:00:48-debug:   Number of other assets: 1875
2026-7-12 19:00:48-debug: Init bundle root assets success..., progress: 0%
2026-7-12 19:00:48-debug:   Number of all scripts: 217
2026-7-12 19:00:48-debug:   Number of all scenes: 3
2026-7-12 19:00:48-debug: // ---- build task Query asset bundle ---- (23ms)
2026-7-12 19:00:48-debug: Query asset bundle start, progress: 5%
2026-7-12 19:00:48-debug: [Build Memory track]: Query asset bundle start:230.37MB, end 232.74MB, increase: 2.37MB
2026-7-12 19:00:48-debug: // ---- build task Query asset bundle ----
2026-7-12 19:00:48-log: run build task Query asset bundle success in 23 ms√, progress: 5%
2026-7-12 19:00:48-debug: // ---- build task Query asset bundle ---- (2ms)
2026-7-12 19:00:48-debug: [Build Memory track]: Query asset bundle start:232.77MB, end 230.25MB, increase: -2579.88KB
2026-7-12 19:00:48-debug: Sort some build options to settings.json start, progress: 10%
2026-7-12 19:00:48-debug: // ---- build task Sort some build options to settings.json ----
2026-7-12 19:00:48-log: run build task Query asset bundle success in 2 ms√, progress: 10%
2026-7-12 19:00:48-debug: // ---- build task Sort some build options to settings.json ---- (1ms)
2026-7-12 19:00:48-debug: [Build Memory track]: Sort some build options to settings.json start:230.28MB, end 230.31MB, increase: 28.21KB
2026-7-12 19:00:48-log: run build task Sort some build options to settings.json success in 1 ms√, progress: 12%
2026-7-12 19:00:48-debug: // ---- build task Fill script data to settings ----
2026-7-12 19:00:48-debug: Fill script data to settings start, progress: 12%
2026-7-12 19:00:48-debug: // ---- build task Fill script data to settings ---- (1ms)
2026-7-12 19:00:48-log: run build task Fill script data to settings success in 1 ms√, progress: 13%
2026-7-12 19:00:48-debug: [Build Memory track]: Fill script data to settings start:230.34MB, end 230.37MB, increase: 27.45KB
2026-7-12 19:00:48-debug: // ---- build task Sort some build options to settings.json ----
2026-7-12 19:00:48-debug: Sort some build options to settings.json start, progress: 13%
2026-7-12 19:00:48-debug: // ---- build task Sort some build options to settings.json ---- (2ms)
2026-7-12 19:00:48-debug: [Build Memory track]: Sort some build options to settings.json start:230.40MB, end 230.54MB, increase: 139.46KB
2026-7-12 19:00:48-log: run build task Sort some build options to settings.json success in 2 ms√, progress: 15%
2026-7-12 19:01:14-debug: refresh db internal success
2026-7-12 19:01:14-debug: refresh db assets success
2026-7-12 19:01:14-debug: Run asset db hook engine-extends:afterRefresh ...
2026-7-12 19:01:14-debug: Run asset db hook engine-extends:afterRefresh success!
2026-7-12 19:01:14-debug: asset-db:refresh-all-database (120ms)
2026-7-12 19:01:14-debug: asset-db:worker-effect-data-processing (1ms)
2026-7-12 19:01:14-debug: asset-db-hook-engine-extends-afterRefresh (1ms)
2026-7-12 19:01:54-debug: refresh db internal success
2026-7-12 19:01:54-debug: refresh db assets success
2026-7-12 19:01:54-debug: Run asset db hook engine-extends:afterRefresh ...
2026-7-12 19:01:54-debug: Run asset db hook engine-extends:afterRefresh success!
2026-7-12 19:01:54-debug: asset-db:refresh-all-database (116ms)
2026-7-12 19:01:54-debug: asset-db:worker-effect-data-processing (1ms)
2026-7-12 19:01:54-debug: asset-db-hook-engine-extends-afterRefresh (1ms)
2026-7-12 19:03:10-debug: refresh db internal success
2026-7-12 19:03:10-debug: refresh db assets success
2026-7-12 19:03:10-debug: Run asset db hook engine-extends:afterRefresh ...
2026-7-12 19:03:10-debug: Run asset db hook engine-extends:afterRefresh success!
2026-7-12 19:03:10-debug: asset-db:refresh-all-database (123ms)
2026-7-12 19:03:10-debug: asset-db:worker-effect-data-processing (1ms)
2026-7-12 19:03:10-debug: asset-db-hook-engine-extends-afterRefresh (1ms)
2026-7-12 19:06:30-debug: refresh db internal success
2026-7-12 19:06:30-debug: %cImport%c: E:\game\回到地面\assets\scripts\render\CharacterModelAssembler.tsbackground: #aaff85; color: #000;color: #000;
2026-7-12 19:06:30-debug: %cImport%c: E:\game\回到地面\assets\scripts\render\WeaponAttachService.tsbackground: #aaff85; color: #000;color: #000;
2026-7-12 19:06:30-debug: refresh db assets success
2026-7-12 19:06:30-debug: Run asset db hook engine-extends:afterRefresh ...
2026-7-12 19:06:30-debug: Run asset db hook engine-extends:afterRefresh success!
2026-7-12 19:06:30-debug: asset-db:refresh-all-database (301ms)
2026-7-12 19:06:30-debug: asset-db:worker-effect-data-processing (177ms)
2026-7-12 19:06:30-debug: asset-db-hook-engine-extends-afterRefresh (178ms)
2026-7-12 19:06:38-debug: Query all assets info in project
2026-7-12 19:06:38-debug: init custom config: keepNodeUuid: false, useCache: true
2026-7-12 19:06:38-debug: Skip compress image, progress: 0%
2026-7-12 19:06:38-debug: Init all bundles start..., progress: 0%
2026-7-12 19:06:38-debug: // ---- build task Query asset bundle ----
2026-7-12 19:06:38-debug: Init bundle root assets start..., progress: 0%
2026-7-12 19:06:38-debug: Num of bundles: 3..., progress: 0%
2026-7-12 19:06:38-debug: Query asset bundle start, progress: 0%
2026-7-12 19:06:38-debug:   Number of all scripts: 217
2026-7-12 19:06:38-debug:   Number of other assets: 1875
2026-7-12 19:06:38-debug: Init bundle root assets success..., progress: 0%
2026-7-12 19:06:38-debug: Query preload assets/scripts from cc.config.json: 60f7195c-ec2a-45eb-ba94-8955f60e81d0,1c02ae6f-4492-4915-b8f8-7492a3b1e4cd,810e96e4-e456-4468-9b59-f4e8f39732c0,efe8e2a3-eace-427b-b4f1-cb8a937ec77d,e9aa9a3e-5b2b-4ac7-a2c7-073de2b2b24f,8bbdbcdd-5cd4-4100-b6d5-b7c9625b6107,50f4348b-c883-4e2f-8f11-ce233b859fa1,fda095cb-831d-4601-ad94-846013963de8,f92806d7-1768-443f-afe8-12bcde84d0f0,dd3a144d-ab7f-41f0-82b8-2e43a090d496,f0416e68-0200-4b77-a926-4f9d16e494da,511d2633-09a7-4bdd-ac42-f778032124b3,5d45aa00-e064-4938-b314-4265f0c2258c,9361fd90-ba52-4f84-aa93-6e878fd576ca,970b0598-bcb0-4714-91fb-2e81440dccd8,bcd64cc6-2dd9-43f6-abbe-66318d332032,d930590d-bb92-4cc8-8bd1-23cd027f9edf,a3cd009f-0ab0-420d-9278-b9fdab939bbc,6a2d0734-bd9e-4ddf-946e-caa52498cb75,c27215d8-6835-4b68-bfbb-bdeac6100c04,b5d6115f-0370-4d7c-aad3-c194cc71cf98,d1346436-ac96-4271-b863-1f4fdead95b0,971bdb23-3ff6-43eb-b422-1c30165a3663,17debcc3-0a6b-4b8a-b00b-dc58b885581e,711ebe11-f673-4cd9-9a83-63c60ba54c5b,c0143906-9aed-447e-9436-2ae8512d1b6e,14da1725-c4c2-42b4-ab08-ee0aeb6898b3,081cab31-dccd-428e-8652-f2404cc81c47,78e0584a-4343-4727-8f37-e14e65c2a2db,ba21476f-2866-4f81-9c4d-6e359316e448,871c3b6c-7379-419d-bda3-794b239ab90d,1d08ef62-a503-4ce2-8b9a-46c90873f7d3,ff9b0199-ce04-4cfe-86cc-6c719f08d6e4,de1c2107-70c8-4021-8459-6399f24d01c6,cbf30902-517f-40dc-af90-a550bac27cf1,5c601d96-e4c7-4698-991b-7ee674b11079
2026-7-12 19:06:38-debug:   Number of all scenes: 3
2026-7-12 19:06:38-debug: // ---- build task Query asset bundle ---- (26ms)
2026-7-12 19:06:38-log: run build task Query asset bundle success in 26 ms√, progress: 5%
2026-7-12 19:06:38-debug: Query asset bundle start, progress: 5%
2026-7-12 19:06:38-debug: [Build Memory track]: Query asset bundle start:245.96MB, end 242.20MB, increase: -3859.33KB
2026-7-12 19:06:38-debug: // ---- build task Query asset bundle ----
2026-7-12 19:06:38-debug: // ---- build task Query asset bundle ---- (2ms)
2026-7-12 19:06:38-log: run build task Query asset bundle success in 2 ms√, progress: 10%
2026-7-12 19:06:38-debug: [Build Memory track]: Query asset bundle start:242.22MB, end 242.66MB, increase: 448.19KB
2026-7-12 19:06:38-debug: Sort some build options to settings.json start, progress: 10%
2026-7-12 19:06:38-debug: // ---- build task Sort some build options to settings.json ----
2026-7-12 19:06:38-log: run build task Sort some build options to settings.json success in √, progress: 12%
2026-7-12 19:06:38-debug: [Build Memory track]: Sort some build options to settings.json start:242.69MB, end 242.71MB, increase: 17.46KB
2026-7-12 19:06:38-debug: // ---- build task Fill script data to settings ----
2026-7-12 19:06:38-debug: Fill script data to settings start, progress: 12%
2026-7-12 19:06:38-debug: // ---- build task Fill script data to settings ---- (1ms)
2026-7-12 19:06:38-debug: [Build Memory track]: Fill script data to settings start:242.74MB, end 242.77MB, increase: 31.23KB
2026-7-12 19:06:38-debug: // ---- build task Sort some build options to settings.json ----
2026-7-12 19:06:38-log: run build task Fill script data to settings success in 1 ms√, progress: 13%
2026-7-12 19:06:38-debug: Sort some build options to settings.json start, progress: 13%
2026-7-12 19:06:38-debug: // ---- build task Sort some build options to settings.json ---- (2ms)
2026-7-12 19:06:38-log: run build task Sort some build options to settings.json success in 2 ms√, progress: 15%
2026-7-12 19:06:38-debug: [Build Memory track]: Sort some build options to settings.json start:242.80MB, end 242.92MB, increase: 126.54KB
2026-7-12 19:06:51-debug: refresh db internal success
2026-7-12 19:06:51-debug: refresh db assets success
2026-7-12 19:06:51-debug: Run asset db hook engine-extends:afterRefresh ...
2026-7-12 19:06:51-debug: Run asset db hook engine-extends:afterRefresh success!
2026-7-12 19:06:51-debug: asset-db:refresh-all-database (115ms)
2026-7-12 19:08:48-debug: refresh db internal success
2026-7-12 19:08:48-debug: %cImport%c: E:\game\回到地面\assets\scripts\render\CharacterModelAssembler.tsbackground: #aaff85; color: #000;color: #000;
2026-7-12 19:08:48-debug: %cImport%c: E:\game\回到地面\assets\scripts\render\WeaponAttachService.tsbackground: #aaff85; color: #000;color: #000;
2026-7-12 19:08:48-debug: refresh db assets success
2026-7-12 19:08:48-debug: Run asset db hook engine-extends:afterRefresh ...
2026-7-12 19:08:48-debug: Run asset db hook engine-extends:afterRefresh success!
2026-7-12 19:08:48-debug: asset-db:refresh-all-database (160ms)
2026-7-12 19:08:48-debug: asset-db:worker-effect-data-processing (3ms)
2026-7-12 19:08:48-debug: asset-db-hook-engine-extends-afterRefresh (3ms)
2026-7-12 19:08:50-debug: Query all assets info in project
2026-7-12 19:08:50-debug: init custom config: keepNodeUuid: false, useCache: true
2026-7-12 19:08:50-debug: Skip compress image, progress: 0%
2026-7-12 19:08:50-debug: Init all bundles start..., progress: 0%
2026-7-12 19:08:50-debug: Query asset bundle start, progress: 0%
2026-7-12 19:08:50-debug: // ---- build task Query asset bundle ----
2026-7-12 19:08:50-debug: Init bundle root assets start..., progress: 0%
2026-7-12 19:08:50-debug: Num of bundles: 3..., progress: 0%
2026-7-12 19:08:50-debug: Query preload assets/scripts from cc.config.json: 60f7195c-ec2a-45eb-ba94-8955f60e81d0,1c02ae6f-4492-4915-b8f8-7492a3b1e4cd,810e96e4-e456-4468-9b59-f4e8f39732c0,efe8e2a3-eace-427b-b4f1-cb8a937ec77d,e9aa9a3e-5b2b-4ac7-a2c7-073de2b2b24f,8bbdbcdd-5cd4-4100-b6d5-b7c9625b6107,50f4348b-c883-4e2f-8f11-ce233b859fa1,fda095cb-831d-4601-ad94-846013963de8,f92806d7-1768-443f-afe8-12bcde84d0f0,dd3a144d-ab7f-41f0-82b8-2e43a090d496,f0416e68-0200-4b77-a926-4f9d16e494da,511d2633-09a7-4bdd-ac42-f778032124b3,5d45aa00-e064-4938-b314-4265f0c2258c,9361fd90-ba52-4f84-aa93-6e878fd576ca,970b0598-bcb0-4714-91fb-2e81440dccd8,bcd64cc6-2dd9-43f6-abbe-66318d332032,d930590d-bb92-4cc8-8bd1-23cd027f9edf,a3cd009f-0ab0-420d-9278-b9fdab939bbc,6a2d0734-bd9e-4ddf-946e-caa52498cb75,c27215d8-6835-4b68-bfbb-bdeac6100c04,b5d6115f-0370-4d7c-aad3-c194cc71cf98,d1346436-ac96-4271-b863-1f4fdead95b0,971bdb23-3ff6-43eb-b422-1c30165a3663,17debcc3-0a6b-4b8a-b00b-dc58b885581e,711ebe11-f673-4cd9-9a83-63c60ba54c5b,c0143906-9aed-447e-9436-2ae8512d1b6e,14da1725-c4c2-42b4-ab08-ee0aeb6898b3,081cab31-dccd-428e-8652-f2404cc81c47,78e0584a-4343-4727-8f37-e14e65c2a2db,ba21476f-2866-4f81-9c4d-6e359316e448,871c3b6c-7379-419d-bda3-794b239ab90d,1d08ef62-a503-4ce2-8b9a-46c90873f7d3,ff9b0199-ce04-4cfe-86cc-6c719f08d6e4,de1c2107-70c8-4021-8459-6399f24d01c6,cbf30902-517f-40dc-af90-a550bac27cf1,5c601d96-e4c7-4698-991b-7ee674b11079
2026-7-12 19:08:50-debug:   Number of all scripts: 217
2026-7-12 19:08:50-debug:   Number of other assets: 1875
2026-7-12 19:08:50-debug: Init bundle root assets success..., progress: 0%
2026-7-12 19:08:50-debug:   Number of all scenes: 3
2026-7-12 19:08:50-debug: // ---- build task Query asset bundle ---- (24ms)
2026-7-12 19:08:50-log: run build task Query asset bundle success in 24 ms√, progress: 5%
2026-7-12 19:08:50-debug: [Build Memory track]: Query asset bundle start:228.84MB, end 231.23MB, increase: 2.38MB
2026-7-12 19:08:50-debug: Query asset bundle start, progress: 5%
2026-7-12 19:08:50-debug: // ---- build task Query asset bundle ----
2026-7-12 19:08:50-debug: // ---- build task Query asset bundle ---- (2ms)
2026-7-12 19:08:50-log: run build task Query asset bundle success in 2 ms√, progress: 10%
2026-7-12 19:08:50-debug: Sort some build options to settings.json start, progress: 10%
2026-7-12 19:08:50-debug: [Build Memory track]: Query asset bundle start:231.27MB, end 228.89MB, increase: -2435.09KB
2026-7-12 19:08:50-debug: // ---- build task Sort some build options to settings.json ----
2026-7-12 19:08:50-log: run build task Sort some build options to settings.json success in √, progress: 12%
2026-7-12 19:08:50-debug: [Build Memory track]: Sort some build options to settings.json start:228.92MB, end 228.94MB, increase: 20.79KB
2026-7-12 19:08:50-debug: // ---- build task Fill script data to settings ----
2026-7-12 19:08:50-debug: Fill script data to settings start, progress: 12%
2026-7-12 19:08:50-debug: // ---- build task Fill script data to settings ---- (1ms)
2026-7-12 19:08:50-log: run build task Fill script data to settings success in 1 ms√, progress: 13%
2026-7-12 19:08:50-debug: [Build Memory track]: Fill script data to settings start:228.97MB, end 229.00MB, increase: 25.58KB
2026-7-12 19:08:50-debug: Sort some build options to settings.json start, progress: 13%
2026-7-12 19:08:50-debug: // ---- build task Sort some build options to settings.json ----
2026-7-12 19:08:50-debug: // ---- build task Sort some build options to settings.json ---- (2ms)
2026-7-12 19:08:50-log: run build task Sort some build options to settings.json success in 2 ms√, progress: 15%
2026-7-12 19:08:50-debug: [Build Memory track]: Sort some build options to settings.json start:229.02MB, end 229.15MB, increase: 130.74KB
2026-7-12 19:09:03-debug: refresh db internal success
2026-7-12 19:09:03-debug: refresh db assets success
2026-7-12 19:09:03-debug: Run asset db hook engine-extends:afterRefresh ...
2026-7-12 19:09:03-debug: Run asset db hook engine-extends:afterRefresh success!
2026-7-12 19:09:03-debug: asset-db:refresh-all-database (114ms)
2026-7-12 19:10:49-debug: refresh db internal success
2026-7-12 19:10:49-debug: %cImport%c: E:\game\回到地面\assets\scripts\ui\main\CreatePanel.tsbackground: #aaff85; color: #000;color: #000;
2026-7-12 19:10:49-debug: refresh db assets success
2026-7-12 19:10:49-debug: Run asset db hook engine-extends:afterRefresh ...
2026-7-12 19:10:49-debug: Run asset db hook engine-extends:afterRefresh success!
2026-7-12 19:10:49-debug: asset-db:refresh-all-database (149ms)
2026-7-12 19:10:49-debug: asset-db:worker-effect-data-processing (1ms)
2026-7-12 19:10:49-debug: asset-db-hook-engine-extends-afterRefresh (1ms)
2026-7-12 19:10:51-debug: Query all assets info in project
2026-7-12 19:10:51-debug: init custom config: keepNodeUuid: false, useCache: true
2026-7-12 19:10:51-debug: Skip compress image, progress: 0%
2026-7-12 19:10:51-debug: Init all bundles start..., progress: 0%
2026-7-12 19:10:51-debug: Num of bundles: 3..., progress: 0%
2026-7-12 19:10:51-debug: Query asset bundle start, progress: 0%
2026-7-12 19:10:51-debug: Init bundle root assets start..., progress: 0%
2026-7-12 19:10:51-debug: // ---- build task Query asset bundle ----
2026-7-12 19:10:51-debug: Query preload assets/scripts from cc.config.json: 60f7195c-ec2a-45eb-ba94-8955f60e81d0,1c02ae6f-4492-4915-b8f8-7492a3b1e4cd,810e96e4-e456-4468-9b59-f4e8f39732c0,efe8e2a3-eace-427b-b4f1-cb8a937ec77d,e9aa9a3e-5b2b-4ac7-a2c7-073de2b2b24f,8bbdbcdd-5cd4-4100-b6d5-b7c9625b6107,50f4348b-c883-4e2f-8f11-ce233b859fa1,fda095cb-831d-4601-ad94-846013963de8,f92806d7-1768-443f-afe8-12bcde84d0f0,dd3a144d-ab7f-41f0-82b8-2e43a090d496,f0416e68-0200-4b77-a926-4f9d16e494da,511d2633-09a7-4bdd-ac42-f778032124b3,5d45aa00-e064-4938-b314-4265f0c2258c,9361fd90-ba52-4f84-aa93-6e878fd576ca,970b0598-bcb0-4714-91fb-2e81440dccd8,bcd64cc6-2dd9-43f6-abbe-66318d332032,d930590d-bb92-4cc8-8bd1-23cd027f9edf,a3cd009f-0ab0-420d-9278-b9fdab939bbc,6a2d0734-bd9e-4ddf-946e-caa52498cb75,c27215d8-6835-4b68-bfbb-bdeac6100c04,b5d6115f-0370-4d7c-aad3-c194cc71cf98,d1346436-ac96-4271-b863-1f4fdead95b0,971bdb23-3ff6-43eb-b422-1c30165a3663,17debcc3-0a6b-4b8a-b00b-dc58b885581e,711ebe11-f673-4cd9-9a83-63c60ba54c5b,c0143906-9aed-447e-9436-2ae8512d1b6e,14da1725-c4c2-42b4-ab08-ee0aeb6898b3,081cab31-dccd-428e-8652-f2404cc81c47,78e0584a-4343-4727-8f37-e14e65c2a2db,ba21476f-2866-4f81-9c4d-6e359316e448,871c3b6c-7379-419d-bda3-794b239ab90d,1d08ef62-a503-4ce2-8b9a-46c90873f7d3,ff9b0199-ce04-4cfe-86cc-6c719f08d6e4,de1c2107-70c8-4021-8459-6399f24d01c6,cbf30902-517f-40dc-af90-a550bac27cf1,5c601d96-e4c7-4698-991b-7ee674b11079
2026-7-12 19:10:51-debug:   Number of all scenes: 3
2026-7-12 19:10:51-debug:   Number of other assets: 1875
2026-7-12 19:10:51-debug: Init bundle root assets success..., progress: 0%
2026-7-12 19:10:51-debug:   Number of all scripts: 217
2026-7-12 19:10:51-debug: // ---- build task Query asset bundle ---- (23ms)
2026-7-12 19:10:51-log: run build task Query asset bundle success in 23 ms√, progress: 5%
2026-7-12 19:10:51-debug: [Build Memory track]: Query asset bundle start:236.72MB, end 234.34MB, increase: -2440.85KB
2026-7-12 19:10:51-debug: Query asset bundle start, progress: 5%
2026-7-12 19:10:51-debug: // ---- build task Query asset bundle ----
2026-7-12 19:10:51-debug: // ---- build task Query asset bundle ---- (3ms)
2026-7-12 19:10:51-log: run build task Query asset bundle success in 3 ms√, progress: 10%
2026-7-12 19:10:51-debug: [Build Memory track]: Query asset bundle start:234.37MB, end 234.80MB, increase: 446.93KB
2026-7-12 19:10:51-debug: // ---- build task Sort some build options to settings.json ----
2026-7-12 19:10:51-debug: Sort some build options to settings.json start, progress: 10%
2026-7-12 19:10:51-debug: // ---- build task Sort some build options to settings.json ---- (1ms)
2026-7-12 19:10:51-log: run build task Sort some build options to settings.json success in 1 ms√, progress: 12%
2026-7-12 19:10:51-debug: // ---- build task Fill script data to settings ----
2026-7-12 19:10:51-debug: [Build Memory track]: Sort some build options to settings.json start:234.83MB, end 234.86MB, increase: 29.58KB
2026-7-12 19:10:51-debug: Fill script data to settings start, progress: 12%
2026-7-12 19:10:51-debug: // ---- build task Fill script data to settings ---- (1ms)
2026-7-12 19:10:51-log: run build task Fill script data to settings success in 1 ms√, progress: 13%
2026-7-12 19:10:51-debug: [Build Memory track]: Fill script data to settings start:234.89MB, end 234.91MB, increase: 25.99KB
2026-7-12 19:10:51-debug: // ---- build task Sort some build options to settings.json ----
2026-7-12 19:10:51-debug: Sort some build options to settings.json start, progress: 13%
2026-7-12 19:10:51-debug: // ---- build task Sort some build options to settings.json ---- (2ms)
2026-7-12 19:10:51-log: run build task Sort some build options to settings.json success in 2 ms√, progress: 15%
2026-7-12 19:10:51-debug: [Build Memory track]: Sort some build options to settings.json start:234.94MB, end 235.07MB, increase: 127.27KB
2026-7-12 19:11:18-debug: refresh db internal success
2026-7-12 19:11:18-debug: refresh db assets success
2026-7-12 19:11:18-debug: Run asset db hook engine-extends:afterRefresh ...
2026-7-12 19:11:18-debug: Run asset db hook engine-extends:afterRefresh success!
2026-7-12 19:11:18-debug: asset-db:refresh-all-database (117ms)
2026-7-12 19:11:18-debug: asset-db:worker-effect-data-processing (1ms)
2026-7-12 19:11:18-debug: asset-db-hook-engine-extends-afterRefresh (1ms)
2026-7-12 19:14:08-debug: refresh db internal success
2026-7-12 19:14:08-debug: %cImport%c: E:\game\回到地面\assets\scripts\render\CharacterModelAssembler.tsbackground: #aaff85; color: #000;color: #000;
2026-7-12 19:14:08-debug: refresh db assets success
2026-7-12 19:14:08-debug: Run asset db hook engine-extends:afterRefresh ...
2026-7-12 19:14:08-debug: Run asset db hook engine-extends:afterRefresh success!
2026-7-12 19:14:08-debug: asset-db:refresh-all-database (123ms)
2026-7-12 19:14:08-debug: asset-db:worker-effect-data-processing (1ms)
2026-7-12 19:14:08-debug: asset-db-hook-engine-extends-afterRefresh (1ms)
2026-7-12 19:14:14-debug: refresh db internal success
2026-7-12 19:14:14-debug: refresh db assets success
2026-7-12 19:14:14-debug: Run asset db hook engine-extends:afterRefresh ...
2026-7-12 19:14:14-debug: Run asset db hook engine-extends:afterRefresh success!
2026-7-12 19:14:14-debug: asset-db:refresh-all-database (115ms)
2026-7-12 19:14:14-debug: asset-db:worker-effect-data-processing (1ms)
2026-7-12 19:14:14-debug: asset-db-hook-engine-extends-afterRefresh (1ms)
2026-7-12 19:14:18-debug: Query all assets info in project
2026-7-12 19:14:18-debug: init custom config: keepNodeUuid: false, useCache: true
2026-7-12 19:14:18-debug: Skip compress image, progress: 0%
2026-7-12 19:14:18-debug: Init all bundles start..., progress: 0%
2026-7-12 19:14:18-debug: Num of bundles: 3..., progress: 0%
2026-7-12 19:14:18-debug: Query asset bundle start, progress: 0%
2026-7-12 19:14:18-debug: Init bundle root assets start..., progress: 0%
2026-7-12 19:14:18-debug: // ---- build task Query asset bundle ----
2026-7-12 19:14:18-debug: Query preload assets/scripts from cc.config.json: 60f7195c-ec2a-45eb-ba94-8955f60e81d0,1c02ae6f-4492-4915-b8f8-7492a3b1e4cd,810e96e4-e456-4468-9b59-f4e8f39732c0,efe8e2a3-eace-427b-b4f1-cb8a937ec77d,e9aa9a3e-5b2b-4ac7-a2c7-073de2b2b24f,8bbdbcdd-5cd4-4100-b6d5-b7c9625b6107,50f4348b-c883-4e2f-8f11-ce233b859fa1,fda095cb-831d-4601-ad94-846013963de8,f92806d7-1768-443f-afe8-12bcde84d0f0,dd3a144d-ab7f-41f0-82b8-2e43a090d496,f0416e68-0200-4b77-a926-4f9d16e494da,511d2633-09a7-4bdd-ac42-f778032124b3,5d45aa00-e064-4938-b314-4265f0c2258c,9361fd90-ba52-4f84-aa93-6e878fd576ca,970b0598-bcb0-4714-91fb-2e81440dccd8,bcd64cc6-2dd9-43f6-abbe-66318d332032,d930590d-bb92-4cc8-8bd1-23cd027f9edf,a3cd009f-0ab0-420d-9278-b9fdab939bbc,6a2d0734-bd9e-4ddf-946e-caa52498cb75,c27215d8-6835-4b68-bfbb-bdeac6100c04,b5d6115f-0370-4d7c-aad3-c194cc71cf98,d1346436-ac96-4271-b863-1f4fdead95b0,971bdb23-3ff6-43eb-b422-1c30165a3663,17debcc3-0a6b-4b8a-b00b-dc58b885581e,711ebe11-f673-4cd9-9a83-63c60ba54c5b,c0143906-9aed-447e-9436-2ae8512d1b6e,14da1725-c4c2-42b4-ab08-ee0aeb6898b3,081cab31-dccd-428e-8652-f2404cc81c47,78e0584a-4343-4727-8f37-e14e65c2a2db,ba21476f-2866-4f81-9c4d-6e359316e448,871c3b6c-7379-419d-bda3-794b239ab90d,1d08ef62-a503-4ce2-8b9a-46c90873f7d3,ff9b0199-ce04-4cfe-86cc-6c719f08d6e4,de1c2107-70c8-4021-8459-6399f24d01c6,cbf30902-517f-40dc-af90-a550bac27cf1,5c601d96-e4c7-4698-991b-7ee674b11079
2026-7-12 19:14:18-debug:   Number of other assets: 1875
2026-7-12 19:14:18-debug: Init bundle root assets success..., progress: 0%
2026-7-12 19:14:18-debug:   Number of all scripts: 217
2026-7-12 19:14:18-debug:   Number of all scenes: 3
2026-7-12 19:14:18-debug: // ---- build task Query asset bundle ---- (25ms)
2026-7-12 19:14:18-debug: [Build Memory track]: Query asset bundle start:243.42MB, end 242.25MB, increase: -1200.38KB
2026-7-12 19:14:18-log: run build task Query asset bundle success in 25 ms√, progress: 5%
2026-7-12 19:14:18-debug: Query asset bundle start, progress: 5%
2026-7-12 19:14:18-debug: // ---- build task Query asset bundle ----
2026-7-12 19:14:18-debug: // ---- build task Query asset bundle ---- (2ms)
2026-7-12 19:14:18-log: run build task Query asset bundle success in 2 ms√, progress: 10%
2026-7-12 19:14:18-debug: [Build Memory track]: Query asset bundle start:242.28MB, end 242.73MB, increase: 454.25KB
2026-7-12 19:14:18-debug: // ---- build task Sort some build options to settings.json ----
2026-7-12 19:14:18-debug: Sort some build options to settings.json start, progress: 10%
2026-7-12 19:14:18-debug: // ---- build task Sort some build options to settings.json ---- (1ms)
2026-7-12 19:14:18-log: run build task Sort some build options to settings.json success in 1 ms√, progress: 12%
2026-7-12 19:14:18-debug: [Build Memory track]: Sort some build options to settings.json start:242.75MB, end 242.78MB, increase: 26.82KB
2026-7-12 19:14:18-debug: // ---- build task Fill script data to settings ----
2026-7-12 19:14:18-debug: Fill script data to settings start, progress: 12%
2026-7-12 19:14:18-log: run build task Fill script data to settings success in √, progress: 13%
2026-7-12 19:14:18-debug: [Build Memory track]: Fill script data to settings start:242.81MB, end 242.83MB, increase: 16.82KB
2026-7-12 19:14:18-debug: // ---- build task Sort some build options to settings.json ----
2026-7-12 19:14:18-debug: Sort some build options to settings.json start, progress: 13%
2026-7-12 19:14:18-debug: // ---- build task Sort some build options to settings.json ---- (2ms)
2026-7-12 19:14:18-log: run build task Sort some build options to settings.json success in 2 ms√, progress: 15%
2026-7-12 19:14:18-debug: [Build Memory track]: Sort some build options to settings.json start:242.86MB, end 242.99MB, increase: 140.71KB
2026-7-12 19:14:41-debug: refresh db internal success
2026-7-12 19:14:42-debug: refresh db assets success
2026-7-12 19:14:42-debug: Run asset db hook engine-extends:afterRefresh ...
2026-7-12 19:14:42-debug: Run asset db hook engine-extends:afterRefresh success!
2026-7-12 19:14:42-debug: asset-db:refresh-all-database (111ms)
2026-7-12 19:14:42-debug: asset-db-hook-engine-extends-afterRefresh (1ms)
2026-7-12 19:14:42-debug: asset-db:worker-effect-data-processing (1ms)
2026-7-12 19:17:04-debug: refresh db internal success
2026-7-12 19:17:04-debug: %cImport%c: E:\game\回到地面\assets\scripts\render\CharacterModelAssembler.tsbackground: #aaff85; color: #000;color: #000;
2026-7-12 19:17:04-debug: refresh db assets success
2026-7-12 19:17:04-debug: Run asset db hook engine-extends:afterRefresh ...
2026-7-12 19:17:04-debug: Run asset db hook engine-extends:afterRefresh success!
2026-7-12 19:17:04-debug: asset-db:refresh-all-database (147ms)
2026-7-12 19:17:04-debug: asset-db-hook-engine-extends-afterRefresh (1ms)
2026-7-12 19:17:04-debug: asset-db:worker-effect-data-processing (1ms)
2026-7-12 19:17:07-debug: Query all assets info in project
2026-7-12 19:17:07-debug: init custom config: keepNodeUuid: false, useCache: true
2026-7-12 19:17:07-debug: Skip compress image, progress: 0%
2026-7-12 19:17:07-debug: Init all bundles start..., progress: 0%
2026-7-12 19:17:07-debug: // ---- build task Query asset bundle ----
2026-7-12 19:17:07-debug: Init bundle root assets start..., progress: 0%
2026-7-12 19:17:07-debug: Query asset bundle start, progress: 0%
2026-7-12 19:17:07-debug: Num of bundles: 3..., progress: 0%
2026-7-12 19:17:07-debug: Query preload assets/scripts from cc.config.json: 60f7195c-ec2a-45eb-ba94-8955f60e81d0,1c02ae6f-4492-4915-b8f8-7492a3b1e4cd,810e96e4-e456-4468-9b59-f4e8f39732c0,efe8e2a3-eace-427b-b4f1-cb8a937ec77d,e9aa9a3e-5b2b-4ac7-a2c7-073de2b2b24f,8bbdbcdd-5cd4-4100-b6d5-b7c9625b6107,50f4348b-c883-4e2f-8f11-ce233b859fa1,fda095cb-831d-4601-ad94-846013963de8,f92806d7-1768-443f-afe8-12bcde84d0f0,dd3a144d-ab7f-41f0-82b8-2e43a090d496,f0416e68-0200-4b77-a926-4f9d16e494da,511d2633-09a7-4bdd-ac42-f778032124b3,5d45aa00-e064-4938-b314-4265f0c2258c,9361fd90-ba52-4f84-aa93-6e878fd576ca,970b0598-bcb0-4714-91fb-2e81440dccd8,bcd64cc6-2dd9-43f6-abbe-66318d332032,d930590d-bb92-4cc8-8bd1-23cd027f9edf,a3cd009f-0ab0-420d-9278-b9fdab939bbc,6a2d0734-bd9e-4ddf-946e-caa52498cb75,c27215d8-6835-4b68-bfbb-bdeac6100c04,b5d6115f-0370-4d7c-aad3-c194cc71cf98,d1346436-ac96-4271-b863-1f4fdead95b0,971bdb23-3ff6-43eb-b422-1c30165a3663,17debcc3-0a6b-4b8a-b00b-dc58b885581e,711ebe11-f673-4cd9-9a83-63c60ba54c5b,c0143906-9aed-447e-9436-2ae8512d1b6e,14da1725-c4c2-42b4-ab08-ee0aeb6898b3,081cab31-dccd-428e-8652-f2404cc81c47,78e0584a-4343-4727-8f37-e14e65c2a2db,ba21476f-2866-4f81-9c4d-6e359316e448,871c3b6c-7379-419d-bda3-794b239ab90d,1d08ef62-a503-4ce2-8b9a-46c90873f7d3,ff9b0199-ce04-4cfe-86cc-6c719f08d6e4,de1c2107-70c8-4021-8459-6399f24d01c6,cbf30902-517f-40dc-af90-a550bac27cf1,5c601d96-e4c7-4698-991b-7ee674b11079
2026-7-12 19:17:07-debug:   Number of all scripts: 217
2026-7-12 19:17:07-debug:   Number of other assets: 1875
2026-7-12 19:17:07-debug: Init bundle root assets success..., progress: 0%
2026-7-12 19:17:07-debug:   Number of all scenes: 3
2026-7-12 19:17:07-debug: // ---- build task Query asset bundle ---- (29ms)
2026-7-12 19:17:07-log: run build task Query asset bundle success in 29 ms√, progress: 5%
2026-7-12 19:17:07-debug: [Build Memory track]: Query asset bundle start:227.15MB, end 229.56MB, increase: 2.40MB
2026-7-12 19:17:07-debug: Query asset bundle start, progress: 5%
2026-7-12 19:17:07-debug: // ---- build task Query asset bundle ----
2026-7-12 19:17:07-debug: // ---- build task Query asset bundle ---- (3ms)
2026-7-12 19:17:07-debug: [Build Memory track]: Query asset bundle start:229.58MB, end 226.81MB, increase: -2837.04KB
2026-7-12 19:17:07-debug: Sort some build options to settings.json start, progress: 10%
2026-7-12 19:17:07-debug: // ---- build task Sort some build options to settings.json ----
2026-7-12 19:17:07-log: run build task Query asset bundle success in 3 ms√, progress: 10%
2026-7-12 19:17:07-log: run build task Sort some build options to settings.json success in √, progress: 12%
2026-7-12 19:17:07-debug: [Build Memory track]: Sort some build options to settings.json start:226.84MB, end 226.86MB, increase: 17.25KB
2026-7-12 19:17:07-debug: // ---- build task Fill script data to settings ----
2026-7-12 19:17:07-debug: Fill script data to settings start, progress: 12%
2026-7-12 19:17:07-log: run build task Fill script data to settings success in √, progress: 13%
2026-7-12 19:17:07-debug: [Build Memory track]: Fill script data to settings start:226.89MB, end 226.91MB, increase: 17.18KB
2026-7-12 19:17:07-debug: Sort some build options to settings.json start, progress: 13%
2026-7-12 19:17:07-debug: // ---- build task Sort some build options to settings.json ----
2026-7-12 19:17:07-debug: // ---- build task Sort some build options to settings.json ---- (2ms)
2026-7-12 19:17:07-log: run build task Sort some build options to settings.json success in 2 ms√, progress: 15%
2026-7-12 19:17:07-debug: [Build Memory track]: Sort some build options to settings.json start:226.94MB, end 227.08MB, increase: 145.67KB
2026-7-12 19:17:39-debug: refresh db internal success
2026-7-12 19:17:39-debug: refresh db assets success
2026-7-12 19:17:39-debug: Run asset db hook engine-extends:afterRefresh success!
2026-7-12 19:17:39-debug: Run asset db hook engine-extends:afterRefresh ...
2026-7-12 19:17:39-debug: asset-db:refresh-all-database (118ms)
2026-7-12 19:17:39-debug: asset-db:worker-effect-data-processing (1ms)
2026-7-12 19:17:39-debug: asset-db-hook-engine-extends-afterRefresh (1ms)
2026-7-12 19:17:50-debug: refresh db internal success
2026-7-12 19:17:50-debug: refresh db assets success
2026-7-12 19:17:50-debug: Run asset db hook engine-extends:afterRefresh ...
2026-7-12 19:17:50-debug: Run asset db hook engine-extends:afterRefresh success!
2026-7-12 19:17:50-debug: asset-db:refresh-all-database (115ms)
2026-7-12 19:17:50-debug: asset-db:worker-effect-data-processing (1ms)
2026-7-12 19:17:50-debug: asset-db-hook-engine-extends-afterRefresh (1ms)
2026-7-12 19:17:57-debug: refresh db internal success
2026-7-12 19:17:57-debug: refresh db assets success
2026-7-12 19:17:57-debug: Run asset db hook engine-extends:afterRefresh ...
2026-7-12 19:17:57-debug: Run asset db hook engine-extends:afterRefresh success!
2026-7-12 19:17:57-debug: asset-db:refresh-all-database (117ms)
2026-7-12 19:17:57-debug: asset-db:worker-effect-data-processing (1ms)
2026-7-12 19:17:57-debug: asset-db-hook-engine-extends-afterRefresh (1ms)
2026-7-12 19:18:03-debug: refresh db internal success
2026-7-12 19:18:03-debug: refresh db assets success
2026-7-12 19:18:03-debug: Run asset db hook engine-extends:afterRefresh ...
2026-7-12 19:18:03-debug: Run asset db hook engine-extends:afterRefresh success!
2026-7-12 19:18:03-debug: asset-db:refresh-all-database (111ms)
2026-7-12 19:18:03-debug: asset-db:worker-effect-data-processing (1ms)
2026-7-12 19:18:03-debug: asset-db-hook-engine-extends-afterRefresh (1ms)
2026-7-12 19:18:14-debug: refresh db internal success
2026-7-12 19:18:14-debug: refresh db assets success
2026-7-12 19:18:14-debug: Run asset db hook engine-extends:afterRefresh ...
2026-7-12 19:18:14-debug: Run asset db hook engine-extends:afterRefresh success!
2026-7-12 19:18:14-debug: asset-db:refresh-all-database (112ms)
2026-7-12 19:18:14-debug: asset-db:worker-effect-data-processing (2ms)
2026-7-12 19:18:14-debug: asset-db-hook-engine-extends-afterRefresh (2ms)
2026-7-12 19:18:32-debug: refresh db internal success
2026-7-12 19:18:32-debug: refresh db assets success
2026-7-12 19:18:32-debug: Run asset db hook engine-extends:afterRefresh ...
2026-7-12 19:18:32-debug: Run asset db hook engine-extends:afterRefresh success!
2026-7-12 19:18:32-debug: asset-db:refresh-all-database (112ms)
2026-7-12 19:18:32-debug: asset-db:worker-effect-data-processing (1ms)
2026-7-12 19:18:32-debug: asset-db-hook-engine-extends-afterRefresh (1ms)
2026-7-12 19:20:49-debug: refresh db internal success
2026-7-12 19:20:49-debug: %cImport%c: E:\game\回到地面\assets\scripts\render\CharacterModelAssembler.tsbackground: #aaff85; color: #000;color: #000;
2026-7-12 19:20:49-debug: refresh db assets success
2026-7-12 19:20:49-debug: Run asset db hook engine-extends:afterRefresh ...
2026-7-12 19:20:49-debug: Run asset db hook engine-extends:afterRefresh success!
2026-7-12 19:20:49-debug: asset-db:refresh-all-database (119ms)
2026-7-12 19:20:49-debug: asset-db:worker-effect-data-processing (1ms)
2026-7-12 19:20:49-debug: asset-db-hook-engine-extends-afterRefresh (1ms)
2026-7-12 19:20:52-debug: Query all assets info in project
2026-7-12 19:20:52-debug: init custom config: keepNodeUuid: false, useCache: true
2026-7-12 19:20:52-debug: Skip compress image, progress: 0%
2026-7-12 19:20:52-debug: Init all bundles start..., progress: 0%
2026-7-12 19:20:52-debug: // ---- build task Query asset bundle ----
2026-7-12 19:20:52-debug: Init bundle root assets start..., progress: 0%
2026-7-12 19:20:52-debug: Num of bundles: 3..., progress: 0%
2026-7-12 19:20:52-debug: Query asset bundle start, progress: 0%
2026-7-12 19:20:52-debug: Query preload assets/scripts from cc.config.json: 60f7195c-ec2a-45eb-ba94-8955f60e81d0,1c02ae6f-4492-4915-b8f8-7492a3b1e4cd,810e96e4-e456-4468-9b59-f4e8f39732c0,efe8e2a3-eace-427b-b4f1-cb8a937ec77d,e9aa9a3e-5b2b-4ac7-a2c7-073de2b2b24f,8bbdbcdd-5cd4-4100-b6d5-b7c9625b6107,50f4348b-c883-4e2f-8f11-ce233b859fa1,fda095cb-831d-4601-ad94-846013963de8,f92806d7-1768-443f-afe8-12bcde84d0f0,dd3a144d-ab7f-41f0-82b8-2e43a090d496,f0416e68-0200-4b77-a926-4f9d16e494da,511d2633-09a7-4bdd-ac42-f778032124b3,5d45aa00-e064-4938-b314-4265f0c2258c,9361fd90-ba52-4f84-aa93-6e878fd576ca,970b0598-bcb0-4714-91fb-2e81440dccd8,bcd64cc6-2dd9-43f6-abbe-66318d332032,d930590d-bb92-4cc8-8bd1-23cd027f9edf,a3cd009f-0ab0-420d-9278-b9fdab939bbc,6a2d0734-bd9e-4ddf-946e-caa52498cb75,c27215d8-6835-4b68-bfbb-bdeac6100c04,b5d6115f-0370-4d7c-aad3-c194cc71cf98,d1346436-ac96-4271-b863-1f4fdead95b0,971bdb23-3ff6-43eb-b422-1c30165a3663,17debcc3-0a6b-4b8a-b00b-dc58b885581e,711ebe11-f673-4cd9-9a83-63c60ba54c5b,c0143906-9aed-447e-9436-2ae8512d1b6e,14da1725-c4c2-42b4-ab08-ee0aeb6898b3,081cab31-dccd-428e-8652-f2404cc81c47,78e0584a-4343-4727-8f37-e14e65c2a2db,ba21476f-2866-4f81-9c4d-6e359316e448,871c3b6c-7379-419d-bda3-794b239ab90d,1d08ef62-a503-4ce2-8b9a-46c90873f7d3,ff9b0199-ce04-4cfe-86cc-6c719f08d6e4,de1c2107-70c8-4021-8459-6399f24d01c6,cbf30902-517f-40dc-af90-a550bac27cf1,5c601d96-e4c7-4698-991b-7ee674b11079
2026-7-12 19:20:52-debug:   Number of other assets: 1875
2026-7-12 19:20:52-debug: Init bundle root assets success..., progress: 0%
2026-7-12 19:20:52-debug: // ---- build task Query asset bundle ---- (25ms)
2026-7-12 19:20:52-debug:   Number of all scenes: 3
2026-7-12 19:20:52-debug:   Number of all scripts: 217
2026-7-12 19:20:52-debug: [Build Memory track]: Query asset bundle start:245.65MB, end 243.11MB, increase: -2596.66KB
2026-7-12 19:20:52-debug: Query asset bundle start, progress: 5%
2026-7-12 19:20:52-log: run build task Query asset bundle success in 25 ms√, progress: 5%
2026-7-12 19:20:52-debug: // ---- build task Query asset bundle ----
2026-7-12 19:20:52-debug: // ---- build task Query asset bundle ---- (3ms)
2026-7-12 19:20:52-log: run build task Query asset bundle success in 3 ms√, progress: 10%
2026-7-12 19:20:52-debug: [Build Memory track]: Query asset bundle start:243.19MB, end 243.63MB, increase: 448.47KB
2026-7-12 19:20:52-debug: // ---- build task Sort some build options to settings.json ----
2026-7-12 19:20:52-debug: Sort some build options to settings.json start, progress: 10%
2026-7-12 19:20:52-debug: // ---- build task Sort some build options to settings.json ---- (1ms)
2026-7-12 19:20:52-debug: Fill script data to settings start, progress: 12%
2026-7-12 19:20:52-log: run build task Sort some build options to settings.json success in 1 ms√, progress: 12%
2026-7-12 19:20:52-debug: [Build Memory track]: Sort some build options to settings.json start:243.66MB, end 243.68MB, increase: 26.78KB
2026-7-12 19:20:52-debug: // ---- build task Fill script data to settings ----
2026-7-12 19:20:52-log: run build task Fill script data to settings success in √, progress: 13%
2026-7-12 19:20:52-debug: [Build Memory track]: Fill script data to settings start:243.71MB, end 243.73MB, increase: 16.77KB
2026-7-12 19:20:52-debug: // ---- build task Sort some build options to settings.json ----
2026-7-12 19:20:52-debug: Sort some build options to settings.json start, progress: 13%
2026-7-12 19:20:52-debug: // ---- build task Sort some build options to settings.json ---- (2ms)
2026-7-12 19:20:52-log: run build task Sort some build options to settings.json success in 2 ms√, progress: 15%
2026-7-12 19:20:52-debug: [Build Memory track]: Sort some build options to settings.json start:243.76MB, end 243.89MB, increase: 133.58KB
2026-7-12 19:21:16-debug: refresh db internal success
2026-7-12 19:21:16-debug: refresh db assets success
2026-7-12 19:21:16-debug: Run asset db hook engine-extends:afterRefresh ...
2026-7-12 19:21:16-debug: Run asset db hook engine-extends:afterRefresh success!
2026-7-12 19:21:16-debug: asset-db:refresh-all-database (111ms)
2026-7-12 22:52:25-debug: refresh db internal success
2026-7-12 22:52:25-debug: refresh db assets success
2026-7-12 22:52:25-debug: Run asset db hook engine-extends:afterRefresh ...
2026-7-12 22:52:25-debug: Run asset db hook engine-extends:afterRefresh success!
2026-7-12 22:52:25-debug: asset-db:refresh-all-database (150ms)
2026-7-12 22:52:25-debug: asset-db:worker-effect-data-processing (1ms)
2026-7-12 22:52:25-debug: asset-db-hook-engine-extends-afterRefresh (1ms)
2026-7-12 22:52:34-debug: refresh db internal success
2026-7-12 22:52:34-debug: refresh db assets success
2026-7-12 22:52:34-debug: Run asset db hook engine-extends:afterRefresh ...
2026-7-12 22:52:34-debug: Run asset db hook engine-extends:afterRefresh success!
2026-7-12 22:52:34-debug: asset-db:refresh-all-database (114ms)
2026-7-12 22:52:46-debug: refresh db internal success
2026-7-12 22:52:46-debug: refresh db assets success
2026-7-12 22:52:46-debug: Run asset db hook engine-extends:afterRefresh success!
2026-7-12 22:52:46-debug: Run asset db hook engine-extends:afterRefresh ...
2026-7-12 22:52:46-debug: asset-db:refresh-all-database (111ms)
2026-7-12 22:52:59-debug: refresh db internal success
2026-7-12 22:52:59-debug: refresh db assets success
2026-7-12 22:52:59-debug: Run asset db hook engine-extends:afterRefresh ...
2026-7-12 22:52:59-debug: Run asset db hook engine-extends:afterRefresh success!
2026-7-12 22:52:59-debug: asset-db:refresh-all-database (113ms)
2026-7-12 22:52:59-debug: asset-db:worker-effect-data-processing (1ms)
2026-7-12 22:52:59-debug: asset-db-hook-engine-extends-afterRefresh (1ms)
2026-7-12 22:53:02-debug: refresh db internal success
2026-7-12 22:53:03-debug: refresh db assets success
2026-7-12 22:53:03-debug: Run asset db hook engine-extends:afterRefresh ...
2026-7-12 22:53:03-debug: Run asset db hook engine-extends:afterRefresh success!
2026-7-12 22:53:03-debug: asset-db:refresh-all-database (109ms)
2026-7-12 22:53:03-debug: asset-db-hook-engine-extends-afterRefresh (1ms)
2026-7-12 22:53:03-debug: asset-db:worker-effect-data-processing (1ms)
2026-7-12 22:53:14-debug: refresh db internal success
2026-7-12 22:53:14-debug: refresh db assets success
2026-7-12 22:53:14-debug: Run asset db hook engine-extends:afterRefresh success!
2026-7-12 22:53:14-debug: Run asset db hook engine-extends:afterRefresh ...
2026-7-12 22:53:14-debug: asset-db:refresh-all-database (114ms)
2026-7-12 22:53:14-debug: asset-db:worker-effect-data-processing (1ms)
2026-7-12 22:53:14-debug: asset-db-hook-engine-extends-afterRefresh (1ms)
2026-7-12 22:56:07-debug: refresh db internal success
2026-7-12 22:56:07-debug: refresh db assets success
2026-7-12 22:56:07-debug: Run asset db hook engine-extends:afterRefresh ...
2026-7-12 22:56:07-debug: Run asset db hook engine-extends:afterRefresh success!
2026-7-12 22:56:07-debug: asset-db:refresh-all-database (112ms)
2026-7-12 22:56:07-debug: asset-db:worker-effect-data-processing (1ms)
2026-7-12 22:56:07-debug: asset-db-hook-engine-extends-afterRefresh (1ms)
2026-7-12 23:00:45-debug: refresh db internal success
2026-7-12 23:00:45-debug: %cImport%c: E:\game\回到地面\assets\scripts\render\CharacterModelAssembler.tsbackground: #aaff85; color: #000;color: #000;
2026-7-12 23:00:45-debug: refresh db assets success
2026-7-12 23:00:45-debug: Run asset db hook engine-extends:afterRefresh ...
2026-7-12 23:00:45-debug: Run asset db hook engine-extends:afterRefresh success!
2026-7-12 23:00:45-debug: asset-db:refresh-all-database (116ms)
2026-7-12 23:00:45-debug: asset-db-hook-engine-extends-afterRefresh (1ms)
2026-7-12 23:00:49-debug: refresh db internal success
2026-7-12 23:00:49-debug: refresh db assets success
2026-7-12 23:00:49-debug: Run asset db hook engine-extends:afterRefresh success!
2026-7-12 23:00:49-debug: Run asset db hook engine-extends:afterRefresh ...
2026-7-12 23:00:49-debug: asset-db:refresh-all-database (112ms)
2026-7-12 23:00:49-debug: asset-db-hook-engine-extends-afterRefresh (1ms)
2026-7-12 23:00:49-debug: asset-db:worker-effect-data-processing (1ms)
2026-7-12 23:00:53-debug: Query all assets info in project
2026-7-12 23:00:53-debug: init custom config: keepNodeUuid: false, useCache: true
2026-7-12 23:00:53-debug: Skip compress image, progress: 0%
2026-7-12 23:00:53-debug: Init all bundles start..., progress: 0%
2026-7-12 23:00:53-debug: Query asset bundle start, progress: 0%
2026-7-12 23:00:53-debug: // ---- build task Query asset bundle ----
2026-7-12 23:00:53-debug: Init bundle root assets start..., progress: 0%
2026-7-12 23:00:53-debug: Num of bundles: 3..., progress: 0%
2026-7-12 23:00:53-debug: Query preload assets/scripts from cc.config.json: 60f7195c-ec2a-45eb-ba94-8955f60e81d0,1c02ae6f-4492-4915-b8f8-7492a3b1e4cd,810e96e4-e456-4468-9b59-f4e8f39732c0,efe8e2a3-eace-427b-b4f1-cb8a937ec77d,e9aa9a3e-5b2b-4ac7-a2c7-073de2b2b24f,8bbdbcdd-5cd4-4100-b6d5-b7c9625b6107,50f4348b-c883-4e2f-8f11-ce233b859fa1,fda095cb-831d-4601-ad94-846013963de8,f92806d7-1768-443f-afe8-12bcde84d0f0,dd3a144d-ab7f-41f0-82b8-2e43a090d496,f0416e68-0200-4b77-a926-4f9d16e494da,511d2633-09a7-4bdd-ac42-f778032124b3,5d45aa00-e064-4938-b314-4265f0c2258c,9361fd90-ba52-4f84-aa93-6e878fd576ca,970b0598-bcb0-4714-91fb-2e81440dccd8,bcd64cc6-2dd9-43f6-abbe-66318d332032,d930590d-bb92-4cc8-8bd1-23cd027f9edf,a3cd009f-0ab0-420d-9278-b9fdab939bbc,6a2d0734-bd9e-4ddf-946e-caa52498cb75,c27215d8-6835-4b68-bfbb-bdeac6100c04,b5d6115f-0370-4d7c-aad3-c194cc71cf98,d1346436-ac96-4271-b863-1f4fdead95b0,971bdb23-3ff6-43eb-b422-1c30165a3663,17debcc3-0a6b-4b8a-b00b-dc58b885581e,711ebe11-f673-4cd9-9a83-63c60ba54c5b,c0143906-9aed-447e-9436-2ae8512d1b6e,14da1725-c4c2-42b4-ab08-ee0aeb6898b3,081cab31-dccd-428e-8652-f2404cc81c47,78e0584a-4343-4727-8f37-e14e65c2a2db,ba21476f-2866-4f81-9c4d-6e359316e448,871c3b6c-7379-419d-bda3-794b239ab90d,1d08ef62-a503-4ce2-8b9a-46c90873f7d3,ff9b0199-ce04-4cfe-86cc-6c719f08d6e4,de1c2107-70c8-4021-8459-6399f24d01c6,cbf30902-517f-40dc-af90-a550bac27cf1,5c601d96-e4c7-4698-991b-7ee674b11079
2026-7-12 23:00:53-debug:   Number of other assets: 1875
2026-7-12 23:00:53-debug: Init bundle root assets success..., progress: 0%
2026-7-12 23:00:53-debug: // ---- build task Query asset bundle ---- (25ms)
2026-7-12 23:00:53-log: run build task Query asset bundle success in 25 ms√, progress: 5%
2026-7-12 23:00:53-debug: [Build Memory track]: Query asset bundle start:246.63MB, end 249.27MB, increase: 2.64MB
2026-7-12 23:00:53-debug: // ---- build task Query asset bundle ----
2026-7-12 23:00:53-debug:   Number of all scenes: 3
2026-7-12 23:00:53-debug: Query asset bundle start, progress: 5%
2026-7-12 23:00:53-debug:   Number of all scripts: 217
2026-7-12 23:00:53-debug: // ---- build task Query asset bundle ---- (29ms)
2026-7-12 23:00:53-debug: [Build Memory track]: Query asset bundle start:249.30MB, end 226.08MB, increase: -23777.26KB
2026-7-12 23:00:53-log: run build task Query asset bundle success in 29 ms√, progress: 10%
2026-7-12 23:00:53-debug: // ---- build task Sort some build options to settings.json ----
2026-7-12 23:00:53-debug: Sort some build options to settings.json start, progress: 10%
2026-7-12 23:00:53-debug: // ---- build task Sort some build options to settings.json ---- (3ms)
2026-7-12 23:00:53-debug: [Build Memory track]: Sort some build options to settings.json start:226.11MB, end 226.14MB, increase: 26.74KB
2026-7-12 23:00:53-debug: Fill script data to settings start, progress: 12%
2026-7-12 23:00:53-debug: // ---- build task Fill script data to settings ----
2026-7-12 23:00:53-log: run build task Sort some build options to settings.json success in 3 ms√, progress: 12%
2026-7-12 23:00:53-log: run build task Fill script data to settings success in √, progress: 13%
2026-7-12 23:00:53-debug: [Build Memory track]: Fill script data to settings start:226.17MB, end 226.18MB, increase: 16.86KB
2026-7-12 23:00:53-debug: // ---- build task Sort some build options to settings.json ----
2026-7-12 23:00:53-debug: Sort some build options to settings.json start, progress: 13%
2026-7-12 23:00:53-debug: // ---- build task Sort some build options to settings.json ---- (3ms)
2026-7-12 23:00:53-log: run build task Sort some build options to settings.json success in 3 ms√, progress: 15%
2026-7-12 23:00:53-debug: [Build Memory track]: Sort some build options to settings.json start:226.21MB, end 226.35MB, increase: 143.17KB
2026-7-12 23:01:11-debug: refresh db internal success
2026-7-12 23:01:11-debug: refresh db assets success
2026-7-12 23:01:11-debug: Run asset db hook engine-extends:afterRefresh ...
2026-7-12 23:01:11-debug: Run asset db hook engine-extends:afterRefresh success!
2026-7-12 23:01:11-debug: asset-db:refresh-all-database (120ms)
2026-7-12 23:01:11-debug: asset-db:worker-effect-data-processing (1ms)
2026-7-12 23:01:11-debug: asset-db-hook-engine-extends-afterRefresh (1ms)
2026-7-12 23:05:38-debug: refresh db internal success
2026-7-12 23:05:38-debug: %cImport%c: E:\game\回到地面\assets\scripts\render\CharacterModelAssembler.tsbackground: #aaff85; color: #000;color: #000;
2026-7-12 23:05:38-debug: refresh db assets success
2026-7-12 23:05:38-debug: Run asset db hook engine-extends:afterRefresh success!
2026-7-12 23:05:38-debug: Run asset db hook engine-extends:afterRefresh ...
2026-7-12 23:05:38-debug: asset-db:refresh-all-database (129ms)
2026-7-12 23:05:38-debug: asset-db:worker-effect-data-processing (1ms)
2026-7-12 23:05:38-debug: asset-db-hook-engine-extends-afterRefresh (1ms)
2026-7-12 23:05:47-debug: Query all assets info in project
2026-7-12 23:05:47-debug: Skip compress image, progress: 0%
2026-7-12 23:05:47-debug: init custom config: keepNodeUuid: false, useCache: true
2026-7-12 23:05:47-debug: Init all bundles start..., progress: 0%
2026-7-12 23:05:47-debug: Num of bundles: 3..., progress: 0%
2026-7-12 23:05:47-debug: Query asset bundle start, progress: 0%
2026-7-12 23:05:47-debug: // ---- build task Query asset bundle ----
2026-7-12 23:05:47-debug: Init bundle root assets start..., progress: 0%
2026-7-12 23:05:47-debug:   Number of all scenes: 3
2026-7-12 23:05:47-debug: Query preload assets/scripts from cc.config.json: 60f7195c-ec2a-45eb-ba94-8955f60e81d0,1c02ae6f-4492-4915-b8f8-7492a3b1e4cd,810e96e4-e456-4468-9b59-f4e8f39732c0,efe8e2a3-eace-427b-b4f1-cb8a937ec77d,e9aa9a3e-5b2b-4ac7-a2c7-073de2b2b24f,8bbdbcdd-5cd4-4100-b6d5-b7c9625b6107,50f4348b-c883-4e2f-8f11-ce233b859fa1,fda095cb-831d-4601-ad94-846013963de8,f92806d7-1768-443f-afe8-12bcde84d0f0,dd3a144d-ab7f-41f0-82b8-2e43a090d496,f0416e68-0200-4b77-a926-4f9d16e494da,511d2633-09a7-4bdd-ac42-f778032124b3,5d45aa00-e064-4938-b314-4265f0c2258c,9361fd90-ba52-4f84-aa93-6e878fd576ca,970b0598-bcb0-4714-91fb-2e81440dccd8,bcd64cc6-2dd9-43f6-abbe-66318d332032,d930590d-bb92-4cc8-8bd1-23cd027f9edf,a3cd009f-0ab0-420d-9278-b9fdab939bbc,6a2d0734-bd9e-4ddf-946e-caa52498cb75,c27215d8-6835-4b68-bfbb-bdeac6100c04,b5d6115f-0370-4d7c-aad3-c194cc71cf98,d1346436-ac96-4271-b863-1f4fdead95b0,971bdb23-3ff6-43eb-b422-1c30165a3663,17debcc3-0a6b-4b8a-b00b-dc58b885581e,711ebe11-f673-4cd9-9a83-63c60ba54c5b,c0143906-9aed-447e-9436-2ae8512d1b6e,14da1725-c4c2-42b4-ab08-ee0aeb6898b3,081cab31-dccd-428e-8652-f2404cc81c47,78e0584a-4343-4727-8f37-e14e65c2a2db,ba21476f-2866-4f81-9c4d-6e359316e448,871c3b6c-7379-419d-bda3-794b239ab90d,1d08ef62-a503-4ce2-8b9a-46c90873f7d3,ff9b0199-ce04-4cfe-86cc-6c719f08d6e4,de1c2107-70c8-4021-8459-6399f24d01c6,cbf30902-517f-40dc-af90-a550bac27cf1,5c601d96-e4c7-4698-991b-7ee674b11079
2026-7-12 23:05:47-debug:   Number of all scripts: 217
2026-7-12 23:05:47-debug: Init bundle root assets success..., progress: 0%
2026-7-12 23:05:47-debug:   Number of other assets: 1875
2026-7-12 23:05:47-debug: // ---- build task Query asset bundle ---- (23ms)
2026-7-12 23:05:47-log: run build task Query asset bundle success in 23 ms√, progress: 5%
2026-7-12 23:05:47-debug: [Build Memory track]: Query asset bundle start:234.99MB, end 232.67MB, increase: -2374.00KB
2026-7-12 23:05:47-debug: Query asset bundle start, progress: 5%
2026-7-12 23:05:47-debug: // ---- build task Query asset bundle ----
2026-7-12 23:05:47-debug: // ---- build task Query asset bundle ---- (4ms)
2026-7-12 23:05:47-log: run build task Query asset bundle success in 4 ms√, progress: 10%
2026-7-12 23:05:47-debug: [Build Memory track]: Query asset bundle start:232.70MB, end 233.14MB, increase: 446.24KB
2026-7-12 23:05:47-debug: // ---- build task Sort some build options to settings.json ----
2026-7-12 23:05:47-debug: Sort some build options to settings.json start, progress: 10%
2026-7-12 23:05:47-debug: // ---- build task Sort some build options to settings.json ---- (1ms)
2026-7-12 23:05:47-log: run build task Sort some build options to settings.json success in 1 ms√, progress: 12%
2026-7-12 23:05:47-debug: Fill script data to settings start, progress: 12%
2026-7-12 23:05:47-debug: [Build Memory track]: Sort some build options to settings.json start:233.17MB, end 233.19MB, increase: 26.77KB
2026-7-12 23:05:47-debug: // ---- build task Fill script data to settings ----
2026-7-12 23:05:47-log: run build task Fill script data to settings success in √, progress: 13%
2026-7-12 23:05:47-debug: [Build Memory track]: Fill script data to settings start:233.22MB, end 233.24MB, increase: 16.77KB
2026-7-12 23:05:47-debug: // ---- build task Sort some build options to settings.json ----
2026-7-12 23:05:47-debug: Sort some build options to settings.json start, progress: 13%
2026-7-12 23:05:47-debug: // ---- build task Sort some build options to settings.json ---- (1ms)
2026-7-12 23:05:47-log: run build task Sort some build options to settings.json success in 1 ms√, progress: 15%
2026-7-12 23:05:47-debug: [Build Memory track]: Sort some build options to settings.json start:233.27MB, end 233.39MB, increase: 125.68KB
2026-7-12 23:05:57-debug: refresh db internal success
2026-7-12 23:05:57-debug: refresh db assets success
2026-7-12 23:05:57-debug: Run asset db hook engine-extends:afterRefresh ...
2026-7-12 23:05:57-debug: Run asset db hook engine-extends:afterRefresh success!
2026-7-12 23:05:57-debug: asset-db:refresh-all-database (115ms)
2026-7-12 23:05:57-debug: asset-db:worker-effect-data-processing (1ms)
2026-7-12 23:05:57-debug: asset-db-hook-engine-extends-afterRefresh (1ms)
2026-7-12 23:06:10-debug: refresh db internal success
2026-7-12 23:06:10-debug: refresh db assets success
2026-7-12 23:06:10-debug: Run asset db hook engine-extends:afterRefresh ...
2026-7-12 23:06:10-debug: Run asset db hook engine-extends:afterRefresh success!
2026-7-12 23:06:10-debug: asset-db:refresh-all-database (123ms)
2026-7-12 23:06:10-debug: asset-db:worker-effect-data-processing (1ms)
2026-7-12 23:06:10-debug: asset-db-hook-engine-extends-afterRefresh (1ms)
2026-7-12 23:06:18-debug: refresh db internal success
2026-7-12 23:06:18-debug: refresh db assets success
2026-7-12 23:06:18-debug: Run asset db hook engine-extends:afterRefresh ...
2026-7-12 23:06:18-debug: Run asset db hook engine-extends:afterRefresh success!
2026-7-12 23:06:18-debug: asset-db:refresh-all-database (124ms)
2026-7-12 23:06:18-debug: asset-db-hook-engine-extends-afterRefresh (1ms)
2026-7-12 23:06:18-debug: asset-db:worker-effect-data-processing (1ms)
2026-7-12 23:09:22-debug: refresh db internal success
2026-7-12 23:09:22-debug: %cImport%c: E:\game\回到地面\assets\scripts\render\CharacterModelAssembler.tsbackground: #aaff85; color: #000;color: #000;
2026-7-12 23:09:22-debug: refresh db assets success
2026-7-12 23:09:22-debug: Run asset db hook engine-extends:afterRefresh success!
2026-7-12 23:09:22-debug: Run asset db hook engine-extends:afterRefresh ...
2026-7-12 23:09:22-debug: asset-db:refresh-all-database (119ms)
2026-7-12 23:09:22-debug: asset-db-hook-engine-extends-afterRefresh (1ms)
2026-7-12 23:09:47-debug: refresh db internal success
2026-7-12 23:09:47-debug: refresh db assets success
2026-7-12 23:09:47-debug: Run asset db hook engine-extends:afterRefresh ...
2026-7-12 23:09:47-debug: Run asset db hook engine-extends:afterRefresh success!
2026-7-12 23:09:47-debug: asset-db:refresh-all-database (111ms)
2026-7-12 23:09:47-debug: asset-db-hook-engine-extends-afterRefresh (1ms)
2026-7-12 23:09:47-debug: asset-db:worker-effect-data-processing (1ms)
