2026-7-13 09:09:56-log: Cannot access game frame or container.
2026-7-13 09:09:56-debug: asset-db:require-engine-code (560ms)
2026-7-13 09:09:56-log: [bullet]:bullet wasm lib loaded.
2026-7-13 09:09:56-log: [box2d]:box2d wasm lib loaded.
2026-7-13 09:09:56-log: meshopt wasm decoder initialized
2026-7-13 09:09:56-log: Cocos Creator v3.8.8
2026-7-13 09:09:56-log: Using legacy pipeline
2026-7-13 09:09:56-debug: [Assets Memory track]: asset-db:worker-init: initEngine start:27.95MB, end 79.25MB, increase: 51.30MB
2026-7-13 09:09:56-log: Forward render pipeline initialized.
2026-7-13 09:09:58-debug: [Assets Memory track]: asset-db:worker-init: initPlugin start:79.29MB, end 321.67MB, increase: 242.38MB
2026-7-13 09:09:58-debug: run package(huawei-quick-game) handler(enable) start
2026-7-13 09:09:58-debug: run package(huawei-quick-game) handler(enable) success!
2026-7-13 09:09:58-debug: run package(huawei-agc) handler(enable) success!
2026-7-13 09:09:58-debug: run package(ios) handler(enable) start
2026-7-13 09:09:58-debug: run package(huawei-agc) handler(enable) start
2026-7-13 09:09:58-debug: run package(linux) handler(enable) start
2026-7-13 09:09:58-debug: run package(linux) handler(enable) success!
2026-7-13 09:09:58-debug: run package(mac) handler(enable) start
2026-7-13 09:09:58-debug: run package(mac) handler(enable) success!
2026-7-13 09:09:58-debug: run package(migu-mini-game) handler(enable) success!
2026-7-13 09:09:58-debug: run package(ios) handler(enable) success!
2026-7-13 09:09:58-debug: run package(migu-mini-game) handler(enable) start
2026-7-13 09:09:58-debug: run package(native) handler(enable) start
2026-7-13 09:09:58-debug: run package(native) handler(enable) success!
2026-7-13 09:09:58-debug: run package(ohos) handler(enable) start
2026-7-13 09:09:58-debug: run package(oppo-mini-game) handler(enable) start
2026-7-13 09:09:58-debug: run package(oppo-mini-game) handler(enable) success!
2026-7-13 09:09:58-debug: run package(runtime-dev-tools) handler(enable) success!
2026-7-13 09:09:58-debug: run package(runtime-dev-tools) handler(enable) start
2026-7-13 09:09:58-debug: run package(taobao-mini-game) handler(enable) start
2026-7-13 09:09:58-debug: run package(taobao-mini-game) handler(enable) success!
2026-7-13 09:09:58-debug: run package(vivo-mini-game) handler(enable) start
2026-7-13 09:09:58-debug: run package(vivo-mini-game) handler(enable) success!
2026-7-13 09:09:58-debug: run package(ohos) handler(enable) success!
2026-7-13 09:09:58-debug: run package(web-desktop) handler(enable) start
2026-7-13 09:09:58-debug: run package(web-desktop) handler(enable) success!
2026-7-13 09:09:58-debug: run package(wechatgame) handler(enable) start
2026-7-13 09:09:58-debug: run package(wechatgame) handler(enable) success!
2026-7-13 09:09:58-debug: run package(web-mobile) handler(enable) start
2026-7-13 09:09:58-debug: run package(wechatprogram) handler(enable) start
2026-7-13 09:09:58-debug: run package(wechatprogram) handler(enable) success!
2026-7-13 09:09:58-debug: run package(windows) handler(enable) start
2026-7-13 09:09:58-debug: run package(web-mobile) handler(enable) success!
2026-7-13 09:09:58-debug: run package(xiaomi-quick-game) handler(enable) start
2026-7-13 09:09:58-debug: run package(xiaomi-quick-game) handler(enable) success!
2026-7-13 09:09:58-debug: run package(cocos-service) handler(enable) success!
2026-7-13 09:09:58-debug: run package(cocos-service) handler(enable) start
2026-7-13 09:09:58-debug: run package(im-plugin) handler(enable) success!
2026-7-13 09:09:58-debug: run package(windows) handler(enable) success!
2026-7-13 09:09:58-debug: run package(placeholder) handler(enable) start
2026-7-13 09:09:58-debug: run package(placeholder) handler(enable) success!
2026-7-13 09:09:58-debug: run package(im-plugin) handler(enable) start
2026-7-13 09:09:58-debug: asset-db:worker-init: initPlugin (1581ms)
2026-7-13 09:09:58-debug: [Assets Memory track]: asset-db:worker-init start:27.94MB, end 323.32MB, increase: 295.38MB
2026-7-13 09:09:58-debug: Run asset db hook programming:beforePreStart ...
2026-7-13 09:09:58-debug: Run asset db hook programming:beforePreStart success!
2026-7-13 09:09:58-debug: Run asset db hook engine-extends:beforePreStart ...
2026-7-13 09:09:58-debug: Run asset db hook engine-extends:beforePreStart success!
2026-7-13 09:09:58-debug: asset-db:worker-init (2329ms)
2026-7-13 09:09:58-debug: asset-db-hook-programming-beforePreStart (98ms)
2026-7-13 09:09:58-debug: asset-db-hook-engine-extends-beforePreStart (98ms)
2026-7-13 09:09:58-debug: Preimport db internal success
2026-7-13 09:09:58-debug: Preimport db assets success
2026-7-13 09:09:58-debug: Run asset db hook programming:afterPreStart ...
2026-7-13 09:09:58-debug: starting packer-driver...
2026-7-13 09:09:59-debug: initialize scripting environment...
2026-7-13 09:09:59-debug: [[Executor]] prepare before lock
2026-7-13 09:09:59-debug: Set detail map pack:///resolution-detail-map.json: {}
2026-7-13 09:09:59-debug: [[Executor]] prepare after unlock
2026-7-13 09:09:59-debug: Run asset db hook programming:afterPreStart success!
2026-7-13 09:09:59-debug: [Assets Memory track]: asset-db:worker-init: preStart start:323.34MB, end 329.62MB, increase: 6.28MB
2026-7-13 09:09:59-debug: Start up the 'internal' database...
2026-7-13 09:09:59-debug: Run asset db hook engine-extends:afterPreStart success!
2026-7-13 09:09:59-debug: Run asset db hook engine-extends:afterPreStart ...
2026-7-13 09:09:59-debug: asset-db-hook-programming-afterPreStart (1052ms)
2026-7-13 09:09:59-debug: asset-db:worker-effect-data-processing (318ms)
2026-7-13 09:09:59-debug: asset-db-hook-engine-extends-afterPreStart (319ms)
2026-7-13 09:09:59-debug: Run asset db hook engine-extends:afterStartDB ...
2026-7-13 09:09:59-debug: recompile effect.bin success
2026-7-13 09:09:59-debug: Run asset db hook engine-extends:afterStartDB success!
2026-7-13 09:09:59-debug: Start up the 'assets' database...
2026-7-13 09:10:00-debug: asset-db:worker-effect-data-processing (508ms)
2026-7-13 09:10:00-debug: asset-db-hook-engine-extends-afterStartDB (509ms)
2026-7-13 09:10:00-debug: Run asset db hook engine-extends:afterStartDB ...
2026-7-13 09:10:00-debug: recompile effect.bin success
2026-7-13 09:10:00-debug: Run asset db hook engine-extends:afterStartDB success!
2026-7-13 09:10:00-debug: [Assets Memory track]: asset-db:worker-init: startup start:329.63MB, end 370.56MB, increase: 40.93MB
2026-7-13 09:10:00-debug: lazy register asset handler *
2026-7-13 09:10:00-debug: lazy register asset handler directory
2026-7-13 09:10:00-debug: lazy register asset handler spine-data
2026-7-13 09:10:00-debug: lazy register asset handler dragonbones
2026-7-13 09:10:00-debug: lazy register asset handler dragonbones-atlas
2026-7-13 09:10:00-debug: lazy register asset handler terrain
2026-7-13 09:10:00-debug: lazy register asset handler javascript
2026-7-13 09:10:00-debug: lazy register asset handler text
2026-7-13 09:10:00-debug: lazy register asset handler typescript
2026-7-13 09:10:00-debug: lazy register asset handler scene
2026-7-13 09:10:00-debug: lazy register asset handler prefab
2026-7-13 09:10:00-debug: lazy register asset handler sprite-frame
2026-7-13 09:10:00-debug: lazy register asset handler tiled-map
2026-7-13 09:10:00-debug: lazy register asset handler image
2026-7-13 09:10:00-debug: lazy register asset handler json
2026-7-13 09:10:00-debug: lazy register asset handler buffer
2026-7-13 09:10:00-debug: lazy register asset handler alpha-image
2026-7-13 09:10:00-debug: lazy register asset handler texture-cube
2026-7-13 09:10:00-debug: lazy register asset handler erp-texture-cube
2026-7-13 09:10:00-debug: lazy register asset handler sign-image
2026-7-13 09:10:00-debug: lazy register asset handler render-texture
2026-7-13 09:10:00-debug: lazy register asset handler rt-sprite-frame
2026-7-13 09:10:00-debug: lazy register asset handler texture-cube-face
2026-7-13 09:10:00-debug: lazy register asset handler gltf
2026-7-13 09:10:00-debug: lazy register asset handler texture
2026-7-13 09:10:00-debug: lazy register asset handler gltf-skeleton
2026-7-13 09:10:00-debug: lazy register asset handler gltf-animation
2026-7-13 09:10:00-debug: lazy register asset handler gltf-mesh
2026-7-13 09:10:00-debug: lazy register asset handler gltf-material
2026-7-13 09:10:00-debug: lazy register asset handler gltf-embeded-image
2026-7-13 09:10:00-debug: lazy register asset handler gltf-scene
2026-7-13 09:10:00-debug: lazy register asset handler physics-material
2026-7-13 09:10:00-debug: lazy register asset handler material
2026-7-13 09:10:00-debug: lazy register asset handler fbx
2026-7-13 09:10:00-debug: lazy register asset handler effect
2026-7-13 09:10:00-debug: lazy register asset handler audio-clip
2026-7-13 09:10:00-debug: lazy register asset handler effect-header
2026-7-13 09:10:00-debug: lazy register asset handler animation-clip
2026-7-13 09:10:00-debug: lazy register asset handler animation-graph
2026-7-13 09:10:00-debug: lazy register asset handler animation-graph-variant
2026-7-13 09:10:00-debug: lazy register asset handler ttf-font
2026-7-13 09:10:00-debug: lazy register asset handler animation-mask
2026-7-13 09:10:00-debug: lazy register asset handler bitmap-font
2026-7-13 09:10:00-debug: lazy register asset handler particle
2026-7-13 09:10:00-debug: lazy register asset handler sprite-atlas
2026-7-13 09:10:00-debug: lazy register asset handler render-pipeline
2026-7-13 09:10:00-debug: lazy register asset handler render-stage
2026-7-13 09:10:00-debug: lazy register asset handler render-flow
2026-7-13 09:10:00-debug: lazy register asset handler instantiation-material
2026-7-13 09:10:00-debug: lazy register asset handler label-atlas
2026-7-13 09:10:00-debug: lazy register asset handler instantiation-mesh
2026-7-13 09:10:00-debug: lazy register asset handler instantiation-skeleton
2026-7-13 09:10:00-debug: lazy register asset handler instantiation-animation
2026-7-13 09:10:00-debug: asset-db:worker-effect-data-processing (250ms)
2026-7-13 09:10:00-debug: lazy register asset handler auto-atlas
2026-7-13 09:10:00-debug: lazy register asset handler video-clip
2026-7-13 09:10:00-debug: asset-db-hook-engine-extends-afterStartDB (250ms)
2026-7-13 09:10:00-debug: asset-db:ready (6542ms)
2026-7-13 09:10:00-debug: asset-db:start-database (2287ms)
2026-7-13 09:10:00-debug: init worker message success
2026-7-13 09:10:00-debug: programming:execute-script (7ms)
2026-7-13 09:10:00-debug: [Build Memory track]: builder:worker-init start:370.55MB, end 382.92MB, increase: 12.37MB
2026-7-13 09:10:00-debug: builder:worker-init (350ms)
2026-7-13 09:10:15-debug: Query all assets info in project
2026-7-13 09:10:15-debug: init custom config: keepNodeUuid: false, useCache: true
2026-7-13 09:10:15-debug: Skip compress image, progress: 0%
2026-7-13 09:10:15-debug: Init all bundles start..., progress: 0%
2026-7-13 09:10:15-debug: Query asset bundle start, progress: 0%
2026-7-13 09:10:15-debug: // ---- build task Query asset bundle ----
2026-7-13 09:10:15-debug: Init bundle root assets start..., progress: 0%
2026-7-13 09:10:15-debug: Num of bundles: 3..., progress: 0%
2026-7-13 09:10:15-debug: Query preload assets/scripts from cc.config.json: 60f7195c-ec2a-45eb-ba94-8955f60e81d0,1c02ae6f-4492-4915-b8f8-7492a3b1e4cd,810e96e4-e456-4468-9b59-f4e8f39732c0,efe8e2a3-eace-427b-b4f1-cb8a937ec77d,e9aa9a3e-5b2b-4ac7-a2c7-073de2b2b24f,8bbdbcdd-5cd4-4100-b6d5-b7c9625b6107,50f4348b-c883-4e2f-8f11-ce233b859fa1,fda095cb-831d-4601-ad94-846013963de8,f92806d7-1768-443f-afe8-12bcde84d0f0,dd3a144d-ab7f-41f0-82b8-2e43a090d496,f0416e68-0200-4b77-a926-4f9d16e494da,511d2633-09a7-4bdd-ac42-f778032124b3,5d45aa00-e064-4938-b314-4265f0c2258c,9361fd90-ba52-4f84-aa93-6e878fd576ca,970b0598-bcb0-4714-91fb-2e81440dccd8,bcd64cc6-2dd9-43f6-abbe-66318d332032,d930590d-bb92-4cc8-8bd1-23cd027f9edf,a3cd009f-0ab0-420d-9278-b9fdab939bbc,6a2d0734-bd9e-4ddf-946e-caa52498cb75,c27215d8-6835-4b68-bfbb-bdeac6100c04,b5d6115f-0370-4d7c-aad3-c194cc71cf98,d1346436-ac96-4271-b863-1f4fdead95b0,971bdb23-3ff6-43eb-b422-1c30165a3663,17debcc3-0a6b-4b8a-b00b-dc58b885581e,711ebe11-f673-4cd9-9a83-63c60ba54c5b,c0143906-9aed-447e-9436-2ae8512d1b6e,14da1725-c4c2-42b4-ab08-ee0aeb6898b3,081cab31-dccd-428e-8652-f2404cc81c47,78e0584a-4343-4727-8f37-e14e65c2a2db,ba21476f-2866-4f81-9c4d-6e359316e448,871c3b6c-7379-419d-bda3-794b239ab90d,1d08ef62-a503-4ce2-8b9a-46c90873f7d3,ff9b0199-ce04-4cfe-86cc-6c719f08d6e4,de1c2107-70c8-4021-8459-6399f24d01c6,cbf30902-517f-40dc-af90-a550bac27cf1,5c601d96-e4c7-4698-991b-7ee674b11079
2026-7-13 09:10:15-debug:   Number of all scenes: 3
2026-7-13 09:10:15-debug:   Number of all scripts: 217
2026-7-13 09:10:15-debug:   Number of other assets: 1875
2026-7-13 09:10:15-debug: Init bundle root assets success..., progress: 0%
2026-7-13 09:10:15-debug: // ---- build task Query asset bundle ---- (28ms)
2026-7-13 09:10:15-log: run build task Query asset bundle success in 28 ms√, progress: 5%
2026-7-13 09:10:15-debug: [Build Memory track]: Query asset bundle start:229.44MB, end 227.94MB, increase: -1537.05KB
2026-7-13 09:10:15-debug: // ---- build task Query asset bundle ----
2026-7-13 09:10:15-debug: Query asset bundle start, progress: 5%
2026-7-13 09:10:15-debug: // ---- build task Query asset bundle ---- (2ms)
2026-7-13 09:10:15-log: run build task Query asset bundle success in 2 ms√, progress: 10%
2026-7-13 09:10:15-debug: // ---- build task Sort some build options to settings.json ----
2026-7-13 09:10:15-debug: [Build Memory track]: Query asset bundle start:227.98MB, end 226.90MB, increase: -1112.18KB
2026-7-13 09:10:15-debug: Sort some build options to settings.json start, progress: 10%
2026-7-13 09:10:15-log: run build task Sort some build options to settings.json success in √, progress: 12%
2026-7-13 09:10:15-debug: // ---- build task Fill script data to settings ----
2026-7-13 09:10:15-debug: [Build Memory track]: Sort some build options to settings.json start:226.94MB, end 226.96MB, increase: 21.43KB
2026-7-13 09:10:15-debug: Fill script data to settings start, progress: 12%
2026-7-13 09:10:15-log: run build task Fill script data to settings success in √, progress: 13%
2026-7-13 09:10:15-debug: [Build Memory track]: Fill script data to settings start:227.01MB, end 227.02MB, increase: 20.20KB
2026-7-13 09:10:15-debug: Sort some build options to settings.json start, progress: 13%
2026-7-13 09:10:15-debug: // ---- build task Sort some build options to settings.json ----
2026-7-13 09:10:15-debug: // ---- build task Sort some build options to settings.json ---- (2ms)
2026-7-13 09:10:15-log: run build task Sort some build options to settings.json success in 2 ms√, progress: 15%
2026-7-13 09:10:15-debug: [Build Memory track]: Sort some build options to settings.json start:227.06MB, end 227.22MB, increase: 158.66KB
2026-7-13 09:10:30-debug: refresh db internal success
2026-7-13 09:10:30-debug: refresh db assets success
2026-7-13 09:10:30-debug: Run asset db hook engine-extends:afterRefresh ...
2026-7-13 09:10:30-debug: Run asset db hook engine-extends:afterRefresh success!
2026-7-13 09:10:30-debug: asset-db:refresh-all-database (117ms)
2026-7-13 09:10:30-debug: asset-db:worker-effect-data-processing (1ms)
2026-7-13 09:10:30-debug: asset-db-hook-engine-extends-afterRefresh (2ms)
2026-7-13 09:10:44-debug: refresh db internal success
2026-7-13 09:10:44-debug: refresh db assets success
2026-7-13 09:10:44-debug: Run asset db hook engine-extends:afterRefresh ...
2026-7-13 09:10:44-debug: Run asset db hook engine-extends:afterRefresh success!
2026-7-13 09:10:44-debug: asset-db:refresh-all-database (103ms)
2026-7-13 09:10:44-debug: asset-db-hook-engine-extends-afterRefresh (1ms)
2026-7-13 09:10:51-debug: refresh db internal success
2026-7-13 09:10:51-debug: refresh db assets success
2026-7-13 09:10:51-debug: Run asset db hook engine-extends:afterRefresh ...
2026-7-13 09:10:51-debug: Run asset db hook engine-extends:afterRefresh success!
2026-7-13 09:10:51-debug: asset-db:refresh-all-database (106ms)
2026-7-13 09:10:51-debug: asset-db-hook-engine-extends-afterRefresh (1ms)
2026-7-13 09:10:51-debug: asset-db:worker-effect-data-processing (1ms)
2026-7-13 09:14:02-debug: refresh db internal success
2026-7-13 09:14:02-debug: %cImport%c: E:\game\回到地面\assets\scripts\render\CharacterModelAssembler.tsbackground: #aaff85; color: #000;color: #000;
2026-7-13 09:14:02-debug: refresh db assets success
2026-7-13 09:14:02-debug: Run asset db hook engine-extends:afterRefresh success!
2026-7-13 09:14:02-debug: Run asset db hook engine-extends:afterRefresh ...
2026-7-13 09:14:02-debug: asset-db:refresh-all-database (109ms)
2026-7-13 09:14:02-debug: asset-db-hook-engine-extends-afterRefresh (2ms)
2026-7-13 09:14:02-debug: asset-db:worker-effect-data-processing (1ms)
2026-7-13 09:14:04-debug: Query all assets info in project
2026-7-13 09:14:04-debug: init custom config: keepNodeUuid: false, useCache: true
2026-7-13 09:14:04-debug: Skip compress image, progress: 0%
2026-7-13 09:14:04-debug: Init all bundles start..., progress: 0%
2026-7-13 09:14:04-debug: // ---- build task Query asset bundle ----
2026-7-13 09:14:04-debug: Init bundle root assets start..., progress: 0%
2026-7-13 09:14:04-debug: Num of bundles: 3..., progress: 0%
2026-7-13 09:14:04-debug: Query asset bundle start, progress: 0%
2026-7-13 09:14:04-debug: Query preload assets/scripts from cc.config.json: 60f7195c-ec2a-45eb-ba94-8955f60e81d0,1c02ae6f-4492-4915-b8f8-7492a3b1e4cd,810e96e4-e456-4468-9b59-f4e8f39732c0,efe8e2a3-eace-427b-b4f1-cb8a937ec77d,e9aa9a3e-5b2b-4ac7-a2c7-073de2b2b24f,8bbdbcdd-5cd4-4100-b6d5-b7c9625b6107,50f4348b-c883-4e2f-8f11-ce233b859fa1,fda095cb-831d-4601-ad94-846013963de8,f92806d7-1768-443f-afe8-12bcde84d0f0,dd3a144d-ab7f-41f0-82b8-2e43a090d496,f0416e68-0200-4b77-a926-4f9d16e494da,511d2633-09a7-4bdd-ac42-f778032124b3,5d45aa00-e064-4938-b314-4265f0c2258c,9361fd90-ba52-4f84-aa93-6e878fd576ca,970b0598-bcb0-4714-91fb-2e81440dccd8,bcd64cc6-2dd9-43f6-abbe-66318d332032,d930590d-bb92-4cc8-8bd1-23cd027f9edf,a3cd009f-0ab0-420d-9278-b9fdab939bbc,6a2d0734-bd9e-4ddf-946e-caa52498cb75,c27215d8-6835-4b68-bfbb-bdeac6100c04,b5d6115f-0370-4d7c-aad3-c194cc71cf98,d1346436-ac96-4271-b863-1f4fdead95b0,971bdb23-3ff6-43eb-b422-1c30165a3663,17debcc3-0a6b-4b8a-b00b-dc58b885581e,711ebe11-f673-4cd9-9a83-63c60ba54c5b,c0143906-9aed-447e-9436-2ae8512d1b6e,14da1725-c4c2-42b4-ab08-ee0aeb6898b3,081cab31-dccd-428e-8652-f2404cc81c47,78e0584a-4343-4727-8f37-e14e65c2a2db,ba21476f-2866-4f81-9c4d-6e359316e448,871c3b6c-7379-419d-bda3-794b239ab90d,1d08ef62-a503-4ce2-8b9a-46c90873f7d3,ff9b0199-ce04-4cfe-86cc-6c719f08d6e4,de1c2107-70c8-4021-8459-6399f24d01c6,cbf30902-517f-40dc-af90-a550bac27cf1,5c601d96-e4c7-4698-991b-7ee674b11079
2026-7-13 09:14:04-debug:   Number of all scripts: 217
2026-7-13 09:14:04-debug:   Number of other assets: 1875
2026-7-13 09:14:04-debug: Init bundle root assets success..., progress: 0%
2026-7-13 09:14:04-debug:   Number of all scenes: 3
2026-7-13 09:14:04-debug: // ---- build task Query asset bundle ---- (27ms)
2026-7-13 09:14:04-log: run build task Query asset bundle success in 27 ms√, progress: 5%
2026-7-13 09:14:04-debug: [Build Memory track]: Query asset bundle start:240.09MB, end 238.24MB, increase: -1894.26KB
2026-7-13 09:14:04-debug: // ---- build task Query asset bundle ----
2026-7-13 09:14:04-debug: Query asset bundle start, progress: 5%
2026-7-13 09:14:04-debug: // ---- build task Query asset bundle ---- (2ms)
2026-7-13 09:14:04-log: run build task Query asset bundle success in 2 ms√, progress: 10%
2026-7-13 09:14:04-debug: [Build Memory track]: Query asset bundle start:238.28MB, end 238.73MB, increase: 454.41KB
2026-7-13 09:14:04-debug: // ---- build task Sort some build options to settings.json ----
2026-7-13 09:14:04-debug: Sort some build options to settings.json start, progress: 10%
2026-7-13 09:14:04-log: run build task Sort some build options to settings.json success in √, progress: 12%
2026-7-13 09:14:04-debug: [Build Memory track]: Sort some build options to settings.json start:238.77MB, end 238.79MB, increase: 21.12KB
2026-7-13 09:14:04-debug: // ---- build task Fill script data to settings ----
2026-7-13 09:14:04-debug: Fill script data to settings start, progress: 12%
2026-7-13 09:14:04-debug: // ---- build task Fill script data to settings ---- (1ms)
2026-7-13 09:14:04-log: run build task Fill script data to settings success in 1 ms√, progress: 13%
2026-7-13 09:14:04-debug: // ---- build task Sort some build options to settings.json ----
2026-7-13 09:14:04-debug: [Build Memory track]: Fill script data to settings start:238.83MB, end 238.87MB, increase: 37.08KB
2026-7-13 09:14:04-debug: Sort some build options to settings.json start, progress: 13%
2026-7-13 09:14:04-debug: // ---- build task Sort some build options to settings.json ---- (3ms)
2026-7-13 09:14:04-log: run build task Sort some build options to settings.json success in 3 ms√, progress: 15%
2026-7-13 09:14:04-debug: [Build Memory track]: Sort some build options to settings.json start:238.91MB, end 239.07MB, increase: 170.71KB
2026-7-13 09:14:23-debug: refresh db internal success
2026-7-13 09:14:23-debug: refresh db assets success
2026-7-13 09:14:23-debug: Run asset db hook engine-extends:afterRefresh success!
2026-7-13 09:14:23-debug: Run asset db hook engine-extends:afterRefresh ...
2026-7-13 09:14:23-debug: asset-db:refresh-all-database (104ms)
2026-7-13 09:14:23-debug: asset-db:worker-effect-data-processing (1ms)
2026-7-13 09:14:23-debug: asset-db-hook-engine-extends-afterRefresh (1ms)
2026-7-13 09:14:48-debug: refresh db internal success
2026-7-13 09:14:48-debug: refresh db assets success
2026-7-13 09:14:48-debug: Run asset db hook engine-extends:afterRefresh ...
2026-7-13 09:14:48-debug: Run asset db hook engine-extends:afterRefresh success!
2026-7-13 09:14:48-debug: asset-db:refresh-all-database (100ms)
2026-7-13 09:14:48-debug: asset-db-hook-engine-extends-afterRefresh (1ms)
2026-7-13 09:14:57-debug: refresh db internal success
2026-7-13 09:14:57-debug: refresh db assets success
2026-7-13 09:14:57-debug: Run asset db hook engine-extends:afterRefresh success!
2026-7-13 09:14:57-debug: Run asset db hook engine-extends:afterRefresh ...
2026-7-13 09:14:57-debug: asset-db:refresh-all-database (120ms)
2026-7-13 09:14:57-debug: asset-db:worker-effect-data-processing (1ms)
2026-7-13 09:14:57-debug: asset-db-hook-engine-extends-afterRefresh (1ms)
2026-7-13 09:20:36-debug: refresh db internal success
2026-7-13 09:20:37-debug: %cImport%c: E:\game\回到地面\assets\scripts\render\CharacterModelAssembler.tsbackground: #aaff85; color: #000;color: #000;
2026-7-13 09:20:37-debug: %cImport%c: E:\game\回到地面\assets\scripts\render\CharacterVisualService.tsbackground: #aaff85; color: #000;color: #000;
2026-7-13 09:20:37-debug: refresh db assets success
2026-7-13 09:20:37-debug: Run asset db hook engine-extends:afterRefresh ...
2026-7-13 09:20:37-debug: Run asset db hook engine-extends:afterRefresh success!
2026-7-13 09:20:37-debug: asset-db:refresh-all-database (116ms)
2026-7-13 09:20:37-debug: asset-db:worker-effect-data-processing (1ms)
2026-7-13 09:20:37-debug: asset-db-hook-engine-extends-afterRefresh (1ms)
2026-7-13 09:23:13-debug: refresh db internal success
2026-7-13 09:23:13-debug: %cImport%c: E:\game\回到地面\assets\scripts\render\CharacterVisualService.tsbackground: #aaff85; color: #000;color: #000;
2026-7-13 09:23:13-debug: %cImport%c: E:\game\回到地面\assets\scripts\ui\main\CreatePanel.tsbackground: #aaff85; color: #000;color: #000;
2026-7-13 09:23:13-debug: refresh db assets success
2026-7-13 09:23:13-debug: Run asset db hook engine-extends:afterRefresh success!
2026-7-13 09:23:13-debug: Run asset db hook engine-extends:afterRefresh ...
2026-7-13 09:23:13-debug: asset-db:refresh-all-database (104ms)
2026-7-13 09:23:13-debug: asset-db:worker-effect-data-processing (1ms)
2026-7-13 09:23:13-debug: asset-db-hook-engine-extends-afterRefresh (1ms)
2026-7-13 09:23:14-debug: Query all assets info in project
2026-7-13 09:23:14-debug: init custom config: keepNodeUuid: false, useCache: true
2026-7-13 09:23:14-debug: Skip compress image, progress: 0%
2026-7-13 09:23:14-debug: Init all bundles start..., progress: 0%
2026-7-13 09:23:14-debug: // ---- build task Query asset bundle ----
2026-7-13 09:23:14-debug: Init bundle root assets start..., progress: 0%
2026-7-13 09:23:14-debug: Num of bundles: 3..., progress: 0%
2026-7-13 09:23:14-debug: Query asset bundle start, progress: 0%
2026-7-13 09:23:14-debug: Query preload assets/scripts from cc.config.json: 60f7195c-ec2a-45eb-ba94-8955f60e81d0,1c02ae6f-4492-4915-b8f8-7492a3b1e4cd,810e96e4-e456-4468-9b59-f4e8f39732c0,efe8e2a3-eace-427b-b4f1-cb8a937ec77d,e9aa9a3e-5b2b-4ac7-a2c7-073de2b2b24f,8bbdbcdd-5cd4-4100-b6d5-b7c9625b6107,50f4348b-c883-4e2f-8f11-ce233b859fa1,fda095cb-831d-4601-ad94-846013963de8,f92806d7-1768-443f-afe8-12bcde84d0f0,dd3a144d-ab7f-41f0-82b8-2e43a090d496,f0416e68-0200-4b77-a926-4f9d16e494da,511d2633-09a7-4bdd-ac42-f778032124b3,5d45aa00-e064-4938-b314-4265f0c2258c,9361fd90-ba52-4f84-aa93-6e878fd576ca,970b0598-bcb0-4714-91fb-2e81440dccd8,bcd64cc6-2dd9-43f6-abbe-66318d332032,d930590d-bb92-4cc8-8bd1-23cd027f9edf,a3cd009f-0ab0-420d-9278-b9fdab939bbc,6a2d0734-bd9e-4ddf-946e-caa52498cb75,c27215d8-6835-4b68-bfbb-bdeac6100c04,b5d6115f-0370-4d7c-aad3-c194cc71cf98,d1346436-ac96-4271-b863-1f4fdead95b0,971bdb23-3ff6-43eb-b422-1c30165a3663,17debcc3-0a6b-4b8a-b00b-dc58b885581e,711ebe11-f673-4cd9-9a83-63c60ba54c5b,c0143906-9aed-447e-9436-2ae8512d1b6e,14da1725-c4c2-42b4-ab08-ee0aeb6898b3,081cab31-dccd-428e-8652-f2404cc81c47,78e0584a-4343-4727-8f37-e14e65c2a2db,ba21476f-2866-4f81-9c4d-6e359316e448,871c3b6c-7379-419d-bda3-794b239ab90d,1d08ef62-a503-4ce2-8b9a-46c90873f7d3,ff9b0199-ce04-4cfe-86cc-6c719f08d6e4,de1c2107-70c8-4021-8459-6399f24d01c6,cbf30902-517f-40dc-af90-a550bac27cf1,5c601d96-e4c7-4698-991b-7ee674b11079
2026-7-13 09:23:14-debug:   Number of all scenes: 3
2026-7-13 09:23:14-debug:   Number of other assets: 1875
2026-7-13 09:23:14-debug:   Number of all scripts: 217
2026-7-13 09:23:14-debug: Init bundle root assets success..., progress: 0%
2026-7-13 09:23:14-debug: // ---- build task Query asset bundle ---- (25ms)
2026-7-13 09:23:14-log: run build task Query asset bundle success in 25 ms√, progress: 5%
2026-7-13 09:23:14-debug: [Build Memory track]: Query asset bundle start:235.28MB, end 233.47MB, increase: -1860.34KB
2026-7-13 09:23:14-debug: Query asset bundle start, progress: 5%
2026-7-13 09:23:14-debug: // ---- build task Query asset bundle ----
2026-7-13 09:23:14-debug: // ---- build task Query asset bundle ---- (2ms)
2026-7-13 09:23:14-log: run build task Query asset bundle success in 2 ms√, progress: 10%
2026-7-13 09:23:14-debug: [Build Memory track]: Query asset bundle start:233.51MB, end 233.95MB, increase: 454.36KB
2026-7-13 09:23:14-debug: Sort some build options to settings.json start, progress: 10%
2026-7-13 09:23:14-debug: // ---- build task Sort some build options to settings.json ----
2026-7-13 09:23:14-log: run build task Sort some build options to settings.json success in √, progress: 12%
2026-7-13 09:23:14-debug: [Build Memory track]: Sort some build options to settings.json start:233.99MB, end 234.01MB, increase: 26.33KB
2026-7-13 09:23:14-debug: // ---- build task Fill script data to settings ----
2026-7-13 09:23:14-debug: Fill script data to settings start, progress: 12%
2026-7-13 09:23:14-log: run build task Fill script data to settings success in √, progress: 13%
2026-7-13 09:23:14-debug: [Build Memory track]: Fill script data to settings start:234.05MB, end 234.07MB, increase: 19.71KB
2026-7-13 09:23:14-debug: // ---- build task Sort some build options to settings.json ----
2026-7-13 09:23:14-debug: Sort some build options to settings.json start, progress: 13%
2026-7-13 09:23:14-debug: // ---- build task Sort some build options to settings.json ---- (1ms)
2026-7-13 09:23:14-log: run build task Sort some build options to settings.json success in 1 ms√, progress: 15%
2026-7-13 09:23:14-debug: [Build Memory track]: Sort some build options to settings.json start:234.11MB, end 234.25MB, increase: 142.55KB
2026-7-13 09:23:23-debug: refresh db internal success
2026-7-13 09:23:23-debug: refresh db assets success
2026-7-13 09:23:23-debug: Run asset db hook engine-extends:afterRefresh ...
2026-7-13 09:23:23-debug: Run asset db hook engine-extends:afterRefresh success!
2026-7-13 09:23:23-debug: asset-db:refresh-all-database (104ms)
2026-7-13 09:23:23-debug: asset-db:worker-effect-data-processing (1ms)
2026-7-13 09:23:23-debug: asset-db-hook-engine-extends-afterRefresh (1ms)
2026-7-13 09:23:32-debug: refresh db internal success
2026-7-13 09:23:32-debug: refresh db assets success
2026-7-13 09:23:32-debug: Run asset db hook engine-extends:afterRefresh ...
2026-7-13 09:23:32-debug: Run asset db hook engine-extends:afterRefresh success!
2026-7-13 09:23:32-debug: asset-db:refresh-all-database (94ms)
2026-7-13 09:23:32-debug: asset-db-hook-engine-extends-afterRefresh (1ms)
2026-7-13 09:23:37-debug: refresh db internal success
2026-7-13 09:23:38-debug: refresh db assets success
2026-7-13 09:23:38-debug: Run asset db hook engine-extends:afterRefresh ...
2026-7-13 09:23:38-debug: Run asset db hook engine-extends:afterRefresh success!
2026-7-13 09:23:38-debug: asset-db:refresh-all-database (100ms)
2026-7-13 09:27:42-debug: refresh db internal success
2026-7-13 09:27:42-debug: %cImport%c: E:\game\回到地面\assets\scripts\render\CharacterModelAssembler.tsbackground: #aaff85; color: #000;color: #000;
2026-7-13 09:27:42-debug: refresh db assets success
2026-7-13 09:27:42-debug: Run asset db hook engine-extends:afterRefresh success!
2026-7-13 09:27:42-debug: Run asset db hook engine-extends:afterRefresh ...
2026-7-13 09:27:42-debug: asset-db:refresh-all-database (104ms)
2026-7-13 09:27:42-debug: asset-db-hook-engine-extends-afterRefresh (2ms)
2026-7-13 09:27:42-debug: asset-db:worker-effect-data-processing (2ms)
2026-7-13 09:27:46-debug: Query all assets info in project
2026-7-13 09:27:46-debug: init custom config: keepNodeUuid: false, useCache: true
2026-7-13 09:27:46-debug: Skip compress image, progress: 0%
2026-7-13 09:27:46-debug: Init all bundles start..., progress: 0%
2026-7-13 09:27:46-debug: Query asset bundle start, progress: 0%
2026-7-13 09:27:46-debug: Num of bundles: 3..., progress: 0%
2026-7-13 09:27:46-debug: Init bundle root assets start..., progress: 0%
2026-7-13 09:27:46-debug: // ---- build task Query asset bundle ----
2026-7-13 09:27:46-debug: Query preload assets/scripts from cc.config.json: 60f7195c-ec2a-45eb-ba94-8955f60e81d0,1c02ae6f-4492-4915-b8f8-7492a3b1e4cd,810e96e4-e456-4468-9b59-f4e8f39732c0,efe8e2a3-eace-427b-b4f1-cb8a937ec77d,e9aa9a3e-5b2b-4ac7-a2c7-073de2b2b24f,8bbdbcdd-5cd4-4100-b6d5-b7c9625b6107,50f4348b-c883-4e2f-8f11-ce233b859fa1,fda095cb-831d-4601-ad94-846013963de8,f92806d7-1768-443f-afe8-12bcde84d0f0,dd3a144d-ab7f-41f0-82b8-2e43a090d496,f0416e68-0200-4b77-a926-4f9d16e494da,511d2633-09a7-4bdd-ac42-f778032124b3,5d45aa00-e064-4938-b314-4265f0c2258c,9361fd90-ba52-4f84-aa93-6e878fd576ca,970b0598-bcb0-4714-91fb-2e81440dccd8,bcd64cc6-2dd9-43f6-abbe-66318d332032,d930590d-bb92-4cc8-8bd1-23cd027f9edf,a3cd009f-0ab0-420d-9278-b9fdab939bbc,6a2d0734-bd9e-4ddf-946e-caa52498cb75,c27215d8-6835-4b68-bfbb-bdeac6100c04,b5d6115f-0370-4d7c-aad3-c194cc71cf98,d1346436-ac96-4271-b863-1f4fdead95b0,971bdb23-3ff6-43eb-b422-1c30165a3663,17debcc3-0a6b-4b8a-b00b-dc58b885581e,711ebe11-f673-4cd9-9a83-63c60ba54c5b,c0143906-9aed-447e-9436-2ae8512d1b6e,14da1725-c4c2-42b4-ab08-ee0aeb6898b3,081cab31-dccd-428e-8652-f2404cc81c47,78e0584a-4343-4727-8f37-e14e65c2a2db,ba21476f-2866-4f81-9c4d-6e359316e448,871c3b6c-7379-419d-bda3-794b239ab90d,1d08ef62-a503-4ce2-8b9a-46c90873f7d3,ff9b0199-ce04-4cfe-86cc-6c719f08d6e4,de1c2107-70c8-4021-8459-6399f24d01c6,cbf30902-517f-40dc-af90-a550bac27cf1,5c601d96-e4c7-4698-991b-7ee674b11079
2026-7-13 09:27:46-debug:   Number of all scenes: 3
2026-7-13 09:27:46-debug:   Number of other assets: 1875
2026-7-13 09:27:46-debug: Init bundle root assets success..., progress: 0%
2026-7-13 09:27:46-debug:   Number of all scripts: 217
2026-7-13 09:27:46-debug: // ---- build task Query asset bundle ---- (22ms)
2026-7-13 09:27:46-log: run build task Query asset bundle success in 22 ms√, progress: 5%
2026-7-13 09:27:46-debug: [Build Memory track]: Query asset bundle start:244.96MB, end 242.77MB, increase: -2242.27KB
2026-7-13 09:27:46-debug: Query asset bundle start, progress: 5%
2026-7-13 09:27:46-debug: // ---- build task Query asset bundle ----
2026-7-13 09:27:46-debug: // ---- build task Query asset bundle ---- (2ms)
2026-7-13 09:27:46-log: run build task Query asset bundle success in 2 ms√, progress: 10%
2026-7-13 09:27:46-debug: [Build Memory track]: Query asset bundle start:242.81MB, end 243.31MB, increase: 511.07KB
2026-7-13 09:27:46-debug: // ---- build task Sort some build options to settings.json ----
2026-7-13 09:27:46-debug: Sort some build options to settings.json start, progress: 10%
2026-7-13 09:27:46-log: run build task Sort some build options to settings.json success in √, progress: 12%
2026-7-13 09:27:46-debug: [Build Memory track]: Sort some build options to settings.json start:243.35MB, end 243.37MB, increase: 29.47KB
2026-7-13 09:27:46-debug: Fill script data to settings start, progress: 12%
2026-7-13 09:27:46-debug: // ---- build task Fill script data to settings ----
2026-7-13 09:27:46-log: run build task Fill script data to settings success in √, progress: 13%
2026-7-13 09:27:46-debug: Sort some build options to settings.json start, progress: 13%
2026-7-13 09:27:46-debug: [Build Memory track]: Fill script data to settings start:243.41MB, end 243.43MB, increase: 19.65KB
2026-7-13 09:27:46-debug: // ---- build task Sort some build options to settings.json ----
2026-7-13 09:27:46-debug: // ---- build task Sort some build options to settings.json ---- (1ms)
2026-7-13 09:27:46-log: run build task Sort some build options to settings.json success in 1 ms√, progress: 15%
2026-7-13 09:27:46-debug: [Build Memory track]: Sort some build options to settings.json start:243.47MB, end 243.65MB, increase: 180.46KB
2026-7-13 09:27:59-debug: refresh db internal success
2026-7-13 09:27:59-debug: refresh db assets success
2026-7-13 09:27:59-debug: Run asset db hook engine-extends:afterRefresh success!
2026-7-13 09:27:59-debug: Run asset db hook engine-extends:afterRefresh ...
2026-7-13 09:27:59-debug: asset-db:refresh-all-database (99ms)
2026-7-13 09:29:54-debug: refresh db internal success
2026-7-13 09:29:54-debug: %cImport%c: E:\game\回到地面\assets\scripts\render\CharacterModelAssembler.tsbackground: #aaff85; color: #000;color: #000;
2026-7-13 09:29:54-debug: refresh db assets success
2026-7-13 09:29:54-debug: Run asset db hook engine-extends:afterRefresh ...
2026-7-13 09:29:54-debug: Run asset db hook engine-extends:afterRefresh success!
2026-7-13 09:29:54-debug: asset-db:refresh-all-database (126ms)
2026-7-13 09:29:54-debug: asset-db:worker-effect-data-processing (1ms)
2026-7-13 09:29:54-debug: asset-db-hook-engine-extends-afterRefresh (1ms)
2026-7-13 09:29:57-debug: Query all assets info in project
2026-7-13 09:29:57-debug: init custom config: keepNodeUuid: false, useCache: true
2026-7-13 09:29:57-debug: Skip compress image, progress: 0%
2026-7-13 09:29:57-debug: Init all bundles start..., progress: 0%
2026-7-13 09:29:57-debug: Num of bundles: 3..., progress: 0%
2026-7-13 09:29:57-debug: // ---- build task Query asset bundle ----
2026-7-13 09:29:57-debug: Init bundle root assets start..., progress: 0%
2026-7-13 09:29:57-debug: Query asset bundle start, progress: 0%
2026-7-13 09:29:57-debug: Query preload assets/scripts from cc.config.json: 60f7195c-ec2a-45eb-ba94-8955f60e81d0,1c02ae6f-4492-4915-b8f8-7492a3b1e4cd,810e96e4-e456-4468-9b59-f4e8f39732c0,efe8e2a3-eace-427b-b4f1-cb8a937ec77d,e9aa9a3e-5b2b-4ac7-a2c7-073de2b2b24f,8bbdbcdd-5cd4-4100-b6d5-b7c9625b6107,50f4348b-c883-4e2f-8f11-ce233b859fa1,fda095cb-831d-4601-ad94-846013963de8,f92806d7-1768-443f-afe8-12bcde84d0f0,dd3a144d-ab7f-41f0-82b8-2e43a090d496,f0416e68-0200-4b77-a926-4f9d16e494da,511d2633-09a7-4bdd-ac42-f778032124b3,5d45aa00-e064-4938-b314-4265f0c2258c,9361fd90-ba52-4f84-aa93-6e878fd576ca,970b0598-bcb0-4714-91fb-2e81440dccd8,bcd64cc6-2dd9-43f6-abbe-66318d332032,d930590d-bb92-4cc8-8bd1-23cd027f9edf,a3cd009f-0ab0-420d-9278-b9fdab939bbc,6a2d0734-bd9e-4ddf-946e-caa52498cb75,c27215d8-6835-4b68-bfbb-bdeac6100c04,b5d6115f-0370-4d7c-aad3-c194cc71cf98,d1346436-ac96-4271-b863-1f4fdead95b0,971bdb23-3ff6-43eb-b422-1c30165a3663,17debcc3-0a6b-4b8a-b00b-dc58b885581e,711ebe11-f673-4cd9-9a83-63c60ba54c5b,c0143906-9aed-447e-9436-2ae8512d1b6e,14da1725-c4c2-42b4-ab08-ee0aeb6898b3,081cab31-dccd-428e-8652-f2404cc81c47,78e0584a-4343-4727-8f37-e14e65c2a2db,ba21476f-2866-4f81-9c4d-6e359316e448,871c3b6c-7379-419d-bda3-794b239ab90d,1d08ef62-a503-4ce2-8b9a-46c90873f7d3,ff9b0199-ce04-4cfe-86cc-6c719f08d6e4,de1c2107-70c8-4021-8459-6399f24d01c6,cbf30902-517f-40dc-af90-a550bac27cf1,5c601d96-e4c7-4698-991b-7ee674b11079
2026-7-13 09:29:57-debug:   Number of all scenes: 3
2026-7-13 09:29:57-debug:   Number of all scripts: 217
2026-7-13 09:29:57-debug:   Number of other assets: 1875
2026-7-13 09:29:57-debug: Init bundle root assets success..., progress: 0%
2026-7-13 09:29:57-debug: // ---- build task Query asset bundle ---- (25ms)
2026-7-13 09:29:57-log: run build task Query asset bundle success in 25 ms√, progress: 5%
2026-7-13 09:29:57-debug: [Build Memory track]: Query asset bundle start:230.49MB, end 228.45MB, increase: -2085.23KB
2026-7-13 09:29:57-debug: Query asset bundle start, progress: 5%
2026-7-13 09:29:57-debug: // ---- build task Query asset bundle ----
2026-7-13 09:29:57-debug: // ---- build task Query asset bundle ---- (3ms)
2026-7-13 09:29:57-log: run build task Query asset bundle success in 3 ms√, progress: 10%
2026-7-13 09:29:57-debug: [Build Memory track]: Query asset bundle start:228.49MB, end 228.93MB, increase: 449.15KB
2026-7-13 09:29:57-debug: Sort some build options to settings.json start, progress: 10%
2026-7-13 09:29:57-debug: // ---- build task Sort some build options to settings.json ----
2026-7-13 09:29:57-debug: // ---- build task Sort some build options to settings.json ---- (1ms)
2026-7-13 09:29:57-debug: [Build Memory track]: Sort some build options to settings.json start:228.96MB, end 228.98MB, increase: 26.96KB
2026-7-13 09:29:57-debug: Fill script data to settings start, progress: 12%
2026-7-13 09:29:57-log: run build task Sort some build options to settings.json success in 1 ms√, progress: 12%
2026-7-13 09:29:57-debug: // ---- build task Fill script data to settings ----
2026-7-13 09:29:57-debug: // ---- build task Fill script data to settings ---- (1ms)
2026-7-13 09:29:57-debug: [Build Memory track]: Fill script data to settings start:229.01MB, end 229.04MB, increase: 26.33KB
2026-7-13 09:29:57-debug: Sort some build options to settings.json start, progress: 13%
2026-7-13 09:29:57-log: run build task Fill script data to settings success in 1 ms√, progress: 13%
2026-7-13 09:29:57-debug: // ---- build task Sort some build options to settings.json ----
2026-7-13 09:29:57-debug: // ---- build task Sort some build options to settings.json ---- (2ms)
2026-7-13 09:29:57-log: run build task Sort some build options to settings.json success in 2 ms√, progress: 15%
2026-7-13 09:29:57-debug: [Build Memory track]: Sort some build options to settings.json start:229.07MB, end 229.20MB, increase: 136.04KB
2026-7-13 09:30:02-debug: refresh db internal success
2026-7-13 09:30:02-debug: refresh db assets success
2026-7-13 09:30:02-debug: Run asset db hook engine-extends:afterRefresh ...
2026-7-13 09:30:02-debug: Run asset db hook engine-extends:afterRefresh success!
2026-7-13 09:30:02-debug: asset-db:refresh-all-database (94ms)
2026-7-13 09:30:02-debug: asset-db-hook-engine-extends-afterRefresh (1ms)
2026-7-13 09:30:02-debug: asset-db:worker-effect-data-processing (1ms)
2026-7-13 09:30:10-debug: refresh db internal success
2026-7-13 09:30:10-debug: refresh db assets success
2026-7-13 09:30:10-debug: Run asset db hook engine-extends:afterRefresh ...
2026-7-13 09:30:10-debug: Run asset db hook engine-extends:afterRefresh success!
2026-7-13 09:30:10-debug: asset-db:refresh-all-database (95ms)
2026-7-13 09:30:10-debug: asset-db:worker-effect-data-processing (2ms)
2026-7-13 09:30:10-debug: asset-db-hook-engine-extends-afterRefresh (2ms)
2026-7-13 09:31:21-debug: refresh db internal success
2026-7-13 09:31:21-debug: refresh db assets success
2026-7-13 09:31:21-debug: Run asset db hook engine-extends:afterRefresh ...
2026-7-13 09:31:21-debug: Run asset db hook engine-extends:afterRefresh success!
2026-7-13 09:31:21-debug: asset-db:refresh-all-database (98ms)
2026-7-13 09:31:21-debug: asset-db:worker-effect-data-processing (1ms)
2026-7-13 09:31:21-debug: asset-db-hook-engine-extends-afterRefresh (1ms)
2026-7-13 09:36:03-debug: refresh db internal success
2026-7-13 09:36:03-debug: %cImport%c: E:\game\回到地面\assets\scripts\render\CharacterModelAssembler.tsbackground: #aaff85; color: #000;color: #000;
2026-7-13 09:36:03-debug: refresh db assets success
2026-7-13 09:36:03-debug: Run asset db hook engine-extends:afterRefresh success!
2026-7-13 09:36:03-debug: Run asset db hook engine-extends:afterRefresh ...
2026-7-13 09:36:03-debug: asset-db:refresh-all-database (105ms)
2026-7-13 09:36:03-debug: asset-db:worker-effect-data-processing (1ms)
2026-7-13 09:36:03-debug: asset-db-hook-engine-extends-afterRefresh (1ms)
2026-7-13 09:36:04-debug: Query all assets info in project
2026-7-13 09:36:04-debug: init custom config: keepNodeUuid: false, useCache: true
2026-7-13 09:36:04-debug: Skip compress image, progress: 0%
2026-7-13 09:36:04-debug: Init all bundles start..., progress: 0%
2026-7-13 09:36:04-debug: Num of bundles: 3..., progress: 0%
2026-7-13 09:36:04-debug: Query asset bundle start, progress: 0%
2026-7-13 09:36:04-debug: // ---- build task Query asset bundle ----
2026-7-13 09:36:04-debug: Init bundle root assets start..., progress: 0%
2026-7-13 09:36:04-debug: Query preload assets/scripts from cc.config.json: 60f7195c-ec2a-45eb-ba94-8955f60e81d0,1c02ae6f-4492-4915-b8f8-7492a3b1e4cd,810e96e4-e456-4468-9b59-f4e8f39732c0,efe8e2a3-eace-427b-b4f1-cb8a937ec77d,e9aa9a3e-5b2b-4ac7-a2c7-073de2b2b24f,8bbdbcdd-5cd4-4100-b6d5-b7c9625b6107,50f4348b-c883-4e2f-8f11-ce233b859fa1,fda095cb-831d-4601-ad94-846013963de8,f92806d7-1768-443f-afe8-12bcde84d0f0,dd3a144d-ab7f-41f0-82b8-2e43a090d496,f0416e68-0200-4b77-a926-4f9d16e494da,511d2633-09a7-4bdd-ac42-f778032124b3,5d45aa00-e064-4938-b314-4265f0c2258c,9361fd90-ba52-4f84-aa93-6e878fd576ca,970b0598-bcb0-4714-91fb-2e81440dccd8,bcd64cc6-2dd9-43f6-abbe-66318d332032,d930590d-bb92-4cc8-8bd1-23cd027f9edf,a3cd009f-0ab0-420d-9278-b9fdab939bbc,6a2d0734-bd9e-4ddf-946e-caa52498cb75,c27215d8-6835-4b68-bfbb-bdeac6100c04,b5d6115f-0370-4d7c-aad3-c194cc71cf98,d1346436-ac96-4271-b863-1f4fdead95b0,971bdb23-3ff6-43eb-b422-1c30165a3663,17debcc3-0a6b-4b8a-b00b-dc58b885581e,711ebe11-f673-4cd9-9a83-63c60ba54c5b,c0143906-9aed-447e-9436-2ae8512d1b6e,14da1725-c4c2-42b4-ab08-ee0aeb6898b3,081cab31-dccd-428e-8652-f2404cc81c47,78e0584a-4343-4727-8f37-e14e65c2a2db,ba21476f-2866-4f81-9c4d-6e359316e448,871c3b6c-7379-419d-bda3-794b239ab90d,1d08ef62-a503-4ce2-8b9a-46c90873f7d3,ff9b0199-ce04-4cfe-86cc-6c719f08d6e4,de1c2107-70c8-4021-8459-6399f24d01c6,cbf30902-517f-40dc-af90-a550bac27cf1,5c601d96-e4c7-4698-991b-7ee674b11079
2026-7-13 09:36:04-debug:   Number of all scenes: 3
2026-7-13 09:36:04-debug:   Number of all scripts: 217
2026-7-13 09:36:04-debug:   Number of other assets: 1875
2026-7-13 09:36:04-debug: Init bundle root assets success..., progress: 0%
2026-7-13 09:36:04-debug: // ---- build task Query asset bundle ---- (21ms)
2026-7-13 09:36:04-log: run build task Query asset bundle success in 21 ms√, progress: 5%
2026-7-13 09:36:04-debug: [Build Memory track]: Query asset bundle start:234.49MB, end 236.29MB, increase: 1.80MB
2026-7-13 09:36:04-debug: Query asset bundle start, progress: 5%
2026-7-13 09:36:04-debug: // ---- build task Query asset bundle ----
2026-7-13 09:36:04-debug: // ---- build task Query asset bundle ---- (3ms)
2026-7-13 09:36:04-log: run build task Query asset bundle success in 3 ms√, progress: 10%
2026-7-13 09:36:04-debug: [Build Memory track]: Query asset bundle start:236.32MB, end 236.76MB, increase: 446.11KB
2026-7-13 09:36:04-debug: Sort some build options to settings.json start, progress: 10%
2026-7-13 09:36:04-debug: // ---- build task Sort some build options to settings.json ----
2026-7-13 09:36:04-log: run build task Sort some build options to settings.json success in √, progress: 12%
2026-7-13 09:36:04-debug: Fill script data to settings start, progress: 12%
2026-7-13 09:36:04-debug: [Build Memory track]: Sort some build options to settings.json start:236.79MB, end 236.80MB, increase: 17.48KB
2026-7-13 09:36:04-debug: // ---- build task Fill script data to settings ----
2026-7-13 09:36:04-log: run build task Fill script data to settings success in √, progress: 13%
2026-7-13 09:36:04-debug: [Build Memory track]: Fill script data to settings start:236.83MB, end 236.85MB, increase: 16.18KB
2026-7-13 09:36:04-debug: // ---- build task Sort some build options to settings.json ----
2026-7-13 09:36:04-debug: Sort some build options to settings.json start, progress: 13%
2026-7-13 09:36:04-debug: // ---- build task Sort some build options to settings.json ---- (1ms)
2026-7-13 09:36:04-debug: [Build Memory track]: Sort some build options to settings.json start:236.88MB, end 237.01MB, increase: 139.69KB
2026-7-13 09:36:04-log: run build task Sort some build options to settings.json success in 1 ms√, progress: 15%
2026-7-13 09:36:18-debug: refresh db internal success
2026-7-13 09:36:18-debug: refresh db assets success
2026-7-13 09:36:18-debug: Run asset db hook engine-extends:afterRefresh ...
2026-7-13 09:36:18-debug: Run asset db hook engine-extends:afterRefresh success!
2026-7-13 09:36:18-debug: asset-db:refresh-all-database (99ms)
2026-7-13 09:36:18-debug: asset-db:worker-effect-data-processing (1ms)
2026-7-13 09:36:18-debug: asset-db-hook-engine-extends-afterRefresh (1ms)
2026-7-13 09:44:44-debug: refresh db internal success
2026-7-13 09:44:44-debug: %cImport%c: E:\game\回到地面\assets\scripts\render\CharacterModelAssembler.tsbackground: #aaff85; color: #000;color: #000;
2026-7-13 09:44:44-debug: refresh db assets success
2026-7-13 09:44:44-debug: Run asset db hook engine-extends:afterRefresh success!
2026-7-13 09:44:44-debug: Run asset db hook engine-extends:afterRefresh ...
2026-7-13 09:44:44-debug: asset-db:refresh-all-database (109ms)
2026-7-13 09:44:44-debug: asset-db:worker-effect-data-processing (1ms)
2026-7-13 09:44:44-debug: asset-db-hook-engine-extends-afterRefresh (1ms)
2026-7-13 09:44:46-debug: Query all assets info in project
2026-7-13 09:44:46-debug: init custom config: keepNodeUuid: false, useCache: true
2026-7-13 09:44:46-debug: Skip compress image, progress: 0%
2026-7-13 09:44:46-debug: Init all bundles start..., progress: 0%
2026-7-13 09:44:46-debug: Query asset bundle start, progress: 0%
2026-7-13 09:44:46-debug: // ---- build task Query asset bundle ----
2026-7-13 09:44:46-debug: Num of bundles: 3..., progress: 0%
2026-7-13 09:44:46-debug: Init bundle root assets start..., progress: 0%
2026-7-13 09:44:46-debug:   Number of other assets: 1875
2026-7-13 09:44:46-debug: Query preload assets/scripts from cc.config.json: 60f7195c-ec2a-45eb-ba94-8955f60e81d0,1c02ae6f-4492-4915-b8f8-7492a3b1e4cd,810e96e4-e456-4468-9b59-f4e8f39732c0,efe8e2a3-eace-427b-b4f1-cb8a937ec77d,e9aa9a3e-5b2b-4ac7-a2c7-073de2b2b24f,8bbdbcdd-5cd4-4100-b6d5-b7c9625b6107,50f4348b-c883-4e2f-8f11-ce233b859fa1,fda095cb-831d-4601-ad94-846013963de8,f92806d7-1768-443f-afe8-12bcde84d0f0,dd3a144d-ab7f-41f0-82b8-2e43a090d496,f0416e68-0200-4b77-a926-4f9d16e494da,511d2633-09a7-4bdd-ac42-f778032124b3,5d45aa00-e064-4938-b314-4265f0c2258c,9361fd90-ba52-4f84-aa93-6e878fd576ca,970b0598-bcb0-4714-91fb-2e81440dccd8,bcd64cc6-2dd9-43f6-abbe-66318d332032,d930590d-bb92-4cc8-8bd1-23cd027f9edf,a3cd009f-0ab0-420d-9278-b9fdab939bbc,6a2d0734-bd9e-4ddf-946e-caa52498cb75,c27215d8-6835-4b68-bfbb-bdeac6100c04,b5d6115f-0370-4d7c-aad3-c194cc71cf98,d1346436-ac96-4271-b863-1f4fdead95b0,971bdb23-3ff6-43eb-b422-1c30165a3663,17debcc3-0a6b-4b8a-b00b-dc58b885581e,711ebe11-f673-4cd9-9a83-63c60ba54c5b,c0143906-9aed-447e-9436-2ae8512d1b6e,14da1725-c4c2-42b4-ab08-ee0aeb6898b3,081cab31-dccd-428e-8652-f2404cc81c47,78e0584a-4343-4727-8f37-e14e65c2a2db,ba21476f-2866-4f81-9c4d-6e359316e448,871c3b6c-7379-419d-bda3-794b239ab90d,1d08ef62-a503-4ce2-8b9a-46c90873f7d3,ff9b0199-ce04-4cfe-86cc-6c719f08d6e4,de1c2107-70c8-4021-8459-6399f24d01c6,cbf30902-517f-40dc-af90-a550bac27cf1,5c601d96-e4c7-4698-991b-7ee674b11079
2026-7-13 09:44:46-debug:   Number of all scripts: 217
2026-7-13 09:44:46-debug: Init bundle root assets success..., progress: 0%
2026-7-13 09:44:46-debug:   Number of all scenes: 3
2026-7-13 09:44:46-debug: // ---- build task Query asset bundle ---- (30ms)
2026-7-13 09:44:46-log: run build task Query asset bundle success in 30 ms√, progress: 5%
2026-7-13 09:44:46-debug: [Build Memory track]: Query asset bundle start:241.46MB, end 243.28MB, increase: 1.83MB
2026-7-13 09:44:46-debug: // ---- build task Query asset bundle ----
2026-7-13 09:44:46-debug: Query asset bundle start, progress: 5%
2026-7-13 09:44:46-debug: // ---- build task Query asset bundle ---- (4ms)
2026-7-13 09:44:46-log: run build task Query asset bundle success in 4 ms√, progress: 10%
2026-7-13 09:44:46-debug: [Build Memory track]: Query asset bundle start:243.31MB, end 243.75MB, increase: 445.87KB
2026-7-13 09:44:46-debug: // ---- build task Sort some build options to settings.json ----
2026-7-13 09:44:46-debug: Sort some build options to settings.json start, progress: 10%
2026-7-13 09:44:46-log: run build task Sort some build options to settings.json success in √, progress: 12%
2026-7-13 09:44:46-debug: [Build Memory track]: Sort some build options to settings.json start:243.78MB, end 243.79MB, increase: 17.32KB
2026-7-13 09:44:46-debug: Fill script data to settings start, progress: 12%
2026-7-13 09:44:46-debug: // ---- build task Fill script data to settings ----
2026-7-13 09:44:46-log: run build task Fill script data to settings success in √, progress: 13%
2026-7-13 09:44:46-debug: [Build Memory track]: Fill script data to settings start:243.82MB, end 243.84MB, increase: 18.17KB
2026-7-13 09:44:46-debug: // ---- build task Sort some build options to settings.json ----
2026-7-13 09:44:46-debug: Sort some build options to settings.json start, progress: 13%
2026-7-13 09:44:46-debug: // ---- build task Sort some build options to settings.json ---- (3ms)
2026-7-13 09:44:46-log: run build task Sort some build options to settings.json success in 3 ms√, progress: 15%
2026-7-13 09:44:46-debug: [Build Memory track]: Sort some build options to settings.json start:243.87MB, end 243.99MB, increase: 125.82KB
2026-7-13 09:45:08-debug: refresh db internal success
2026-7-13 09:45:08-debug: refresh db assets success
2026-7-13 09:45:08-debug: Run asset db hook engine-extends:afterRefresh ...
2026-7-13 09:45:08-debug: Run asset db hook engine-extends:afterRefresh success!
2026-7-13 09:45:08-debug: asset-db:refresh-all-database (110ms)
2026-7-13 09:45:08-debug: asset-db:worker-effect-data-processing (1ms)
2026-7-13 09:45:08-debug: asset-db-hook-engine-extends-afterRefresh (1ms)
2026-7-13 09:45:24-debug: refresh db internal success
2026-7-13 09:45:24-debug: refresh db assets success
2026-7-13 09:45:24-debug: Run asset db hook engine-extends:afterRefresh ...
2026-7-13 09:45:24-debug: Run asset db hook engine-extends:afterRefresh success!
2026-7-13 09:45:24-debug: asset-db:refresh-all-database (97ms)
2026-7-13 09:45:24-debug: asset-db-hook-engine-extends-afterRefresh (1ms)
2026-7-13 09:45:32-debug: refresh db internal success
2026-7-13 09:45:32-debug: Run asset db hook engine-extends:afterRefresh ...
2026-7-13 09:45:32-debug: Run asset db hook engine-extends:afterRefresh success!
2026-7-13 09:45:32-debug: asset-db:worker-effect-data-processing (2ms)
2026-7-13 09:45:32-debug: asset-db-hook-engine-extends-afterRefresh (2ms)
2026-7-13 09:45:32-debug: asset-db:refresh-all-database (113ms)
2026-7-13 09:45:32-debug: refresh db assets success
2026-7-13 09:45:33-debug: refresh db internal success
2026-7-13 09:45:33-debug: refresh db assets success
2026-7-13 09:45:33-debug: Run asset db hook engine-extends:afterRefresh ...
2026-7-13 09:45:33-debug: Run asset db hook engine-extends:afterRefresh success!
2026-7-13 09:45:33-debug: asset-db:refresh-all-database (114ms)
2026-7-13 09:45:33-debug: asset-db-hook-engine-extends-afterRefresh (2ms)
2026-7-13 09:45:33-debug: asset-db:worker-effect-data-processing (2ms)
2026-7-13 09:50:52-debug: refresh db internal success
2026-7-13 09:50:52-debug: %cImport%c: E:\game\回到地面\assets\scripts\render\CharacterModelAssembler.tsbackground: #aaff85; color: #000;color: #000;
2026-7-13 09:50:52-debug: %cImport%c: E:\game\回到地面\assets\scripts\ui\main\CreatePanel.tsbackground: #aaff85; color: #000;color: #000;
2026-7-13 09:50:52-debug: refresh db assets success
2026-7-13 09:50:52-debug: Run asset db hook engine-extends:afterRefresh ...
2026-7-13 09:50:52-debug: Run asset db hook engine-extends:afterRefresh success!
2026-7-13 09:50:52-debug: asset-db:refresh-all-database (117ms)
2026-7-13 09:50:52-debug: asset-db:worker-effect-data-processing (3ms)
2026-7-13 09:50:52-debug: asset-db-hook-engine-extends-afterRefresh (3ms)
2026-7-13 09:51:14-debug: refresh db internal success
2026-7-13 09:51:14-debug: refresh db assets success
2026-7-13 09:51:14-debug: Run asset db hook engine-extends:afterRefresh ...
2026-7-13 09:51:14-debug: Run asset db hook engine-extends:afterRefresh success!
2026-7-13 09:51:14-debug: asset-db:refresh-all-database (96ms)
2026-7-13 09:51:14-debug: asset-db:worker-effect-data-processing (1ms)
2026-7-13 09:51:14-debug: asset-db-hook-engine-extends-afterRefresh (1ms)
2026-7-13 09:51:17-debug: Query all assets info in project
2026-7-13 09:51:17-debug: init custom config: keepNodeUuid: false, useCache: true
2026-7-13 09:51:17-debug: Skip compress image, progress: 0%
2026-7-13 09:51:17-debug: Init all bundles start..., progress: 0%
2026-7-13 09:51:17-debug: Query asset bundle start, progress: 0%
2026-7-13 09:51:17-debug: // ---- build task Query asset bundle ----
2026-7-13 09:51:17-debug: Init bundle root assets start..., progress: 0%
2026-7-13 09:51:17-debug: Num of bundles: 3..., progress: 0%
2026-7-13 09:51:17-debug: Query preload assets/scripts from cc.config.json: 60f7195c-ec2a-45eb-ba94-8955f60e81d0,1c02ae6f-4492-4915-b8f8-7492a3b1e4cd,810e96e4-e456-4468-9b59-f4e8f39732c0,efe8e2a3-eace-427b-b4f1-cb8a937ec77d,e9aa9a3e-5b2b-4ac7-a2c7-073de2b2b24f,8bbdbcdd-5cd4-4100-b6d5-b7c9625b6107,50f4348b-c883-4e2f-8f11-ce233b859fa1,fda095cb-831d-4601-ad94-846013963de8,f92806d7-1768-443f-afe8-12bcde84d0f0,dd3a144d-ab7f-41f0-82b8-2e43a090d496,f0416e68-0200-4b77-a926-4f9d16e494da,511d2633-09a7-4bdd-ac42-f778032124b3,5d45aa00-e064-4938-b314-4265f0c2258c,9361fd90-ba52-4f84-aa93-6e878fd576ca,970b0598-bcb0-4714-91fb-2e81440dccd8,bcd64cc6-2dd9-43f6-abbe-66318d332032,d930590d-bb92-4cc8-8bd1-23cd027f9edf,a3cd009f-0ab0-420d-9278-b9fdab939bbc,6a2d0734-bd9e-4ddf-946e-caa52498cb75,c27215d8-6835-4b68-bfbb-bdeac6100c04,b5d6115f-0370-4d7c-aad3-c194cc71cf98,d1346436-ac96-4271-b863-1f4fdead95b0,971bdb23-3ff6-43eb-b422-1c30165a3663,17debcc3-0a6b-4b8a-b00b-dc58b885581e,711ebe11-f673-4cd9-9a83-63c60ba54c5b,c0143906-9aed-447e-9436-2ae8512d1b6e,14da1725-c4c2-42b4-ab08-ee0aeb6898b3,081cab31-dccd-428e-8652-f2404cc81c47,78e0584a-4343-4727-8f37-e14e65c2a2db,ba21476f-2866-4f81-9c4d-6e359316e448,871c3b6c-7379-419d-bda3-794b239ab90d,1d08ef62-a503-4ce2-8b9a-46c90873f7d3,ff9b0199-ce04-4cfe-86cc-6c719f08d6e4,de1c2107-70c8-4021-8459-6399f24d01c6,cbf30902-517f-40dc-af90-a550bac27cf1,5c601d96-e4c7-4698-991b-7ee674b11079
2026-7-13 09:51:17-debug:   Number of all scenes: 3
2026-7-13 09:51:17-debug:   Number of all scripts: 217
2026-7-13 09:51:17-debug: Init bundle root assets success..., progress: 0%
2026-7-13 09:51:17-debug:   Number of other assets: 1875
2026-7-13 09:51:17-debug: // ---- build task Query asset bundle ---- (25ms)
2026-7-13 09:51:17-debug: Query asset bundle start, progress: 5%
2026-7-13 09:51:17-log: run build task Query asset bundle success in 25 ms√, progress: 5%
2026-7-13 09:51:17-debug: [Build Memory track]: Query asset bundle start:233.86MB, end 233.35MB, increase: -531.40KB
2026-7-13 09:51:17-debug: // ---- build task Query asset bundle ----
2026-7-13 09:51:17-debug: // ---- build task Query asset bundle ---- (4ms)
2026-7-13 09:51:17-log: run build task Query asset bundle success in 4 ms√, progress: 10%
2026-7-13 09:51:17-debug: [Build Memory track]: Query asset bundle start:233.37MB, end 233.82MB, increase: 454.34KB
2026-7-13 09:51:17-debug: // ---- build task Sort some build options to settings.json ----
2026-7-13 09:51:17-debug: Sort some build options to settings.json start, progress: 10%
2026-7-13 09:51:17-debug: // ---- build task Sort some build options to settings.json ---- (2ms)
2026-7-13 09:51:17-log: run build task Sort some build options to settings.json success in 2 ms√, progress: 12%
2026-7-13 09:51:17-debug: [Build Memory track]: Sort some build options to settings.json start:233.85MB, end 233.87MB, increase: 26.76KB
2026-7-13 09:51:17-debug: Fill script data to settings start, progress: 12%
2026-7-13 09:51:17-debug: // ---- build task Fill script data to settings ----
2026-7-13 09:51:17-debug: // ---- build task Fill script data to settings ---- (1ms)
2026-7-13 09:51:17-debug: [Build Memory track]: Fill script data to settings start:233.90MB, end 233.93MB, increase: 25.61KB
2026-7-13 09:51:17-debug: Sort some build options to settings.json start, progress: 13%
2026-7-13 09:51:17-debug: // ---- build task Sort some build options to settings.json ----
2026-7-13 09:51:17-log: run build task Fill script data to settings success in 1 ms√, progress: 13%
2026-7-13 09:51:17-debug: // ---- build task Sort some build options to settings.json ---- (3ms)
2026-7-13 09:51:17-log: run build task Sort some build options to settings.json success in 3 ms√, progress: 15%
2026-7-13 09:51:17-debug: [Build Memory track]: Sort some build options to settings.json start:233.96MB, end 234.09MB, increase: 133.53KB
2026-7-13 09:51:25-debug: refresh db internal success
2026-7-13 09:51:25-debug: refresh db assets success
2026-7-13 09:51:25-debug: Run asset db hook engine-extends:afterRefresh ...
2026-7-13 09:51:25-debug: Run asset db hook engine-extends:afterRefresh success!
2026-7-13 09:51:25-debug: asset-db:refresh-all-database (98ms)
2026-7-13 09:51:25-debug: asset-db-hook-engine-extends-afterRefresh (2ms)
2026-7-13 09:51:25-debug: asset-db:worker-effect-data-processing (2ms)
2026-7-13 09:51:32-debug: refresh db internal success
2026-7-13 09:51:32-debug: refresh db assets success
2026-7-13 09:51:32-debug: Run asset db hook engine-extends:afterRefresh ...
2026-7-13 09:51:32-debug: Run asset db hook engine-extends:afterRefresh success!
2026-7-13 09:51:32-debug: asset-db:refresh-all-database (103ms)
2026-7-13 09:51:32-debug: asset-db-hook-engine-extends-afterRefresh (2ms)
2026-7-13 09:51:32-debug: asset-db:worker-effect-data-processing (2ms)
2026-7-13 09:51:42-debug: refresh db internal success
2026-7-13 09:51:42-debug: refresh db assets success
2026-7-13 09:51:42-debug: Run asset db hook engine-extends:afterRefresh success!
2026-7-13 09:51:42-debug: Run asset db hook engine-extends:afterRefresh ...
2026-7-13 09:51:42-debug: asset-db:refresh-all-database (97ms)
2026-7-13 09:51:42-debug: asset-db:worker-effect-data-processing (2ms)
2026-7-13 09:51:42-debug: asset-db-hook-engine-extends-afterRefresh (2ms)
2026-7-13 09:51:50-debug: refresh db internal success
2026-7-13 09:51:50-debug: refresh db assets success
2026-7-13 09:51:50-debug: Run asset db hook engine-extends:afterRefresh ...
2026-7-13 09:51:50-debug: Run asset db hook engine-extends:afterRefresh success!
2026-7-13 09:51:50-debug: asset-db:refresh-all-database (100ms)
2026-7-13 09:51:50-debug: asset-db-hook-engine-extends-afterRefresh (1ms)
2026-7-13 09:51:50-debug: asset-db:worker-effect-data-processing (1ms)
2026-7-13 09:51:56-debug: refresh db internal success
2026-7-13 09:51:56-debug: refresh db assets success
2026-7-13 09:51:56-debug: Run asset db hook engine-extends:afterRefresh ...
2026-7-13 09:51:56-debug: Run asset db hook engine-extends:afterRefresh success!
2026-7-13 09:51:56-debug: asset-db:refresh-all-database (97ms)
2026-7-13 09:51:56-debug: asset-db-hook-engine-extends-afterRefresh (1ms)
2026-7-13 09:52:07-debug: refresh db internal success
2026-7-13 09:52:07-debug: refresh db assets success
2026-7-13 09:52:07-debug: Run asset db hook engine-extends:afterRefresh ...
2026-7-13 09:52:07-debug: Run asset db hook engine-extends:afterRefresh success!
2026-7-13 09:52:07-debug: asset-db:refresh-all-database (117ms)
2026-7-13 09:52:07-debug: asset-db-hook-engine-extends-afterRefresh (1ms)
2026-7-13 09:52:13-debug: refresh db internal success
2026-7-13 09:52:13-debug: refresh db assets success
2026-7-13 09:52:13-debug: Run asset db hook engine-extends:afterRefresh ...
2026-7-13 09:52:13-debug: Run asset db hook engine-extends:afterRefresh success!
2026-7-13 09:52:13-debug: asset-db:refresh-all-database (99ms)
2026-7-13 09:52:13-debug: asset-db:worker-effect-data-processing (1ms)
2026-7-13 09:52:13-debug: asset-db-hook-engine-extends-afterRefresh (1ms)
2026-7-13 09:52:17-debug: refresh db internal success
2026-7-13 09:52:17-debug: refresh db assets success
2026-7-13 09:52:17-debug: Run asset db hook engine-extends:afterRefresh ...
2026-7-13 09:52:17-debug: Run asset db hook engine-extends:afterRefresh success!
2026-7-13 09:52:17-debug: asset-db:refresh-all-database (95ms)
2026-7-13 09:52:17-debug: asset-db:worker-effect-data-processing (1ms)
2026-7-13 09:52:17-debug: asset-db-hook-engine-extends-afterRefresh (1ms)
2026-7-13 09:52:23-debug: refresh db internal success
2026-7-13 09:52:23-debug: refresh db assets success
2026-7-13 09:52:23-debug: Run asset db hook engine-extends:afterRefresh success!
2026-7-13 09:52:23-debug: Run asset db hook engine-extends:afterRefresh ...
2026-7-13 09:52:23-debug: asset-db:refresh-all-database (99ms)
2026-7-13 09:52:23-debug: asset-db:worker-effect-data-processing (1ms)
2026-7-13 09:52:23-debug: asset-db-hook-engine-extends-afterRefresh (1ms)
2026-7-13 09:52:26-debug: refresh db internal success
2026-7-13 09:52:26-debug: refresh db assets success
2026-7-13 09:52:26-debug: Run asset db hook engine-extends:afterRefresh ...
2026-7-13 09:52:26-debug: Run asset db hook engine-extends:afterRefresh success!
2026-7-13 09:52:26-debug: asset-db:refresh-all-database (96ms)
2026-7-13 09:52:26-debug: asset-db:worker-effect-data-processing (3ms)
2026-7-13 09:52:26-debug: asset-db-hook-engine-extends-afterRefresh (3ms)
2026-7-13 09:58:19-debug: refresh db internal success
2026-7-13 09:58:19-debug: %cImport%c: E:\game\回到地面\assets\scripts\ui\main\CreatePanel.tsbackground: #aaff85; color: #000;color: #000;
2026-7-13 09:58:19-debug: refresh db assets success
2026-7-13 09:58:19-debug: Run asset db hook engine-extends:afterRefresh ...
2026-7-13 09:58:19-debug: Run asset db hook engine-extends:afterRefresh success!
2026-7-13 09:58:19-debug: asset-db:worker-effect-data-processing (1ms)
2026-7-13 09:58:19-debug: asset-db-hook-engine-extends-afterRefresh (2ms)
2026-7-13 09:58:19-debug: asset-db:refresh-all-database (114ms)
2026-7-13 09:58:20-debug: refresh db internal success
2026-7-13 09:58:21-debug: refresh db assets success
2026-7-13 09:58:21-debug: Run asset db hook engine-extends:afterRefresh ...
2026-7-13 09:58:21-debug: Run asset db hook engine-extends:afterRefresh success!
2026-7-13 09:58:21-debug: asset-db:refresh-all-database (121ms)
2026-7-13 09:58:21-debug: asset-db:worker-effect-data-processing (1ms)
2026-7-13 09:58:21-debug: asset-db-hook-engine-extends-afterRefresh (1ms)
2026-7-13 09:58:22-debug: Query all assets info in project
2026-7-13 09:58:22-debug: init custom config: keepNodeUuid: false, useCache: true
2026-7-13 09:58:22-debug: Skip compress image, progress: 0%
2026-7-13 09:58:22-debug: Init all bundles start..., progress: 0%
2026-7-13 09:58:22-debug: Query asset bundle start, progress: 0%
2026-7-13 09:58:22-debug: Init bundle root assets start..., progress: 0%
2026-7-13 09:58:22-debug: Num of bundles: 3..., progress: 0%
2026-7-13 09:58:22-debug: // ---- build task Query asset bundle ----
2026-7-13 09:58:22-debug: Query preload assets/scripts from cc.config.json: 60f7195c-ec2a-45eb-ba94-8955f60e81d0,1c02ae6f-4492-4915-b8f8-7492a3b1e4cd,810e96e4-e456-4468-9b59-f4e8f39732c0,efe8e2a3-eace-427b-b4f1-cb8a937ec77d,e9aa9a3e-5b2b-4ac7-a2c7-073de2b2b24f,8bbdbcdd-5cd4-4100-b6d5-b7c9625b6107,50f4348b-c883-4e2f-8f11-ce233b859fa1,fda095cb-831d-4601-ad94-846013963de8,f92806d7-1768-443f-afe8-12bcde84d0f0,dd3a144d-ab7f-41f0-82b8-2e43a090d496,f0416e68-0200-4b77-a926-4f9d16e494da,511d2633-09a7-4bdd-ac42-f778032124b3,5d45aa00-e064-4938-b314-4265f0c2258c,9361fd90-ba52-4f84-aa93-6e878fd576ca,970b0598-bcb0-4714-91fb-2e81440dccd8,bcd64cc6-2dd9-43f6-abbe-66318d332032,d930590d-bb92-4cc8-8bd1-23cd027f9edf,a3cd009f-0ab0-420d-9278-b9fdab939bbc,6a2d0734-bd9e-4ddf-946e-caa52498cb75,c27215d8-6835-4b68-bfbb-bdeac6100c04,b5d6115f-0370-4d7c-aad3-c194cc71cf98,d1346436-ac96-4271-b863-1f4fdead95b0,971bdb23-3ff6-43eb-b422-1c30165a3663,17debcc3-0a6b-4b8a-b00b-dc58b885581e,711ebe11-f673-4cd9-9a83-63c60ba54c5b,c0143906-9aed-447e-9436-2ae8512d1b6e,14da1725-c4c2-42b4-ab08-ee0aeb6898b3,081cab31-dccd-428e-8652-f2404cc81c47,78e0584a-4343-4727-8f37-e14e65c2a2db,ba21476f-2866-4f81-9c4d-6e359316e448,871c3b6c-7379-419d-bda3-794b239ab90d,1d08ef62-a503-4ce2-8b9a-46c90873f7d3,ff9b0199-ce04-4cfe-86cc-6c719f08d6e4,de1c2107-70c8-4021-8459-6399f24d01c6,cbf30902-517f-40dc-af90-a550bac27cf1,5c601d96-e4c7-4698-991b-7ee674b11079
2026-7-13 09:58:22-debug:   Number of all scenes: 3
2026-7-13 09:58:22-debug:   Number of all scripts: 217
2026-7-13 09:58:22-debug: Init bundle root assets success..., progress: 0%
2026-7-13 09:58:22-debug:   Number of other assets: 1875
2026-7-13 09:58:22-debug: // ---- build task Query asset bundle ---- (35ms)
2026-7-13 09:58:22-log: run build task Query asset bundle success in 35 ms√, progress: 5%
2026-7-13 09:58:22-debug: [Build Memory track]: Query asset bundle start:236.65MB, end 238.99MB, increase: 2.35MB
2026-7-13 09:58:22-debug: // ---- build task Query asset bundle ----
2026-7-13 09:58:22-debug: Query asset bundle start, progress: 5%
2026-7-13 09:58:22-debug: // ---- build task Query asset bundle ---- (3ms)
2026-7-13 09:58:22-log: run build task Query asset bundle success in 3 ms√, progress: 10%
2026-7-13 09:58:22-debug: [Build Memory track]: Query asset bundle start:239.02MB, end 239.47MB, increase: 455.46KB
2026-7-13 09:58:22-debug: // ---- build task Sort some build options to settings.json ----
2026-7-13 09:58:22-debug: Sort some build options to settings.json start, progress: 10%
2026-7-13 09:58:22-debug: // ---- build task Sort some build options to settings.json ---- (1ms)
2026-7-13 09:58:22-log: run build task Sort some build options to settings.json success in 1 ms√, progress: 12%
2026-7-13 09:58:22-debug: [Build Memory track]: Sort some build options to settings.json start:239.50MB, end 239.52MB, increase: 26.75KB
2026-7-13 09:58:22-debug: // ---- build task Fill script data to settings ----
2026-7-13 09:58:22-debug: Fill script data to settings start, progress: 12%
2026-7-13 09:58:22-debug: // ---- build task Fill script data to settings ---- (1ms)
2026-7-13 09:58:22-log: run build task Fill script data to settings success in 1 ms√, progress: 13%
2026-7-13 09:58:22-debug: [Build Memory track]: Fill script data to settings start:239.55MB, end 239.58MB, increase: 29.29KB
2026-7-13 09:58:22-debug: // ---- build task Sort some build options to settings.json ----
2026-7-13 09:58:22-debug: Sort some build options to settings.json start, progress: 13%
2026-7-13 09:58:22-debug: // ---- build task Sort some build options to settings.json ---- (3ms)
2026-7-13 09:58:22-log: run build task Sort some build options to settings.json success in 3 ms√, progress: 15%
2026-7-13 09:58:22-debug: [Build Memory track]: Sort some build options to settings.json start:239.61MB, end 239.74MB, increase: 135.56KB
2026-7-13 09:58:39-debug: refresh db internal success
2026-7-13 09:58:39-debug: refresh db assets success
2026-7-13 09:58:39-debug: Run asset db hook engine-extends:afterRefresh ...
2026-7-13 09:58:39-debug: Run asset db hook engine-extends:afterRefresh success!
2026-7-13 09:58:39-debug: asset-db:refresh-all-database (130ms)
2026-7-13 09:58:39-debug: asset-db:worker-effect-data-processing (1ms)
2026-7-13 09:58:39-debug: asset-db-hook-engine-extends-afterRefresh (2ms)
2026-7-13 09:58:42-debug: refresh db internal success
2026-7-13 09:58:42-debug: refresh db assets success
2026-7-13 09:58:42-debug: Run asset db hook engine-extends:afterRefresh ...
2026-7-13 09:58:42-debug: Run asset db hook engine-extends:afterRefresh success!
2026-7-13 09:58:42-debug: asset-db:refresh-all-database (143ms)
2026-7-13 09:58:42-debug: asset-db:worker-effect-data-processing (1ms)
2026-7-13 09:58:42-debug: asset-db-hook-engine-extends-afterRefresh (1ms)
2026-7-13 09:58:56-debug: refresh db internal success
2026-7-13 09:58:56-debug: refresh db assets success
2026-7-13 09:58:56-debug: Run asset db hook engine-extends:afterRefresh ...
2026-7-13 09:58:56-debug: Run asset db hook engine-extends:afterRefresh success!
2026-7-13 09:58:56-debug: asset-db:refresh-all-database (121ms)
2026-7-13 09:59:04-debug: refresh db internal success
2026-7-13 09:59:04-debug: refresh db assets success
2026-7-13 09:59:04-debug: Run asset db hook engine-extends:afterRefresh ...
2026-7-13 09:59:04-debug: Run asset db hook engine-extends:afterRefresh success!
2026-7-13 09:59:04-debug: asset-db:refresh-all-database (108ms)
2026-7-13 09:59:04-debug: asset-db-hook-engine-extends-afterRefresh (1ms)
2026-7-13 09:59:04-debug: asset-db:worker-effect-data-processing (1ms)
2026-7-13 09:59:10-debug: refresh db internal success
2026-7-13 09:59:10-debug: refresh db assets success
2026-7-13 09:59:10-debug: Run asset db hook engine-extends:afterRefresh ...
2026-7-13 09:59:10-debug: Run asset db hook engine-extends:afterRefresh success!
2026-7-13 09:59:10-debug: asset-db:refresh-all-database (118ms)
2026-7-13 09:59:10-debug: asset-db:worker-effect-data-processing (1ms)
2026-7-13 09:59:10-debug: asset-db-hook-engine-extends-afterRefresh (1ms)
2026-7-13 10:02:49-debug: refresh db internal success
2026-7-13 10:02:49-debug: %cImport%c: E:\game\回到地面\assets\scripts\ui\main\CreatePanel.tsbackground: #aaff85; color: #000;color: #000;
2026-7-13 10:02:49-debug: refresh db assets success
2026-7-13 10:02:49-debug: Run asset db hook engine-extends:afterRefresh ...
2026-7-13 10:02:49-debug: Run asset db hook engine-extends:afterRefresh success!
2026-7-13 10:02:49-debug: asset-db:refresh-all-database (147ms)
2026-7-13 10:02:49-debug: asset-db:worker-effect-data-processing (1ms)
2026-7-13 10:02:49-debug: asset-db-hook-engine-extends-afterRefresh (1ms)
2026-7-13 10:02:53-debug: Query all assets info in project
2026-7-13 10:02:53-debug: init custom config: keepNodeUuid: false, useCache: true
2026-7-13 10:02:53-debug: Skip compress image, progress: 0%
2026-7-13 10:02:53-debug: Init all bundles start..., progress: 0%
2026-7-13 10:02:53-debug: Query asset bundle start, progress: 0%
2026-7-13 10:02:53-debug: Init bundle root assets start..., progress: 0%
2026-7-13 10:02:53-debug: // ---- build task Query asset bundle ----
2026-7-13 10:02:53-debug: Num of bundles: 3..., progress: 0%
2026-7-13 10:02:53-debug: Query preload assets/scripts from cc.config.json: 60f7195c-ec2a-45eb-ba94-8955f60e81d0,1c02ae6f-4492-4915-b8f8-7492a3b1e4cd,810e96e4-e456-4468-9b59-f4e8f39732c0,efe8e2a3-eace-427b-b4f1-cb8a937ec77d,e9aa9a3e-5b2b-4ac7-a2c7-073de2b2b24f,8bbdbcdd-5cd4-4100-b6d5-b7c9625b6107,50f4348b-c883-4e2f-8f11-ce233b859fa1,fda095cb-831d-4601-ad94-846013963de8,f92806d7-1768-443f-afe8-12bcde84d0f0,dd3a144d-ab7f-41f0-82b8-2e43a090d496,f0416e68-0200-4b77-a926-4f9d16e494da,511d2633-09a7-4bdd-ac42-f778032124b3,5d45aa00-e064-4938-b314-4265f0c2258c,9361fd90-ba52-4f84-aa93-6e878fd576ca,970b0598-bcb0-4714-91fb-2e81440dccd8,bcd64cc6-2dd9-43f6-abbe-66318d332032,d930590d-bb92-4cc8-8bd1-23cd027f9edf,a3cd009f-0ab0-420d-9278-b9fdab939bbc,6a2d0734-bd9e-4ddf-946e-caa52498cb75,c27215d8-6835-4b68-bfbb-bdeac6100c04,b5d6115f-0370-4d7c-aad3-c194cc71cf98,d1346436-ac96-4271-b863-1f4fdead95b0,971bdb23-3ff6-43eb-b422-1c30165a3663,17debcc3-0a6b-4b8a-b00b-dc58b885581e,711ebe11-f673-4cd9-9a83-63c60ba54c5b,c0143906-9aed-447e-9436-2ae8512d1b6e,14da1725-c4c2-42b4-ab08-ee0aeb6898b3,081cab31-dccd-428e-8652-f2404cc81c47,78e0584a-4343-4727-8f37-e14e65c2a2db,ba21476f-2866-4f81-9c4d-6e359316e448,871c3b6c-7379-419d-bda3-794b239ab90d,1d08ef62-a503-4ce2-8b9a-46c90873f7d3,ff9b0199-ce04-4cfe-86cc-6c719f08d6e4,de1c2107-70c8-4021-8459-6399f24d01c6,cbf30902-517f-40dc-af90-a550bac27cf1,5c601d96-e4c7-4698-991b-7ee674b11079
2026-7-13 10:02:53-debug:   Number of all scenes: 3
2026-7-13 10:02:53-debug:   Number of other assets: 1875
2026-7-13 10:02:53-debug: Init bundle root assets success..., progress: 0%
2026-7-13 10:02:53-debug:   Number of all scripts: 217
2026-7-13 10:02:53-debug: // ---- build task Query asset bundle ---- (25ms)
2026-7-13 10:02:53-log: run build task Query asset bundle success in 25 ms√, progress: 5%
2026-7-13 10:02:53-debug: [Build Memory track]: Query asset bundle start:230.54MB, end 228.75MB, increase: -1834.54KB
2026-7-13 10:02:53-debug: Query asset bundle start, progress: 5%
2026-7-13 10:02:53-debug: // ---- build task Query asset bundle ----
2026-7-13 10:02:53-debug: // ---- build task Query asset bundle ---- (3ms)
2026-7-13 10:02:53-debug: [Build Memory track]: Query asset bundle start:228.78MB, end 229.21MB, increase: 447.36KB
2026-7-13 10:02:53-debug: // ---- build task Sort some build options to settings.json ----
2026-7-13 10:02:53-log: run build task Query asset bundle success in 3 ms√, progress: 10%
2026-7-13 10:02:53-debug: Sort some build options to settings.json start, progress: 10%
2026-7-13 10:02:53-log: run build task Sort some build options to settings.json success in √, progress: 12%
2026-7-13 10:02:53-debug: [Build Memory track]: Sort some build options to settings.json start:229.24MB, end 229.26MB, increase: 17.41KB
2026-7-13 10:02:53-debug: // ---- build task Fill script data to settings ----
2026-7-13 10:02:53-debug: Fill script data to settings start, progress: 12%
2026-7-13 10:02:53-log: run build task Fill script data to settings success in √, progress: 13%
2026-7-13 10:02:53-debug: [Build Memory track]: Fill script data to settings start:229.29MB, end 229.31MB, increase: 16.27KB
2026-7-13 10:02:53-debug: Sort some build options to settings.json start, progress: 13%
2026-7-13 10:02:53-debug: // ---- build task Sort some build options to settings.json ----
2026-7-13 10:02:53-debug: // ---- build task Sort some build options to settings.json ---- (2ms)
2026-7-13 10:02:53-log: run build task Sort some build options to settings.json success in 2 ms√, progress: 15%
2026-7-13 10:02:53-debug: [Build Memory track]: Sort some build options to settings.json start:229.34MB, end 229.48MB, increase: 147.58KB
2026-7-13 10:03:07-debug: refresh db internal success
2026-7-13 10:03:07-debug: refresh db assets success
2026-7-13 10:03:07-debug: Run asset db hook engine-extends:afterRefresh ...
2026-7-13 10:03:07-debug: Run asset db hook engine-extends:afterRefresh success!
2026-7-13 10:03:07-debug: asset-db:refresh-all-database (117ms)
2026-7-13 10:03:07-debug: asset-db:worker-effect-data-processing (1ms)
2026-7-13 10:03:07-debug: asset-db-hook-engine-extends-afterRefresh (1ms)
2026-7-13 10:03:19-debug: refresh db internal success
2026-7-13 10:03:19-debug: refresh db assets success
2026-7-13 10:03:19-debug: Run asset db hook engine-extends:afterRefresh ...
2026-7-13 10:03:19-debug: Run asset db hook engine-extends:afterRefresh success!
2026-7-13 10:03:19-debug: asset-db:refresh-all-database (112ms)
2026-7-13 10:03:19-debug: asset-db:worker-effect-data-processing (1ms)
2026-7-13 10:03:19-debug: asset-db-hook-engine-extends-afterRefresh (1ms)
