2026-7-12 18:30:58-log: Cannot access game frame or container.
2026-7-12 18:30:58-debug: asset-db:require-engine-code (585ms)
2026-7-12 18:30:58-log: meshopt wasm decoder initialized
2026-7-12 18:30:58-log: [box2d]:box2d wasm lib loaded.
2026-7-12 18:30:58-log: [bullet]:bullet wasm lib loaded.
2026-7-12 18:30:58-log: Cocos Creator v3.8.8
2026-7-12 18:30:58-log: Using legacy pipeline
2026-7-12 18:30:58-log: Forward render pipeline initialized.
2026-7-12 18:30:58-debug: [Assets Memory track]: asset-db:worker-init: initEngine start:28.17MB, end 79.30MB, increase: 51.13MB
2026-7-12 18:31:00-debug: [Assets Memory track]: asset-db:worker-init: initPlugin start:79.38MB, end 341.04MB, increase: 261.66MB
2026-7-12 18:31:00-debug: run package(ohos) handler(enable) start
2026-7-12 18:31:00-debug: run package(oppo-mini-game) handler(enable) start
2026-7-12 18:31:00-debug: run package(oppo-mini-game) handler(enable) success!
2026-7-12 18:31:00-debug: run package(runtime-dev-tools) handler(enable) start
2026-7-12 18:31:00-debug: run package(runtime-dev-tools) handler(enable) success!
2026-7-12 18:31:00-debug: run package(taobao-mini-game) handler(enable) start
2026-7-12 18:31:00-debug: run package(vivo-mini-game) handler(enable) start
2026-7-12 18:31:00-debug: run package(vivo-mini-game) handler(enable) success!
2026-7-12 18:31:00-debug: run package(taobao-mini-game) handler(enable) success!
2026-7-12 18:31:00-debug: run package(web-desktop) handler(enable) success!
2026-7-12 18:31:00-debug: run package(web-mobile) handler(enable) start
2026-7-12 18:31:00-debug: run package(web-desktop) handler(enable) start
2026-7-12 18:31:00-debug: run package(ohos) handler(enable) success!
2026-7-12 18:31:00-debug: run package(web-mobile) handler(enable) success!
2026-7-12 18:31:00-debug: run package(wechatgame) handler(enable) start
2026-7-12 18:31:00-debug: run package(wechatgame) handler(enable) success!
2026-7-12 18:31:00-debug: run package(wechatprogram) handler(enable) success!
2026-7-12 18:31:00-debug: run package(windows) handler(enable) start
2026-7-12 18:31:00-debug: run package(windows) handler(enable) success!
2026-7-12 18:31:00-debug: run package(wechatprogram) handler(enable) start
2026-7-12 18:31:00-debug: run package(xiaomi-quick-game) handler(enable) start
2026-7-12 18:31:00-debug: run package(cocos-service) handler(enable) success!
2026-7-12 18:31:00-debug: run package(cocos-service) handler(enable) start
2026-7-12 18:31:00-debug: run package(xiaomi-quick-game) handler(enable) success!
2026-7-12 18:31:00-debug: run package(im-plugin) handler(enable) start
2026-7-12 18:31:00-debug: asset-db:worker-init: initPlugin (2054ms)
2026-7-12 18:31:00-debug: run package(placeholder) handler(enable) start
2026-7-12 18:31:00-debug: run package(im-plugin) handler(enable) success!
2026-7-12 18:31:00-debug: run package(placeholder) handler(enable) success!
2026-7-12 18:31:00-debug: [Assets Memory track]: asset-db:worker-init start:28.16MB, end 342.42MB, increase: 314.26MB
2026-7-12 18:31:00-debug: Run asset db hook programming:beforePreStart ...
2026-7-12 18:31:00-debug: Run asset db hook engine-extends:beforePreStart ...
2026-7-12 18:31:00-debug: Run asset db hook programming:beforePreStart success!
2026-7-12 18:31:00-debug: Run asset db hook engine-extends:beforePreStart success!
2026-7-12 18:31:00-debug: asset-db:worker-init (2841ms)
2026-7-12 18:31:00-debug: asset-db-hook-programming-beforePreStart (68ms)
2026-7-12 18:31:00-debug: asset-db-hook-engine-extends-beforePreStart (67ms)
2026-7-12 18:31:00-debug: Preimport db internal success
2026-7-12 18:31:00-debug: Preimport db assets success
2026-7-12 18:31:00-debug: Run asset db hook programming:afterPreStart ...
2026-7-12 18:31:00-debug: starting packer-driver...
2026-7-12 18:31:01-debug: initialize scripting environment...
2026-7-12 18:31:01-debug: [[Executor]] prepare before lock
2026-7-12 18:31:01-debug: Set detail map pack:///resolution-detail-map.json: {}
2026-7-12 18:31:01-debug: [[Executor]] prepare after unlock
2026-7-12 18:31:01-debug: Run asset db hook programming:afterPreStart success!
2026-7-12 18:31:01-debug: Run asset db hook engine-extends:afterPreStart success!
2026-7-12 18:31:01-debug: Run asset db hook engine-extends:afterPreStart ...
2026-7-12 18:31:01-debug: [Assets Memory track]: asset-db:worker-init: preStart start:342.44MB, end 348.46MB, increase: 6.02MB
2026-7-12 18:31:01-debug: Start up the 'internal' database...
2026-7-12 18:31:01-debug: asset-db-hook-programming-afterPreStart (1089ms)
2026-7-12 18:31:01-debug: asset-db:worker-effect-data-processing (305ms)
2026-7-12 18:31:01-debug: asset-db-hook-engine-extends-afterPreStart (306ms)
2026-7-12 18:31:01-debug: Run asset db hook engine-extends:afterStartDB ...
2026-7-12 18:31:02-debug: recompile effect.bin success
2026-7-12 18:31:02-debug: Run asset db hook engine-extends:afterStartDB success!
2026-7-12 18:31:02-debug: Start up the 'assets' database...
2026-7-12 18:31:02-debug: asset-db:worker-effect-data-processing (295ms)
2026-7-12 18:31:02-debug: asset-db-hook-engine-extends-afterStartDB (297ms)
2026-7-12 18:31:02-debug: Run asset db hook engine-extends:afterStartDB ...
2026-7-12 18:31:02-debug: recompile effect.bin success
2026-7-12 18:31:02-debug: Run asset db hook engine-extends:afterStartDB success!
2026-7-12 18:31:02-debug: lazy register asset handler *
2026-7-12 18:31:02-debug: lazy register asset handler directory
2026-7-12 18:31:02-debug: lazy register asset handler text
2026-7-12 18:31:02-debug: lazy register asset handler spine-data
2026-7-12 18:31:02-debug: lazy register asset handler dragonbones
2026-7-12 18:31:02-debug: lazy register asset handler json
2026-7-12 18:31:02-debug: lazy register asset handler dragonbones-atlas
2026-7-12 18:31:02-debug: lazy register asset handler terrain
2026-7-12 18:31:02-debug: lazy register asset handler typescript
2026-7-12 18:31:02-debug: lazy register asset handler javascript
2026-7-12 18:31:02-debug: lazy register asset handler sprite-frame
2026-7-12 18:31:02-debug: lazy register asset handler scene
2026-7-12 18:31:02-debug: lazy register asset handler tiled-map
2026-7-12 18:31:02-debug: lazy register asset handler buffer
2026-7-12 18:31:02-debug: lazy register asset handler sign-image
2026-7-12 18:31:02-debug: lazy register asset handler image
2026-7-12 18:31:02-debug: lazy register asset handler prefab
2026-7-12 18:31:02-debug: lazy register asset handler texture-cube
2026-7-12 18:31:02-debug: lazy register asset handler texture
2026-7-12 18:31:02-debug: lazy register asset handler erp-texture-cube
2026-7-12 18:31:02-debug: lazy register asset handler texture-cube-face
2026-7-12 18:31:02-debug: lazy register asset handler alpha-image
2026-7-12 18:31:02-debug: lazy register asset handler render-texture
2026-7-12 18:31:02-debug: lazy register asset handler rt-sprite-frame
2026-7-12 18:31:02-debug: lazy register asset handler gltf-animation
2026-7-12 18:31:02-debug: lazy register asset handler gltf-mesh
2026-7-12 18:31:02-debug: lazy register asset handler gltf-skeleton
2026-7-12 18:31:02-debug: lazy register asset handler gltf-material
2026-7-12 18:31:02-debug: lazy register asset handler gltf-scene
2026-7-12 18:31:02-debug: lazy register asset handler gltf
2026-7-12 18:31:02-debug: lazy register asset handler gltf-embeded-image
2026-7-12 18:31:02-debug: lazy register asset handler fbx
2026-7-12 18:31:02-debug: lazy register asset handler physics-material
2026-7-12 18:31:02-debug: lazy register asset handler effect-header
2026-7-12 18:31:02-debug: lazy register asset handler effect
2026-7-12 18:31:02-debug: lazy register asset handler material
2026-7-12 18:31:02-debug: lazy register asset handler audio-clip
2026-7-12 18:31:02-debug: lazy register asset handler animation-clip
2026-7-12 18:31:02-debug: lazy register asset handler animation-graph-variant
2026-7-12 18:31:02-debug: lazy register asset handler animation-mask
2026-7-12 18:31:02-debug: lazy register asset handler animation-graph
2026-7-12 18:31:02-debug: lazy register asset handler bitmap-font
2026-7-12 18:31:02-debug: lazy register asset handler ttf-font
2026-7-12 18:31:02-debug: lazy register asset handler sprite-atlas
2026-7-12 18:31:02-debug: lazy register asset handler auto-atlas
2026-7-12 18:31:02-debug: lazy register asset handler label-atlas
2026-7-12 18:31:02-debug: lazy register asset handler particle
2026-7-12 18:31:02-debug: lazy register asset handler render-stage
2026-7-12 18:31:02-debug: lazy register asset handler render-flow
2026-7-12 18:31:02-debug: lazy register asset handler render-pipeline
2026-7-12 18:31:02-debug: lazy register asset handler instantiation-material
2026-7-12 18:31:02-debug: lazy register asset handler instantiation-animation
2026-7-12 18:31:02-debug: lazy register asset handler instantiation-mesh
2026-7-12 18:31:02-debug: lazy register asset handler instantiation-skeleton
2026-7-12 18:31:02-debug: lazy register asset handler video-clip
2026-7-12 18:31:02-debug: asset-db:worker-effect-data-processing (249ms)
2026-7-12 18:31:02-debug: asset-db-hook-engine-extends-afterStartDB (249ms)
2026-7-12 18:31:02-debug: asset-db:start-database (1888ms)
2026-7-12 18:31:02-debug: asset-db:ready (6957ms)
2026-7-12 18:31:02-debug: init worker message success
2026-7-12 18:31:02-debug: programming:execute-script (1ms)
2026-7-12 18:31:02-debug: [Build Memory track]: builder:worker-init start:231.30MB, end 241.16MB, increase: 9.86MB
2026-7-12 18:31:02-debug: builder:worker-init (384ms)
2026-7-12 18:32:44-debug: Query all assets info in project
2026-7-12 18:32:44-debug: init custom config: keepNodeUuid: false, useCache: true
2026-7-12 18:32:44-debug: Skip compress image, progress: 0%
2026-7-12 18:32:44-debug: Init all bundles start..., progress: 0%
2026-7-12 18:32:44-debug: Num of bundles: 3..., progress: 0%
2026-7-12 18:32:44-debug: Query asset bundle start, progress: 0%
2026-7-12 18:32:44-debug: Init bundle root assets start..., progress: 0%
2026-7-12 18:32:44-debug: // ---- build task Query asset bundle ----
2026-7-12 18:32:44-debug:   Number of all scenes: 3
2026-7-12 18:32:44-debug:   Number of other assets: 1875
2026-7-12 18:32:44-debug: Query preload assets/scripts from cc.config.json: 60f7195c-ec2a-45eb-ba94-8955f60e81d0,1c02ae6f-4492-4915-b8f8-7492a3b1e4cd,810e96e4-e456-4468-9b59-f4e8f39732c0,efe8e2a3-eace-427b-b4f1-cb8a937ec77d,e9aa9a3e-5b2b-4ac7-a2c7-073de2b2b24f,8bbdbcdd-5cd4-4100-b6d5-b7c9625b6107,50f4348b-c883-4e2f-8f11-ce233b859fa1,fda095cb-831d-4601-ad94-846013963de8,f92806d7-1768-443f-afe8-12bcde84d0f0,dd3a144d-ab7f-41f0-82b8-2e43a090d496,f0416e68-0200-4b77-a926-4f9d16e494da,511d2633-09a7-4bdd-ac42-f778032124b3,5d45aa00-e064-4938-b314-4265f0c2258c,9361fd90-ba52-4f84-aa93-6e878fd576ca,970b0598-bcb0-4714-91fb-2e81440dccd8,bcd64cc6-2dd9-43f6-abbe-66318d332032,d930590d-bb92-4cc8-8bd1-23cd027f9edf,a3cd009f-0ab0-420d-9278-b9fdab939bbc,6a2d0734-bd9e-4ddf-946e-caa52498cb75,c27215d8-6835-4b68-bfbb-bdeac6100c04,b5d6115f-0370-4d7c-aad3-c194cc71cf98,d1346436-ac96-4271-b863-1f4fdead95b0,971bdb23-3ff6-43eb-b422-1c30165a3663,17debcc3-0a6b-4b8a-b00b-dc58b885581e,711ebe11-f673-4cd9-9a83-63c60ba54c5b,c0143906-9aed-447e-9436-2ae8512d1b6e,14da1725-c4c2-42b4-ab08-ee0aeb6898b3,081cab31-dccd-428e-8652-f2404cc81c47,78e0584a-4343-4727-8f37-e14e65c2a2db,ba21476f-2866-4f81-9c4d-6e359316e448,871c3b6c-7379-419d-bda3-794b239ab90d,1d08ef62-a503-4ce2-8b9a-46c90873f7d3,ff9b0199-ce04-4cfe-86cc-6c719f08d6e4,de1c2107-70c8-4021-8459-6399f24d01c6,cbf30902-517f-40dc-af90-a550bac27cf1,5c601d96-e4c7-4698-991b-7ee674b11079
2026-7-12 18:32:44-debug: Init bundle root assets success..., progress: 0%
2026-7-12 18:32:44-debug:   Number of all scripts: 217
2026-7-12 18:32:44-debug: // ---- build task Query asset bundle ---- (35ms)
2026-7-12 18:32:44-debug: [Build Memory track]: Query asset bundle start:224.75MB, end 226.13MB, increase: 1.38MB
2026-7-12 18:32:44-debug: Query asset bundle start, progress: 5%
2026-7-12 18:32:44-log: run build task Query asset bundle success in 35 ms√, progress: 5%
2026-7-12 18:32:44-debug: // ---- build task Query asset bundle ----
2026-7-12 18:32:44-debug: // ---- build task Query asset bundle ---- (3ms)
2026-7-12 18:32:44-log: run build task Query asset bundle success in 3 ms√, progress: 10%
2026-7-12 18:32:44-debug: [Build Memory track]: Query asset bundle start:226.17MB, end 226.61MB, increase: 456.94KB
2026-7-12 18:32:44-debug: // ---- build task Sort some build options to settings.json ----
2026-7-12 18:32:44-debug: Sort some build options to settings.json start, progress: 10%
2026-7-12 18:32:44-log: run build task Sort some build options to settings.json success in √, progress: 12%
2026-7-12 18:32:44-debug: [Build Memory track]: Sort some build options to settings.json start:226.65MB, end 226.67MB, increase: 21.40KB
2026-7-12 18:32:44-debug: Fill script data to settings start, progress: 12%
2026-7-12 18:32:44-debug: // ---- build task Fill script data to settings ----
2026-7-12 18:32:44-log: run build task Fill script data to settings success in √, progress: 13%
2026-7-12 18:32:44-debug: [Build Memory track]: Fill script data to settings start:226.72MB, end 226.74MB, increase: 20.14KB
2026-7-12 18:32:44-debug: Sort some build options to settings.json start, progress: 13%
2026-7-12 18:32:44-debug: // ---- build task Sort some build options to settings.json ----
2026-7-12 18:32:44-log: run build task Sort some build options to settings.json success in 4 ms√, progress: 15%
2026-7-12 18:32:44-debug: [Build Memory track]: Sort some build options to settings.json start:226.78MB, end 226.16MB, increase: -630.39KB
2026-7-12 18:32:44-debug: // ---- build task Sort some build options to settings.json ---- (4ms)
2026-7-12 18:33:05-debug: refresh db internal success
2026-7-12 18:33:05-debug: refresh db assets success
2026-7-12 18:33:05-debug: Run asset db hook engine-extends:afterRefresh ...
2026-7-12 18:33:05-debug: Run asset db hook engine-extends:afterRefresh success!
2026-7-12 18:33:05-debug: asset-db:refresh-all-database (149ms)
2026-7-12 18:33:05-debug: asset-db:worker-effect-data-processing (2ms)
2026-7-12 18:33:05-debug: asset-db-hook-engine-extends-afterRefresh (2ms)
2026-7-12 18:39:26-debug: refresh db internal success
2026-7-12 18:39:26-debug: %cImport%c: E:\game\回到地面\assets\scripts\core\save\SaveService.tsbackground: #aaff85; color: #000;color: #000;
2026-7-12 18:39:26-debug: refresh db assets success
2026-7-12 18:39:26-debug: Run asset db hook engine-extends:afterRefresh ...
2026-7-12 18:39:26-debug: Run asset db hook engine-extends:afterRefresh success!
2026-7-12 18:39:26-debug: asset-db:refresh-all-database (136ms)
2026-7-12 18:39:26-debug: asset-db-hook-engine-extends-afterRefresh (1ms)
2026-7-12 18:39:30-debug: Query all assets info in project
2026-7-12 18:39:31-debug: Skip compress image, progress: 0%
2026-7-12 18:39:31-debug: init custom config: keepNodeUuid: false, useCache: true
2026-7-12 18:39:31-debug: Init all bundles start..., progress: 0%
2026-7-12 18:39:31-debug: // ---- build task Query asset bundle ----
2026-7-12 18:39:31-debug: Init bundle root assets start..., progress: 0%
2026-7-12 18:39:31-debug: Num of bundles: 3..., progress: 0%
2026-7-12 18:39:31-debug: Query asset bundle start, progress: 0%
2026-7-12 18:39:31-debug:   Number of all scenes: 3
2026-7-12 18:39:31-debug: Query preload assets/scripts from cc.config.json: 60f7195c-ec2a-45eb-ba94-8955f60e81d0,1c02ae6f-4492-4915-b8f8-7492a3b1e4cd,810e96e4-e456-4468-9b59-f4e8f39732c0,efe8e2a3-eace-427b-b4f1-cb8a937ec77d,e9aa9a3e-5b2b-4ac7-a2c7-073de2b2b24f,8bbdbcdd-5cd4-4100-b6d5-b7c9625b6107,50f4348b-c883-4e2f-8f11-ce233b859fa1,fda095cb-831d-4601-ad94-846013963de8,f92806d7-1768-443f-afe8-12bcde84d0f0,dd3a144d-ab7f-41f0-82b8-2e43a090d496,f0416e68-0200-4b77-a926-4f9d16e494da,511d2633-09a7-4bdd-ac42-f778032124b3,5d45aa00-e064-4938-b314-4265f0c2258c,9361fd90-ba52-4f84-aa93-6e878fd576ca,970b0598-bcb0-4714-91fb-2e81440dccd8,bcd64cc6-2dd9-43f6-abbe-66318d332032,d930590d-bb92-4cc8-8bd1-23cd027f9edf,a3cd009f-0ab0-420d-9278-b9fdab939bbc,6a2d0734-bd9e-4ddf-946e-caa52498cb75,c27215d8-6835-4b68-bfbb-bdeac6100c04,b5d6115f-0370-4d7c-aad3-c194cc71cf98,d1346436-ac96-4271-b863-1f4fdead95b0,971bdb23-3ff6-43eb-b422-1c30165a3663,17debcc3-0a6b-4b8a-b00b-dc58b885581e,711ebe11-f673-4cd9-9a83-63c60ba54c5b,c0143906-9aed-447e-9436-2ae8512d1b6e,14da1725-c4c2-42b4-ab08-ee0aeb6898b3,081cab31-dccd-428e-8652-f2404cc81c47,78e0584a-4343-4727-8f37-e14e65c2a2db,ba21476f-2866-4f81-9c4d-6e359316e448,871c3b6c-7379-419d-bda3-794b239ab90d,1d08ef62-a503-4ce2-8b9a-46c90873f7d3,ff9b0199-ce04-4cfe-86cc-6c719f08d6e4,de1c2107-70c8-4021-8459-6399f24d01c6,cbf30902-517f-40dc-af90-a550bac27cf1,5c601d96-e4c7-4698-991b-7ee674b11079
2026-7-12 18:39:31-debug:   Number of all scripts: 217
2026-7-12 18:39:31-debug:   Number of other assets: 1875
2026-7-12 18:39:31-debug: Init bundle root assets success..., progress: 0%
2026-7-12 18:39:31-debug: // ---- build task Query asset bundle ---- (37ms)
2026-7-12 18:39:31-log: run build task Query asset bundle success in 37 ms√, progress: 5%
2026-7-12 18:39:31-debug: [Build Memory track]: Query asset bundle start:237.37MB, end 234.86MB, increase: -2570.06KB
2026-7-12 18:39:31-debug: Query asset bundle start, progress: 5%
2026-7-12 18:39:31-debug: // ---- build task Query asset bundle ----
2026-7-12 18:39:31-log: run build task Query asset bundle success in 12 ms√, progress: 10%
2026-7-12 18:39:31-debug: [Build Memory track]: Query asset bundle start:234.90MB, end 235.34MB, increase: 453.13KB
2026-7-12 18:39:31-debug: Sort some build options to settings.json start, progress: 10%
2026-7-12 18:39:31-debug: // ---- build task Sort some build options to settings.json ----
2026-7-12 18:39:31-debug: // ---- build task Query asset bundle ---- (12ms)
2026-7-12 18:39:31-debug: // ---- build task Sort some build options to settings.json ---- (1ms)
2026-7-12 18:39:31-log: run build task Sort some build options to settings.json success in 1 ms√, progress: 12%
2026-7-12 18:39:31-debug: [Build Memory track]: Sort some build options to settings.json start:235.39MB, end 235.42MB, increase: 33.58KB
2026-7-12 18:39:31-debug: Fill script data to settings start, progress: 12%
2026-7-12 18:39:31-debug: // ---- build task Fill script data to settings ----
2026-7-12 18:39:31-debug: // ---- build task Fill script data to settings ---- (1ms)
2026-7-12 18:39:31-log: run build task Fill script data to settings success in 1 ms√, progress: 13%
2026-7-12 18:39:31-debug: [Build Memory track]: Fill script data to settings start:235.46MB, end 235.50MB, increase: 38.12KB
2026-7-12 18:39:31-debug: Sort some build options to settings.json start, progress: 13%
2026-7-12 18:39:31-debug: // ---- build task Sort some build options to settings.json ----
2026-7-12 18:39:31-debug: // ---- build task Sort some build options to settings.json ---- (3ms)
2026-7-12 18:39:31-log: run build task Sort some build options to settings.json success in 3 ms√, progress: 15%
2026-7-12 18:39:31-debug: [Build Memory track]: Sort some build options to settings.json start:235.53MB, end 235.67MB, increase: 140.66KB
2026-7-12 18:40:14-debug: refresh db internal success
2026-7-12 18:40:14-debug: refresh db assets success
2026-7-12 18:40:14-debug: Run asset db hook engine-extends:afterRefresh ...
2026-7-12 18:40:14-debug: Run asset db hook engine-extends:afterRefresh success!
2026-7-12 18:40:14-debug: asset-db:refresh-all-database (140ms)
2026-7-12 18:42:08-debug: refresh db internal success
2026-7-12 18:42:08-debug: %cImport%c: E:\game\回到地面\assets\scripts\platform\StorageService.tsbackground: #aaff85; color: #000;color: #000;
2026-7-12 18:42:08-debug: %cImport%c: E:\game\回到地面\assets\scripts\core\save\SaveService.tsbackground: #aaff85; color: #000;color: #000;
2026-7-12 18:42:08-debug: refresh db assets success
2026-7-12 18:42:08-debug: Run asset db hook engine-extends:afterRefresh ...
2026-7-12 18:42:08-debug: Run asset db hook engine-extends:afterRefresh success!
2026-7-12 18:42:08-debug: asset-db:refresh-all-database (135ms)
2026-7-12 18:42:08-debug: asset-db:worker-effect-data-processing (1ms)
2026-7-12 18:42:08-debug: asset-db-hook-engine-extends-afterRefresh (1ms)
