2026-7-13 10:03:36-log: Cannot access game frame or container.
2026-7-13 10:03:36-debug: asset-db:require-engine-code (664ms)
2026-7-13 10:03:36-log: meshopt wasm decoder initialized
2026-7-13 10:03:36-log: [box2d]:box2d wasm lib loaded.
2026-7-13 10:03:36-log: [bullet]:bullet wasm lib loaded.
2026-7-13 10:03:36-log: Using legacy pipeline
2026-7-13 10:03:36-log: Cocos Creator v3.8.8
2026-7-13 10:03:36-debug: [Assets Memory track]: asset-db:worker-init: initEngine start:31.34MB, end 79.54MB, increase: 48.20MB
2026-7-13 10:03:36-log: Forward render pipeline initialized.
2026-7-13 10:03:38-debug: [Assets Memory track]: asset-db:worker-init: initPlugin start:79.63MB, end 341.19MB, increase: 261.55MB
2026-7-13 10:03:38-debug: run package(web-desktop) handler(enable) start
2026-7-13 10:03:38-debug: run package(vivo-mini-game) handler(enable) start
2026-7-13 10:03:38-debug: run package(web-mobile) handler(enable) start
2026-7-13 10:03:38-debug: run package(vivo-mini-game) handler(enable) success!
2026-7-13 10:03:38-debug: run package(web-desktop) handler(enable) success!
2026-7-13 10:03:38-debug: run package(web-mobile) handler(enable) success!
2026-7-13 10:03:38-debug: run package(wechatprogram) handler(enable) start
2026-7-13 10:03:38-debug: run package(wechatgame) handler(enable) start
2026-7-13 10:03:38-debug: run package(wechatprogram) handler(enable) success!
2026-7-13 10:03:38-debug: run package(windows) handler(enable) success!
2026-7-13 10:03:38-debug: run package(wechatgame) handler(enable) success!
2026-7-13 10:03:38-debug: run package(xiaomi-quick-game) handler(enable) start
2026-7-13 10:03:38-debug: run package(xiaomi-quick-game) handler(enable) success!
2026-7-13 10:03:38-debug: run package(cocos-service) handler(enable) start
2026-7-13 10:03:38-debug: run package(cocos-service) handler(enable) success!
2026-7-13 10:03:38-debug: run package(im-plugin) handler(enable) start
2026-7-13 10:03:38-debug: run package(im-plugin) handler(enable) success!
2026-7-13 10:03:38-debug: run package(placeholder) handler(enable) start
2026-7-13 10:03:38-debug: run package(placeholder) handler(enable) success!
2026-7-13 10:03:38-debug: asset-db:worker-init: initPlugin (2184ms)
2026-7-13 10:03:38-debug: run package(windows) handler(enable) start
2026-7-13 10:03:38-debug: [Assets Memory track]: asset-db:worker-init start:31.33MB, end 342.28MB, increase: 310.94MB
2026-7-13 10:03:38-debug: Run asset db hook engine-extends:beforePreStart ...
2026-7-13 10:03:38-debug: Run asset db hook programming:beforePreStart ...
2026-7-13 10:03:38-debug: Run asset db hook programming:beforePreStart success!
2026-7-13 10:03:38-debug: Run asset db hook engine-extends:beforePreStart success!
2026-7-13 10:03:38-debug: asset-db:worker-init (3022ms)
2026-7-13 10:03:38-debug: asset-db-hook-programming-beforePreStart (65ms)
2026-7-13 10:03:38-debug: asset-db-hook-engine-extends-beforePreStart (65ms)
2026-7-13 10:03:38-debug: Preimport db internal success
2026-7-13 10:03:38-debug: Preimport db assets success
2026-7-13 10:03:38-debug: Run asset db hook programming:afterPreStart ...
2026-7-13 10:03:38-debug: starting packer-driver...
2026-7-13 10:03:39-debug: initialize scripting environment...
2026-7-13 10:03:39-debug: [[Executor]] prepare before lock
2026-7-13 10:03:39-debug: Set detail map pack:///resolution-detail-map.json: {}
2026-7-13 10:03:39-debug: [[Executor]] prepare after unlock
2026-7-13 10:03:39-debug: Run asset db hook programming:afterPreStart success!
2026-7-13 10:03:39-debug: Run asset db hook engine-extends:afterPreStart success!
2026-7-13 10:03:39-debug: [Assets Memory track]: asset-db:worker-init: preStart start:342.29MB, end 347.35MB, increase: 5.06MB
2026-7-13 10:03:39-debug: Start up the 'internal' database...
2026-7-13 10:03:39-debug: Run asset db hook engine-extends:afterPreStart ...
2026-7-13 10:03:40-debug: asset-db-hook-programming-afterPreStart (1189ms)
2026-7-13 10:03:40-debug: asset-db:worker-effect-data-processing (324ms)
2026-7-13 10:03:40-debug: asset-db-hook-engine-extends-afterPreStart (324ms)
2026-7-13 10:03:40-debug: Run asset db hook engine-extends:afterStartDB ...
2026-7-13 10:03:40-debug: recompile effect.bin success
2026-7-13 10:03:40-debug: Run asset db hook engine-extends:afterStartDB success!
2026-7-13 10:03:40-debug: Start up the 'assets' database...
2026-7-13 10:03:40-debug: asset-db:worker-effect-data-processing (322ms)
2026-7-13 10:03:40-debug: asset-db-hook-engine-extends-afterStartDB (323ms)
2026-7-13 10:03:40-debug: Run asset db hook engine-extends:afterStartDB ...
2026-7-13 10:03:40-debug: recompile effect.bin success
2026-7-13 10:03:40-debug: lazy register asset handler *
2026-7-13 10:03:40-debug: lazy register asset handler text
2026-7-13 10:03:40-debug: lazy register asset handler directory
2026-7-13 10:03:40-debug: Run asset db hook engine-extends:afterStartDB success!
2026-7-13 10:03:40-debug: lazy register asset handler spine-data
2026-7-13 10:03:40-debug: lazy register asset handler dragonbones
2026-7-13 10:03:40-debug: lazy register asset handler dragonbones-atlas
2026-7-13 10:03:40-debug: lazy register asset handler json
2026-7-13 10:03:40-debug: lazy register asset handler terrain
2026-7-13 10:03:40-debug: lazy register asset handler javascript
2026-7-13 10:03:40-debug: lazy register asset handler typescript
2026-7-13 10:03:40-debug: lazy register asset handler prefab
2026-7-13 10:03:40-debug: lazy register asset handler tiled-map
2026-7-13 10:03:40-debug: lazy register asset handler sprite-frame
2026-7-13 10:03:40-debug: lazy register asset handler scene
2026-7-13 10:03:40-debug: lazy register asset handler buffer
2026-7-13 10:03:40-debug: lazy register asset handler sign-image
2026-7-13 10:03:40-debug: lazy register asset handler alpha-image
2026-7-13 10:03:40-debug: lazy register asset handler image
2026-7-13 10:03:40-debug: lazy register asset handler texture-cube
2026-7-13 10:03:40-debug: lazy register asset handler erp-texture-cube
2026-7-13 10:03:40-debug: lazy register asset handler texture
2026-7-13 10:03:40-debug: lazy register asset handler render-texture
2026-7-13 10:03:40-debug: lazy register asset handler texture-cube-face
2026-7-13 10:03:40-debug: lazy register asset handler gltf
2026-7-13 10:03:40-debug: lazy register asset handler rt-sprite-frame
2026-7-13 10:03:40-debug: lazy register asset handler gltf-animation
2026-7-13 10:03:40-debug: lazy register asset handler gltf-mesh
2026-7-13 10:03:40-debug: lazy register asset handler gltf-skeleton
2026-7-13 10:03:40-debug: lazy register asset handler gltf-material
2026-7-13 10:03:40-debug: lazy register asset handler gltf-embeded-image
2026-7-13 10:03:40-debug: lazy register asset handler material
2026-7-13 10:03:40-debug: lazy register asset handler gltf-scene
2026-7-13 10:03:40-debug: lazy register asset handler physics-material
2026-7-13 10:03:40-debug: lazy register asset handler effect-header
2026-7-13 10:03:40-debug: lazy register asset handler fbx
2026-7-13 10:03:40-debug: lazy register asset handler audio-clip
2026-7-13 10:03:40-debug: lazy register asset handler animation-clip
2026-7-13 10:03:40-debug: lazy register asset handler animation-graph
2026-7-13 10:03:40-debug: lazy register asset handler animation-graph-variant
2026-7-13 10:03:40-debug: lazy register asset handler ttf-font
2026-7-13 10:03:40-debug: lazy register asset handler animation-mask
2026-7-13 10:03:40-debug: lazy register asset handler bitmap-font
2026-7-13 10:03:40-debug: lazy register asset handler particle
2026-7-13 10:03:40-debug: lazy register asset handler sprite-atlas
2026-7-13 10:03:40-debug: lazy register asset handler auto-atlas
2026-7-13 10:03:40-debug: lazy register asset handler label-atlas
2026-7-13 10:03:40-debug: lazy register asset handler render-pipeline
2026-7-13 10:03:40-debug: lazy register asset handler effect
2026-7-13 10:03:40-debug: lazy register asset handler render-stage
2026-7-13 10:03:40-debug: lazy register asset handler instantiation-mesh
2026-7-13 10:03:40-debug: lazy register asset handler render-flow
2026-7-13 10:03:40-debug: lazy register asset handler instantiation-material
2026-7-13 10:03:40-debug: lazy register asset handler instantiation-animation
2026-7-13 10:03:40-debug: lazy register asset handler instantiation-skeleton
2026-7-13 10:03:40-debug: lazy register asset handler video-clip
2026-7-13 10:03:40-debug: asset-db:worker-effect-data-processing (273ms)
2026-7-13 10:03:40-debug: asset-db-hook-engine-extends-afterStartDB (273ms)
2026-7-13 10:03:40-debug: asset-db:start-database (2053ms)
2026-7-13 10:03:40-debug: asset-db:ready (7707ms)
2026-7-13 10:03:40-debug: init worker message success
2026-7-13 10:03:41-debug: programming:execute-script (364ms)
2026-7-13 10:03:41-debug: [Build Memory track]: builder:worker-init start:231.51MB, end 241.96MB, increase: 10.45MB
2026-7-13 10:03:41-debug: builder:worker-init (432ms)
2026-7-13 10:04:57-debug: refresh db internal success
2026-7-13 10:04:58-debug: refresh db assets success
2026-7-13 10:04:58-debug: Run asset db hook engine-extends:afterRefresh ...
2026-7-13 10:04:58-debug: Run asset db hook engine-extends:afterRefresh success!
2026-7-13 10:04:58-debug: asset-db:refresh-all-database (124ms)
2026-7-13 10:04:58-debug: asset-db:worker-effect-data-processing (1ms)
2026-7-13 10:04:58-debug: asset-db-hook-engine-extends-afterRefresh (1ms)
2026-7-13 10:05:01-debug: Query all assets info in project
2026-7-13 10:05:01-debug: init custom config: keepNodeUuid: false, useCache: true
2026-7-13 10:05:01-debug: Skip compress image, progress: 0%
2026-7-13 10:05:01-debug: Num of bundles: 3..., progress: 0%
2026-7-13 10:05:01-debug: Init all bundles start..., progress: 0%
2026-7-13 10:05:01-debug: Init bundle root assets start..., progress: 0%
2026-7-13 10:05:01-debug: Query asset bundle start, progress: 0%
2026-7-13 10:05:01-debug: // ---- build task Query asset bundle ----
2026-7-13 10:05:01-debug: Query preload assets/scripts from cc.config.json: 60f7195c-ec2a-45eb-ba94-8955f60e81d0,1c02ae6f-4492-4915-b8f8-7492a3b1e4cd,810e96e4-e456-4468-9b59-f4e8f39732c0,efe8e2a3-eace-427b-b4f1-cb8a937ec77d,e9aa9a3e-5b2b-4ac7-a2c7-073de2b2b24f,8bbdbcdd-5cd4-4100-b6d5-b7c9625b6107,50f4348b-c883-4e2f-8f11-ce233b859fa1,fda095cb-831d-4601-ad94-846013963de8,f92806d7-1768-443f-afe8-12bcde84d0f0,dd3a144d-ab7f-41f0-82b8-2e43a090d496,f0416e68-0200-4b77-a926-4f9d16e494da,511d2633-09a7-4bdd-ac42-f778032124b3,5d45aa00-e064-4938-b314-4265f0c2258c,9361fd90-ba52-4f84-aa93-6e878fd576ca,970b0598-bcb0-4714-91fb-2e81440dccd8,bcd64cc6-2dd9-43f6-abbe-66318d332032,d930590d-bb92-4cc8-8bd1-23cd027f9edf,a3cd009f-0ab0-420d-9278-b9fdab939bbc,6a2d0734-bd9e-4ddf-946e-caa52498cb75,c27215d8-6835-4b68-bfbb-bdeac6100c04,b5d6115f-0370-4d7c-aad3-c194cc71cf98,d1346436-ac96-4271-b863-1f4fdead95b0,971bdb23-3ff6-43eb-b422-1c30165a3663,17debcc3-0a6b-4b8a-b00b-dc58b885581e,711ebe11-f673-4cd9-9a83-63c60ba54c5b,c0143906-9aed-447e-9436-2ae8512d1b6e,14da1725-c4c2-42b4-ab08-ee0aeb6898b3,081cab31-dccd-428e-8652-f2404cc81c47,78e0584a-4343-4727-8f37-e14e65c2a2db,ba21476f-2866-4f81-9c4d-6e359316e448,871c3b6c-7379-419d-bda3-794b239ab90d,1d08ef62-a503-4ce2-8b9a-46c90873f7d3,ff9b0199-ce04-4cfe-86cc-6c719f08d6e4,de1c2107-70c8-4021-8459-6399f24d01c6,cbf30902-517f-40dc-af90-a550bac27cf1,5c601d96-e4c7-4698-991b-7ee674b11079
2026-7-13 10:05:01-debug:   Number of all scripts: 217
2026-7-13 10:05:01-debug:   Number of other assets: 1875
2026-7-13 10:05:01-debug: Init bundle root assets success..., progress: 0%
2026-7-13 10:05:01-debug:   Number of all scenes: 3
2026-7-13 10:05:01-debug: // ---- build task Query asset bundle ---- (41ms)
2026-7-13 10:05:01-log: run build task Query asset bundle success in 41 ms√, progress: 5%
2026-7-13 10:05:01-debug: [Build Memory track]: Query asset bundle start:230.35MB, end 229.99MB, increase: -362.48KB
2026-7-13 10:05:01-debug: // ---- build task Query asset bundle ----
2026-7-13 10:05:01-debug: Query asset bundle start, progress: 5%
2026-7-13 10:05:01-debug: // ---- build task Query asset bundle ---- (3ms)
2026-7-13 10:05:01-log: run build task Query asset bundle success in 3 ms√, progress: 10%
2026-7-13 10:05:01-debug: [Build Memory track]: Query asset bundle start:230.03MB, end 230.48MB, increase: 456.22KB
2026-7-13 10:05:01-debug: Sort some build options to settings.json start, progress: 10%
2026-7-13 10:05:01-debug: // ---- build task Sort some build options to settings.json ----
2026-7-13 10:05:01-debug: // ---- build task Sort some build options to settings.json ---- (1ms)
2026-7-13 10:05:01-log: run build task Sort some build options to settings.json success in 1 ms√, progress: 12%
2026-7-13 10:05:01-debug: [Build Memory track]: Sort some build options to settings.json start:230.52MB, end 230.55MB, increase: 34.49KB
2026-7-13 10:05:01-debug: Fill script data to settings start, progress: 12%
2026-7-13 10:05:01-debug: // ---- build task Fill script data to settings ----
2026-7-13 10:05:01-debug: // ---- build task Fill script data to settings ---- (1ms)
2026-7-13 10:05:01-log: run build task Fill script data to settings success in 1 ms√, progress: 13%
2026-7-13 10:05:01-debug: [Build Memory track]: Fill script data to settings start:230.60MB, end 230.63MB, increase: 33.98KB
2026-7-13 10:05:01-debug: Sort some build options to settings.json start, progress: 13%
2026-7-13 10:05:01-debug: // ---- build task Sort some build options to settings.json ----
2026-7-13 10:05:01-debug: // ---- build task Sort some build options to settings.json ---- (3ms)
2026-7-13 10:05:01-log: run build task Sort some build options to settings.json success in 3 ms√, progress: 15%
2026-7-13 10:05:01-debug: [Build Memory track]: Sort some build options to settings.json start:230.68MB, end 230.83MB, increase: 155.25KB
2026-7-13 10:05:07-debug: refresh db internal success
2026-7-13 10:05:07-debug: refresh db assets success
2026-7-13 10:05:07-debug: Run asset db hook engine-extends:afterRefresh ...
2026-7-13 10:05:07-debug: Run asset db hook engine-extends:afterRefresh success!
2026-7-13 10:05:07-debug: asset-db:refresh-all-database (170ms)
2026-7-13 10:05:07-debug: asset-db-hook-engine-extends-afterRefresh (2ms)
2026-7-13 10:05:07-debug: asset-db:worker-effect-data-processing (1ms)
2026-7-13 10:05:12-debug: refresh db internal success
2026-7-13 10:05:13-debug: refresh db assets success
2026-7-13 10:05:13-debug: Run asset db hook engine-extends:afterRefresh success!
2026-7-13 10:05:13-debug: Run asset db hook engine-extends:afterRefresh ...
2026-7-13 10:05:13-debug: asset-db:refresh-all-database (117ms)
2026-7-13 10:05:13-debug: asset-db:worker-effect-data-processing (1ms)
2026-7-13 10:05:13-debug: asset-db-hook-engine-extends-afterRefresh (1ms)
2026-7-13 10:07:44-debug: refresh db internal success
2026-7-13 10:07:44-debug: refresh db assets success
2026-7-13 10:07:44-debug: Run asset db hook engine-extends:afterRefresh ...
2026-7-13 10:07:44-debug: Run asset db hook engine-extends:afterRefresh success!
2026-7-13 10:07:44-debug: asset-db:refresh-all-database (132ms)
2026-7-13 10:07:44-debug: asset-db:worker-effect-data-processing (2ms)
2026-7-13 10:07:44-debug: asset-db-hook-engine-extends-afterRefresh (2ms)
2026-7-13 10:10:51-debug: refresh db internal success
2026-7-13 10:10:51-debug: %cImport%c: E:\game\回到地面\assets\scripts\render\CharacterModelAssembler.tsbackground: #aaff85; color: #000;color: #000;
2026-7-13 10:10:51-debug: %cImport%c: E:\game\回到地面\assets\scripts\ui\main\CreatePanel.tsbackground: #aaff85; color: #000;color: #000;
2026-7-13 10:10:51-debug: refresh db assets success
2026-7-13 10:10:51-debug: Run asset db hook engine-extends:afterRefresh ...
2026-7-13 10:10:51-debug: Run asset db hook engine-extends:afterRefresh success!
2026-7-13 10:10:51-debug: asset-db:refresh-all-database (152ms)
2026-7-13 10:10:51-debug: asset-db:worker-effect-data-processing (1ms)
2026-7-13 10:10:51-debug: asset-db-hook-engine-extends-afterRefresh (1ms)
2026-7-13 10:10:54-debug: Query all assets info in project
2026-7-13 10:10:54-debug: init custom config: keepNodeUuid: false, useCache: true
2026-7-13 10:10:54-debug: Skip compress image, progress: 0%
2026-7-13 10:10:54-debug: Init all bundles start..., progress: 0%
2026-7-13 10:10:54-debug: Query asset bundle start, progress: 0%
2026-7-13 10:10:54-debug: // ---- build task Query asset bundle ----
2026-7-13 10:10:54-debug: Init bundle root assets start..., progress: 0%
2026-7-13 10:10:54-debug: Num of bundles: 3..., progress: 0%
2026-7-13 10:10:54-debug: Query preload assets/scripts from cc.config.json: 60f7195c-ec2a-45eb-ba94-8955f60e81d0,1c02ae6f-4492-4915-b8f8-7492a3b1e4cd,810e96e4-e456-4468-9b59-f4e8f39732c0,efe8e2a3-eace-427b-b4f1-cb8a937ec77d,e9aa9a3e-5b2b-4ac7-a2c7-073de2b2b24f,8bbdbcdd-5cd4-4100-b6d5-b7c9625b6107,50f4348b-c883-4e2f-8f11-ce233b859fa1,fda095cb-831d-4601-ad94-846013963de8,f92806d7-1768-443f-afe8-12bcde84d0f0,dd3a144d-ab7f-41f0-82b8-2e43a090d496,f0416e68-0200-4b77-a926-4f9d16e494da,511d2633-09a7-4bdd-ac42-f778032124b3,5d45aa00-e064-4938-b314-4265f0c2258c,9361fd90-ba52-4f84-aa93-6e878fd576ca,970b0598-bcb0-4714-91fb-2e81440dccd8,bcd64cc6-2dd9-43f6-abbe-66318d332032,d930590d-bb92-4cc8-8bd1-23cd027f9edf,a3cd009f-0ab0-420d-9278-b9fdab939bbc,6a2d0734-bd9e-4ddf-946e-caa52498cb75,c27215d8-6835-4b68-bfbb-bdeac6100c04,b5d6115f-0370-4d7c-aad3-c194cc71cf98,d1346436-ac96-4271-b863-1f4fdead95b0,971bdb23-3ff6-43eb-b422-1c30165a3663,17debcc3-0a6b-4b8a-b00b-dc58b885581e,711ebe11-f673-4cd9-9a83-63c60ba54c5b,c0143906-9aed-447e-9436-2ae8512d1b6e,14da1725-c4c2-42b4-ab08-ee0aeb6898b3,081cab31-dccd-428e-8652-f2404cc81c47,78e0584a-4343-4727-8f37-e14e65c2a2db,ba21476f-2866-4f81-9c4d-6e359316e448,871c3b6c-7379-419d-bda3-794b239ab90d,1d08ef62-a503-4ce2-8b9a-46c90873f7d3,ff9b0199-ce04-4cfe-86cc-6c719f08d6e4,de1c2107-70c8-4021-8459-6399f24d01c6,cbf30902-517f-40dc-af90-a550bac27cf1,5c601d96-e4c7-4698-991b-7ee674b11079
2026-7-13 10:10:54-debug:   Number of all scenes: 3
2026-7-13 10:10:54-debug:   Number of other assets: 1875
2026-7-13 10:10:54-debug: Init bundle root assets success..., progress: 0%
2026-7-13 10:10:54-debug:   Number of all scripts: 217
2026-7-13 10:10:54-debug: // ---- build task Query asset bundle ---- (40ms)
2026-7-13 10:10:54-debug: Query asset bundle start, progress: 5%
2026-7-13 10:10:54-debug: [Build Memory track]: Query asset bundle start:238.93MB, end 240.93MB, increase: 2.00MB
2026-7-13 10:10:54-log: run build task Query asset bundle success in 40 ms√, progress: 5%
2026-7-13 10:10:54-debug: // ---- build task Query asset bundle ----
2026-7-13 10:10:54-debug: // ---- build task Query asset bundle ---- (3ms)
2026-7-13 10:10:54-log: run build task Query asset bundle success in 3 ms√, progress: 10%
2026-7-13 10:10:54-debug: [Build Memory track]: Query asset bundle start:240.97MB, end 241.41MB, increase: 452.33KB
2026-7-13 10:10:54-debug: // ---- build task Sort some build options to settings.json ----
2026-7-13 10:10:54-debug: Sort some build options to settings.json start, progress: 10%
2026-7-13 10:10:54-debug: // ---- build task Sort some build options to settings.json ---- (1ms)
2026-7-13 10:10:54-debug: [Build Memory track]: Sort some build options to settings.json start:241.46MB, end 241.49MB, increase: 33.96KB
2026-7-13 10:10:54-debug: // ---- build task Fill script data to settings ----
2026-7-13 10:10:54-log: run build task Sort some build options to settings.json success in 1 ms√, progress: 12%
2026-7-13 10:10:54-debug: Fill script data to settings start, progress: 12%
2026-7-13 10:10:54-debug: // ---- build task Fill script data to settings ---- (2ms)
2026-7-13 10:10:54-log: run build task Fill script data to settings success in 2 ms√, progress: 13%
2026-7-13 10:10:54-debug: Sort some build options to settings.json start, progress: 13%
2026-7-13 10:10:54-debug: [Build Memory track]: Fill script data to settings start:241.53MB, end 241.57MB, increase: 37.66KB
2026-7-13 10:10:54-debug: // ---- build task Sort some build options to settings.json ----
2026-7-13 10:10:54-debug: // ---- build task Sort some build options to settings.json ---- (3ms)
2026-7-13 10:10:54-log: run build task Sort some build options to settings.json success in 3 ms√, progress: 15%
2026-7-13 10:10:54-debug: [Build Memory track]: Sort some build options to settings.json start:241.61MB, end 241.75MB, increase: 146.64KB
2026-7-13 10:11:06-debug: refresh db internal success
2026-7-13 10:11:06-debug: refresh db assets success
2026-7-13 10:11:06-debug: Run asset db hook engine-extends:afterRefresh ...
2026-7-13 10:11:06-debug: Run asset db hook engine-extends:afterRefresh success!
2026-7-13 10:11:06-debug: asset-db:refresh-all-database (115ms)
2026-7-13 10:11:06-debug: asset-db-hook-engine-extends-afterRefresh (1ms)
2026-7-13 10:11:06-debug: asset-db:worker-effect-data-processing (1ms)
2026-7-13 10:11:13-debug: refresh db internal success
2026-7-13 10:11:13-debug: refresh db assets success
2026-7-13 10:11:13-debug: Run asset db hook engine-extends:afterRefresh ...
2026-7-13 10:11:13-debug: Run asset db hook engine-extends:afterRefresh success!
2026-7-13 10:11:13-debug: asset-db:refresh-all-database (152ms)
2026-7-13 10:11:13-debug: asset-db:worker-effect-data-processing (1ms)
2026-7-13 10:11:13-debug: asset-db-hook-engine-extends-afterRefresh (2ms)
2026-7-13 10:18:42-debug: refresh db internal success
2026-7-13 10:18:42-debug: %cImport%c: E:\game\回到地面\assets\scripts\render\CharacterModelAssembler.tsbackground: #aaff85; color: #000;color: #000;
2026-7-13 10:18:42-debug: %cImport%c: E:\game\回到地面\assets\scripts\ui\main\CreatePanel.tsbackground: #aaff85; color: #000;color: #000;
2026-7-13 10:18:42-debug: refresh db assets success
2026-7-13 10:18:42-debug: Run asset db hook engine-extends:afterRefresh success!
2026-7-13 10:18:42-debug: Run asset db hook engine-extends:afterRefresh ...
2026-7-13 10:18:42-debug: asset-db:refresh-all-database (132ms)
2026-7-13 10:18:42-debug: asset-db:worker-effect-data-processing (2ms)
2026-7-13 10:18:42-debug: asset-db-hook-engine-extends-afterRefresh (3ms)
2026-7-13 10:18:44-debug: Query all assets info in project
2026-7-13 10:18:44-debug: init custom config: keepNodeUuid: false, useCache: true
2026-7-13 10:18:44-debug: Skip compress image, progress: 0%
2026-7-13 10:18:44-debug: Init all bundles start..., progress: 0%
2026-7-13 10:18:44-debug: // ---- build task Query asset bundle ----
2026-7-13 10:18:44-debug: Init bundle root assets start..., progress: 0%
2026-7-13 10:18:44-debug: Num of bundles: 3..., progress: 0%
2026-7-13 10:18:44-debug: Query asset bundle start, progress: 0%
2026-7-13 10:18:44-debug: Query preload assets/scripts from cc.config.json: 60f7195c-ec2a-45eb-ba94-8955f60e81d0,1c02ae6f-4492-4915-b8f8-7492a3b1e4cd,810e96e4-e456-4468-9b59-f4e8f39732c0,efe8e2a3-eace-427b-b4f1-cb8a937ec77d,e9aa9a3e-5b2b-4ac7-a2c7-073de2b2b24f,8bbdbcdd-5cd4-4100-b6d5-b7c9625b6107,50f4348b-c883-4e2f-8f11-ce233b859fa1,fda095cb-831d-4601-ad94-846013963de8,f92806d7-1768-443f-afe8-12bcde84d0f0,dd3a144d-ab7f-41f0-82b8-2e43a090d496,f0416e68-0200-4b77-a926-4f9d16e494da,511d2633-09a7-4bdd-ac42-f778032124b3,5d45aa00-e064-4938-b314-4265f0c2258c,9361fd90-ba52-4f84-aa93-6e878fd576ca,970b0598-bcb0-4714-91fb-2e81440dccd8,bcd64cc6-2dd9-43f6-abbe-66318d332032,d930590d-bb92-4cc8-8bd1-23cd027f9edf,a3cd009f-0ab0-420d-9278-b9fdab939bbc,6a2d0734-bd9e-4ddf-946e-caa52498cb75,c27215d8-6835-4b68-bfbb-bdeac6100c04,b5d6115f-0370-4d7c-aad3-c194cc71cf98,d1346436-ac96-4271-b863-1f4fdead95b0,971bdb23-3ff6-43eb-b422-1c30165a3663,17debcc3-0a6b-4b8a-b00b-dc58b885581e,711ebe11-f673-4cd9-9a83-63c60ba54c5b,c0143906-9aed-447e-9436-2ae8512d1b6e,14da1725-c4c2-42b4-ab08-ee0aeb6898b3,081cab31-dccd-428e-8652-f2404cc81c47,78e0584a-4343-4727-8f37-e14e65c2a2db,ba21476f-2866-4f81-9c4d-6e359316e448,871c3b6c-7379-419d-bda3-794b239ab90d,1d08ef62-a503-4ce2-8b9a-46c90873f7d3,ff9b0199-ce04-4cfe-86cc-6c719f08d6e4,de1c2107-70c8-4021-8459-6399f24d01c6,cbf30902-517f-40dc-af90-a550bac27cf1,5c601d96-e4c7-4698-991b-7ee674b11079
2026-7-13 10:18:44-debug:   Number of all scenes: 3
2026-7-13 10:18:44-debug:   Number of all scripts: 217
2026-7-13 10:18:44-debug:   Number of other assets: 1875
2026-7-13 10:18:44-debug: Init bundle root assets success..., progress: 0%
2026-7-13 10:18:44-debug: // ---- build task Query asset bundle ---- (27ms)
2026-7-13 10:18:44-debug: Query asset bundle start, progress: 5%
2026-7-13 10:18:44-debug: // ---- build task Query asset bundle ----
2026-7-13 10:18:44-debug: [Build Memory track]: Query asset bundle start:232.47MB, end 230.67MB, increase: -1846.52KB
2026-7-13 10:18:44-log: run build task Query asset bundle success in 27 ms√, progress: 5%
2026-7-13 10:18:44-debug: // ---- build task Query asset bundle ---- (4ms)
2026-7-13 10:18:44-log: run build task Query asset bundle success in 4 ms√, progress: 10%
2026-7-13 10:18:44-debug: [Build Memory track]: Query asset bundle start:230.71MB, end 231.15MB, increase: 454.38KB
2026-7-13 10:18:44-debug: Sort some build options to settings.json start, progress: 10%
2026-7-13 10:18:44-debug: // ---- build task Sort some build options to settings.json ----
2026-7-13 10:18:44-debug: // ---- build task Sort some build options to settings.json ---- (1ms)
2026-7-13 10:18:44-log: run build task Sort some build options to settings.json success in 1 ms√, progress: 12%
2026-7-13 10:18:44-debug: [Build Memory track]: Sort some build options to settings.json start:231.21MB, end 231.25MB, increase: 39.20KB
2026-7-13 10:18:44-debug: // ---- build task Fill script data to settings ----
2026-7-13 10:18:44-debug: Fill script data to settings start, progress: 12%
2026-7-13 10:18:44-debug: // ---- build task Fill script data to settings ---- (2ms)
2026-7-13 10:18:44-log: run build task Fill script data to settings success in 2 ms√, progress: 13%
2026-7-13 10:18:44-debug: [Build Memory track]: Fill script data to settings start:231.28MB, end 231.32MB, increase: 33.29KB
2026-7-13 10:18:44-debug: // ---- build task Sort some build options to settings.json ----
2026-7-13 10:18:44-debug: Sort some build options to settings.json start, progress: 13%
2026-7-13 10:18:44-debug: // ---- build task Sort some build options to settings.json ---- (3ms)
2026-7-13 10:18:44-log: run build task Sort some build options to settings.json success in 3 ms√, progress: 15%
2026-7-13 10:18:44-debug: [Build Memory track]: Sort some build options to settings.json start:231.36MB, end 231.49MB, increase: 137.80KB
2026-7-13 10:18:53-debug: refresh db internal success
2026-7-13 10:18:53-debug: refresh db assets success
2026-7-13 10:18:53-debug: Run asset db hook engine-extends:afterRefresh ...
2026-7-13 10:18:53-debug: Run asset db hook engine-extends:afterRefresh success!
2026-7-13 10:18:53-debug: asset-db:refresh-all-database (121ms)
2026-7-13 10:18:53-debug: asset-db:worker-effect-data-processing (1ms)
2026-7-13 10:18:53-debug: asset-db-hook-engine-extends-afterRefresh (1ms)
2026-7-13 10:19:04-debug: refresh db internal success
2026-7-13 10:19:04-debug: refresh db assets success
2026-7-13 10:19:04-debug: Run asset db hook engine-extends:afterRefresh ...
2026-7-13 10:19:04-debug: Run asset db hook engine-extends:afterRefresh success!
2026-7-13 10:19:04-debug: asset-db:refresh-all-database (117ms)
2026-7-13 10:19:04-debug: asset-db:worker-effect-data-processing (1ms)
2026-7-13 10:19:04-debug: asset-db-hook-engine-extends-afterRefresh (2ms)
2026-7-13 10:19:11-debug: refresh db internal success
2026-7-13 10:19:11-debug: refresh db assets success
2026-7-13 10:19:11-debug: Run asset db hook engine-extends:afterRefresh ...
2026-7-13 10:19:11-debug: Run asset db hook engine-extends:afterRefresh success!
2026-7-13 10:19:11-debug: asset-db:refresh-all-database (113ms)
2026-7-13 10:19:11-debug: asset-db:worker-effect-data-processing (2ms)
2026-7-13 10:19:11-debug: asset-db-hook-engine-extends-afterRefresh (2ms)
2026-7-13 10:19:13-debug: refresh db internal success
2026-7-13 10:19:13-debug: refresh db assets success
2026-7-13 10:19:13-debug: Run asset db hook engine-extends:afterRefresh ...
2026-7-13 10:19:13-debug: Run asset db hook engine-extends:afterRefresh success!
2026-7-13 10:19:13-debug: asset-db:refresh-all-database (111ms)
2026-7-13 10:19:13-debug: asset-db:worker-effect-data-processing (1ms)
2026-7-13 10:19:13-debug: asset-db-hook-engine-extends-afterRefresh (1ms)
2026-7-13 10:19:17-debug: refresh db internal success
2026-7-13 10:19:17-debug: refresh db assets success
2026-7-13 10:19:17-debug: Run asset db hook engine-extends:afterRefresh ...
2026-7-13 10:19:17-debug: Run asset db hook engine-extends:afterRefresh success!
2026-7-13 10:19:17-debug: asset-db:refresh-all-database (113ms)
2026-7-13 10:19:17-debug: asset-db:worker-effect-data-processing (1ms)
2026-7-13 10:19:17-debug: asset-db-hook-engine-extends-afterRefresh (1ms)
2026-7-13 10:34:09-debug: refresh db internal success
2026-7-13 10:34:09-debug: %cImport%c: E:\game\回到地面\assets\scripts\render\CharacterModelAssembler.tsbackground: #aaff85; color: #000;color: #000;
2026-7-13 10:34:09-debug: %cImport%c: E:\game\回到地面\assets\scripts\ui\main\CreatePanel.tsbackground: #aaff85; color: #000;color: #000;
2026-7-13 10:34:10-debug: refresh db assets success
2026-7-13 10:34:10-debug: Run asset db hook engine-extends:afterRefresh ...
2026-7-13 10:34:10-debug: Run asset db hook engine-extends:afterRefresh success!
2026-7-13 10:34:10-debug: asset-db:refresh-all-database (122ms)
2026-7-13 10:34:10-debug: asset-db-hook-engine-extends-afterRefresh (2ms)
2026-7-13 10:34:10-debug: asset-db:worker-effect-data-processing (2ms)
2026-7-13 10:34:13-debug: refresh db internal success
2026-7-13 10:34:13-debug: refresh db assets success
2026-7-13 10:34:13-debug: Run asset db hook engine-extends:afterRefresh ...
2026-7-13 10:34:13-debug: Run asset db hook engine-extends:afterRefresh success!
2026-7-13 10:34:13-debug: asset-db:refresh-all-database (106ms)
2026-7-13 10:34:13-debug: asset-db-hook-engine-extends-afterRefresh (1ms)
2026-7-13 10:34:13-debug: asset-db:worker-effect-data-processing (1ms)
2026-7-13 10:34:15-debug: Query all assets info in project
2026-7-13 10:34:15-debug: init custom config: keepNodeUuid: false, useCache: true
2026-7-13 10:34:15-debug: Skip compress image, progress: 0%
2026-7-13 10:34:15-debug: Init all bundles start..., progress: 0%
2026-7-13 10:34:15-debug: Num of bundles: 3..., progress: 0%
2026-7-13 10:34:15-debug: Query asset bundle start, progress: 0%
2026-7-13 10:34:15-debug: Init bundle root assets start..., progress: 0%
2026-7-13 10:34:15-debug: // ---- build task Query asset bundle ----
2026-7-13 10:34:15-debug: Query preload assets/scripts from cc.config.json: 60f7195c-ec2a-45eb-ba94-8955f60e81d0,1c02ae6f-4492-4915-b8f8-7492a3b1e4cd,810e96e4-e456-4468-9b59-f4e8f39732c0,efe8e2a3-eace-427b-b4f1-cb8a937ec77d,e9aa9a3e-5b2b-4ac7-a2c7-073de2b2b24f,8bbdbcdd-5cd4-4100-b6d5-b7c9625b6107,50f4348b-c883-4e2f-8f11-ce233b859fa1,fda095cb-831d-4601-ad94-846013963de8,f92806d7-1768-443f-afe8-12bcde84d0f0,dd3a144d-ab7f-41f0-82b8-2e43a090d496,f0416e68-0200-4b77-a926-4f9d16e494da,511d2633-09a7-4bdd-ac42-f778032124b3,5d45aa00-e064-4938-b314-4265f0c2258c,9361fd90-ba52-4f84-aa93-6e878fd576ca,970b0598-bcb0-4714-91fb-2e81440dccd8,bcd64cc6-2dd9-43f6-abbe-66318d332032,d930590d-bb92-4cc8-8bd1-23cd027f9edf,a3cd009f-0ab0-420d-9278-b9fdab939bbc,6a2d0734-bd9e-4ddf-946e-caa52498cb75,c27215d8-6835-4b68-bfbb-bdeac6100c04,b5d6115f-0370-4d7c-aad3-c194cc71cf98,d1346436-ac96-4271-b863-1f4fdead95b0,971bdb23-3ff6-43eb-b422-1c30165a3663,17debcc3-0a6b-4b8a-b00b-dc58b885581e,711ebe11-f673-4cd9-9a83-63c60ba54c5b,c0143906-9aed-447e-9436-2ae8512d1b6e,14da1725-c4c2-42b4-ab08-ee0aeb6898b3,081cab31-dccd-428e-8652-f2404cc81c47,78e0584a-4343-4727-8f37-e14e65c2a2db,ba21476f-2866-4f81-9c4d-6e359316e448,871c3b6c-7379-419d-bda3-794b239ab90d,1d08ef62-a503-4ce2-8b9a-46c90873f7d3,ff9b0199-ce04-4cfe-86cc-6c719f08d6e4,de1c2107-70c8-4021-8459-6399f24d01c6,cbf30902-517f-40dc-af90-a550bac27cf1,5c601d96-e4c7-4698-991b-7ee674b11079
2026-7-13 10:34:15-debug:   Number of all scripts: 217
2026-7-13 10:34:15-debug:   Number of other assets: 1875
2026-7-13 10:34:15-debug: Init bundle root assets success..., progress: 0%
2026-7-13 10:34:15-debug:   Number of all scenes: 3
2026-7-13 10:34:15-debug: // ---- build task Query asset bundle ---- (30ms)
2026-7-13 10:34:15-log: run build task Query asset bundle success in 30 ms√, progress: 5%
2026-7-13 10:34:15-debug: [Build Memory track]: Query asset bundle start:243.02MB, end 244.88MB, increase: 1.86MB
2026-7-13 10:34:15-debug: Query asset bundle start, progress: 5%
2026-7-13 10:34:15-debug: // ---- build task Query asset bundle ----
2026-7-13 10:34:15-debug: // ---- build task Query asset bundle ---- (3ms)
2026-7-13 10:34:15-log: run build task Query asset bundle success in 3 ms√, progress: 10%
2026-7-13 10:34:15-debug: Sort some build options to settings.json start, progress: 10%
2026-7-13 10:34:15-debug: // ---- build task Sort some build options to settings.json ----
2026-7-13 10:34:15-debug: [Build Memory track]: Query asset bundle start:244.92MB, end 245.37MB, increase: 457.13KB
2026-7-13 10:34:15-debug: // ---- build task Sort some build options to settings.json ---- (2ms)
2026-7-13 10:34:15-log: run build task Sort some build options to settings.json success in 2 ms√, progress: 12%
2026-7-13 10:34:15-debug: [Build Memory track]: Sort some build options to settings.json start:245.40MB, end 245.44MB, increase: 39.66KB
2026-7-13 10:34:15-debug: Fill script data to settings start, progress: 12%
2026-7-13 10:34:15-debug: // ---- build task Fill script data to settings ----
2026-7-13 10:34:15-log: run build task Fill script data to settings success in √, progress: 13%
2026-7-13 10:34:15-debug: [Build Memory track]: Fill script data to settings start:245.48MB, end 245.50MB, increase: 21.24KB
2026-7-13 10:34:15-debug: // ---- build task Sort some build options to settings.json ----
2026-7-13 10:34:15-debug: Sort some build options to settings.json start, progress: 13%
2026-7-13 10:34:15-debug: // ---- build task Sort some build options to settings.json ---- (3ms)
2026-7-13 10:34:15-log: run build task Sort some build options to settings.json success in 3 ms√, progress: 15%
2026-7-13 10:34:15-debug: [Build Memory track]: Sort some build options to settings.json start:245.75MB, end 245.88MB, increase: 133.30KB
2026-7-13 10:34:33-debug: refresh db internal success
2026-7-13 10:34:33-debug: refresh db assets success
2026-7-13 10:34:33-debug: Run asset db hook engine-extends:afterRefresh ...
2026-7-13 10:34:33-debug: Run asset db hook engine-extends:afterRefresh success!
2026-7-13 10:34:33-debug: asset-db:refresh-all-database (124ms)
2026-7-13 10:34:33-debug: asset-db:worker-effect-data-processing (1ms)
2026-7-13 10:34:33-debug: asset-db-hook-engine-extends-afterRefresh (1ms)
2026-7-13 10:34:38-debug: refresh db internal success
2026-7-13 10:34:38-debug: refresh db assets success
2026-7-13 10:34:38-debug: Run asset db hook engine-extends:afterRefresh ...
2026-7-13 10:34:38-debug: Run asset db hook engine-extends:afterRefresh success!
2026-7-13 10:34:38-debug: asset-db:refresh-all-database (117ms)
2026-7-13 10:34:38-debug: asset-db:worker-effect-data-processing (1ms)
2026-7-13 10:34:38-debug: asset-db-hook-engine-extends-afterRefresh (2ms)
2026-7-13 10:39:19-debug: refresh db internal success
2026-7-13 10:39:19-debug: %cImport%c: E:\game\回到地面\assets\scripts\ui\main\CreatePanel.tsbackground: #aaff85; color: #000;color: #000;
2026-7-13 10:39:19-debug: refresh db assets success
2026-7-13 10:39:19-debug: Run asset db hook engine-extends:afterRefresh success!
2026-7-13 10:39:19-debug: Run asset db hook engine-extends:afterRefresh ...
2026-7-13 10:39:19-debug: asset-db:refresh-all-database (154ms)
2026-7-13 10:39:19-debug: asset-db:worker-effect-data-processing (1ms)
2026-7-13 10:39:19-debug: asset-db-hook-engine-extends-afterRefresh (2ms)
2026-7-13 10:39:21-debug: Query all assets info in project
2026-7-13 10:39:21-debug: init custom config: keepNodeUuid: false, useCache: true
2026-7-13 10:39:21-debug: Skip compress image, progress: 0%
2026-7-13 10:39:21-debug: Init all bundles start..., progress: 0%
2026-7-13 10:39:21-debug: Num of bundles: 3..., progress: 0%
2026-7-13 10:39:21-debug: Query asset bundle start, progress: 0%
2026-7-13 10:39:21-debug: // ---- build task Query asset bundle ----
2026-7-13 10:39:21-debug: Init bundle root assets start..., progress: 0%
2026-7-13 10:39:21-debug: Query preload assets/scripts from cc.config.json: 60f7195c-ec2a-45eb-ba94-8955f60e81d0,1c02ae6f-4492-4915-b8f8-7492a3b1e4cd,810e96e4-e456-4468-9b59-f4e8f39732c0,efe8e2a3-eace-427b-b4f1-cb8a937ec77d,e9aa9a3e-5b2b-4ac7-a2c7-073de2b2b24f,8bbdbcdd-5cd4-4100-b6d5-b7c9625b6107,50f4348b-c883-4e2f-8f11-ce233b859fa1,fda095cb-831d-4601-ad94-846013963de8,f92806d7-1768-443f-afe8-12bcde84d0f0,dd3a144d-ab7f-41f0-82b8-2e43a090d496,f0416e68-0200-4b77-a926-4f9d16e494da,511d2633-09a7-4bdd-ac42-f778032124b3,5d45aa00-e064-4938-b314-4265f0c2258c,9361fd90-ba52-4f84-aa93-6e878fd576ca,970b0598-bcb0-4714-91fb-2e81440dccd8,bcd64cc6-2dd9-43f6-abbe-66318d332032,d930590d-bb92-4cc8-8bd1-23cd027f9edf,a3cd009f-0ab0-420d-9278-b9fdab939bbc,6a2d0734-bd9e-4ddf-946e-caa52498cb75,c27215d8-6835-4b68-bfbb-bdeac6100c04,b5d6115f-0370-4d7c-aad3-c194cc71cf98,d1346436-ac96-4271-b863-1f4fdead95b0,971bdb23-3ff6-43eb-b422-1c30165a3663,17debcc3-0a6b-4b8a-b00b-dc58b885581e,711ebe11-f673-4cd9-9a83-63c60ba54c5b,c0143906-9aed-447e-9436-2ae8512d1b6e,14da1725-c4c2-42b4-ab08-ee0aeb6898b3,081cab31-dccd-428e-8652-f2404cc81c47,78e0584a-4343-4727-8f37-e14e65c2a2db,ba21476f-2866-4f81-9c4d-6e359316e448,871c3b6c-7379-419d-bda3-794b239ab90d,1d08ef62-a503-4ce2-8b9a-46c90873f7d3,ff9b0199-ce04-4cfe-86cc-6c719f08d6e4,de1c2107-70c8-4021-8459-6399f24d01c6,cbf30902-517f-40dc-af90-a550bac27cf1,5c601d96-e4c7-4698-991b-7ee674b11079
2026-7-13 10:39:21-debug:   Number of all scripts: 217
2026-7-13 10:39:21-debug:   Number of other assets: 1875
2026-7-13 10:39:21-debug: Init bundle root assets success..., progress: 0%
2026-7-13 10:39:21-log: run build task Query asset bundle success in 29 ms√, progress: 5%
2026-7-13 10:39:21-debug: // ---- build task Query asset bundle ---- (29ms)
2026-7-13 10:39:21-debug: [Build Memory track]: Query asset bundle start:233.62MB, end 231.84MB, increase: -1823.27KB
2026-7-13 10:39:21-debug:   Number of all scenes: 3
2026-7-13 10:39:21-debug: // ---- build task Query asset bundle ----
2026-7-13 10:39:21-debug: Query asset bundle start, progress: 5%
2026-7-13 10:39:21-debug: // ---- build task Query asset bundle ---- (3ms)
2026-7-13 10:39:21-log: run build task Query asset bundle success in 3 ms√, progress: 10%
2026-7-13 10:39:21-debug: [Build Memory track]: Query asset bundle start:231.87MB, end 232.31MB, increase: 448.73KB
2026-7-13 10:39:21-debug: Sort some build options to settings.json start, progress: 10%
2026-7-13 10:39:21-debug: // ---- build task Sort some build options to settings.json ----
2026-7-13 10:39:21-debug: // ---- build task Sort some build options to settings.json ---- (1ms)
2026-7-13 10:39:21-log: run build task Sort some build options to settings.json success in 1 ms√, progress: 12%
2026-7-13 10:39:21-debug: [Build Memory track]: Sort some build options to settings.json start:232.34MB, end 232.37MB, increase: 27.98KB
2026-7-13 10:39:21-debug: // ---- build task Fill script data to settings ----
2026-7-13 10:39:21-debug: Fill script data to settings start, progress: 12%
2026-7-13 10:39:21-debug: // ---- build task Fill script data to settings ---- (1ms)
2026-7-13 10:39:21-debug: [Build Memory track]: Fill script data to settings start:232.39MB, end 232.42MB, increase: 26.29KB
2026-7-13 10:39:21-debug: // ---- build task Sort some build options to settings.json ----
2026-7-13 10:39:21-log: run build task Fill script data to settings success in 1 ms√, progress: 13%
2026-7-13 10:39:21-debug: Sort some build options to settings.json start, progress: 13%
2026-7-13 10:39:21-debug: // ---- build task Sort some build options to settings.json ---- (3ms)
2026-7-13 10:39:21-log: run build task Sort some build options to settings.json success in 3 ms√, progress: 15%
2026-7-13 10:39:21-debug: [Build Memory track]: Sort some build options to settings.json start:232.45MB, end 232.58MB, increase: 135.92KB
2026-7-13 10:39:27-debug: refresh db internal success
2026-7-13 10:39:28-debug: Run asset db hook engine-extends:afterRefresh success!
2026-7-13 10:39:28-debug: Run asset db hook engine-extends:afterRefresh ...
2026-7-13 10:39:28-debug: refresh db assets success
2026-7-13 10:39:28-debug: asset-db:refresh-all-database (126ms)
2026-7-13 10:39:28-debug: asset-db:worker-effect-data-processing (1ms)
2026-7-13 10:39:28-debug: asset-db-hook-engine-extends-afterRefresh (1ms)
2026-7-13 10:39:37-debug: refresh db internal success
2026-7-13 10:39:37-debug: refresh db assets success
2026-7-13 10:39:37-debug: Run asset db hook engine-extends:afterRefresh ...
2026-7-13 10:39:37-debug: Run asset db hook engine-extends:afterRefresh success!
2026-7-13 10:39:37-debug: asset-db:refresh-all-database (125ms)
2026-7-13 10:39:37-debug: asset-db-hook-engine-extends-afterRefresh (1ms)
2026-7-13 10:39:37-debug: asset-db:worker-effect-data-processing (1ms)
2026-7-13 10:48:53-debug: refresh db internal success
2026-7-13 10:48:53-debug: %cImport%c: E:\game\回到地面\assets\scripts\core\PlayerDataManager.tsbackground: #aaff85; color: #000;color: #000;
2026-7-13 10:48:53-debug: %cImport%c: E:\game\回到地面\assets\scripts\platform\StorageService.tsbackground: #aaff85; color: #000;color: #000;
2026-7-13 10:48:53-debug: %cImport%c: E:\game\回到地面\assets\scripts\render\CharacterModelAssembler.tsbackground: #aaff85; color: #000;color: #000;
2026-7-13 10:48:53-debug: %cImport%c: E:\game\回到地面\assets\scripts\core\save\SaveService.tsbackground: #aaff85; color: #000;color: #000;
2026-7-13 10:48:53-debug: %cImport%c: E:\game\回到地面\assets\scripts\ui\main\CreatePanel.tsbackground: #aaff85; color: #000;color: #000;
2026-7-13 10:48:53-debug: refresh db assets success
2026-7-13 10:48:53-debug: Run asset db hook engine-extends:afterRefresh ...
2026-7-13 10:48:53-debug: Run asset db hook engine-extends:afterRefresh success!
2026-7-13 10:48:53-debug: asset-db:refresh-all-database (158ms)
2026-7-13 10:48:53-debug: asset-db:worker-effect-data-processing (2ms)
2026-7-13 10:48:53-debug: asset-db-hook-engine-extends-afterRefresh (2ms)
2026-7-13 10:48:56-debug: Query all assets info in project
2026-7-13 10:48:56-debug: init custom config: keepNodeUuid: false, useCache: true
2026-7-13 10:48:56-debug: Skip compress image, progress: 0%
2026-7-13 10:48:56-debug: Init all bundles start..., progress: 0%
2026-7-13 10:48:56-debug: // ---- build task Query asset bundle ----
2026-7-13 10:48:56-debug: Init bundle root assets start..., progress: 0%
2026-7-13 10:48:56-debug: Query asset bundle start, progress: 0%
2026-7-13 10:48:56-debug: Num of bundles: 3..., progress: 0%
2026-7-13 10:48:56-debug: Query preload assets/scripts from cc.config.json: 60f7195c-ec2a-45eb-ba94-8955f60e81d0,1c02ae6f-4492-4915-b8f8-7492a3b1e4cd,810e96e4-e456-4468-9b59-f4e8f39732c0,efe8e2a3-eace-427b-b4f1-cb8a937ec77d,e9aa9a3e-5b2b-4ac7-a2c7-073de2b2b24f,8bbdbcdd-5cd4-4100-b6d5-b7c9625b6107,50f4348b-c883-4e2f-8f11-ce233b859fa1,fda095cb-831d-4601-ad94-846013963de8,f92806d7-1768-443f-afe8-12bcde84d0f0,dd3a144d-ab7f-41f0-82b8-2e43a090d496,f0416e68-0200-4b77-a926-4f9d16e494da,511d2633-09a7-4bdd-ac42-f778032124b3,5d45aa00-e064-4938-b314-4265f0c2258c,9361fd90-ba52-4f84-aa93-6e878fd576ca,970b0598-bcb0-4714-91fb-2e81440dccd8,bcd64cc6-2dd9-43f6-abbe-66318d332032,d930590d-bb92-4cc8-8bd1-23cd027f9edf,a3cd009f-0ab0-420d-9278-b9fdab939bbc,6a2d0734-bd9e-4ddf-946e-caa52498cb75,c27215d8-6835-4b68-bfbb-bdeac6100c04,b5d6115f-0370-4d7c-aad3-c194cc71cf98,d1346436-ac96-4271-b863-1f4fdead95b0,971bdb23-3ff6-43eb-b422-1c30165a3663,17debcc3-0a6b-4b8a-b00b-dc58b885581e,711ebe11-f673-4cd9-9a83-63c60ba54c5b,c0143906-9aed-447e-9436-2ae8512d1b6e,14da1725-c4c2-42b4-ab08-ee0aeb6898b3,081cab31-dccd-428e-8652-f2404cc81c47,78e0584a-4343-4727-8f37-e14e65c2a2db,ba21476f-2866-4f81-9c4d-6e359316e448,871c3b6c-7379-419d-bda3-794b239ab90d,1d08ef62-a503-4ce2-8b9a-46c90873f7d3,ff9b0199-ce04-4cfe-86cc-6c719f08d6e4,de1c2107-70c8-4021-8459-6399f24d01c6,cbf30902-517f-40dc-af90-a550bac27cf1,5c601d96-e4c7-4698-991b-7ee674b11079
2026-7-13 10:48:56-debug:   Number of all scripts: 217
2026-7-13 10:48:56-debug:   Number of other assets: 1875
2026-7-13 10:48:56-debug: Init bundle root assets success..., progress: 0%
2026-7-13 10:48:56-log: run build task Query asset bundle success in 32 ms√, progress: 5%
2026-7-13 10:48:56-debug: [Build Memory track]: Query asset bundle start:240.54MB, end 238.03MB, increase: -2575.02KB
2026-7-13 10:48:56-debug: // ---- build task Query asset bundle ---- (32ms)
2026-7-13 10:48:56-debug: // ---- build task Query asset bundle ----
2026-7-13 10:48:56-debug: Query asset bundle start, progress: 5%
2026-7-13 10:48:56-debug:   Number of all scenes: 3
2026-7-13 10:48:56-debug: // ---- build task Query asset bundle ---- (4ms)
2026-7-13 10:48:56-log: run build task Query asset bundle success in 4 ms√, progress: 10%
2026-7-13 10:48:56-debug: Sort some build options to settings.json start, progress: 10%
2026-7-13 10:48:56-debug: [Build Memory track]: Query asset bundle start:238.05MB, end 238.49MB, increase: 449.04KB
2026-7-13 10:48:56-debug: // ---- build task Sort some build options to settings.json ----
2026-7-13 10:48:56-debug: // ---- build task Sort some build options to settings.json ---- (2ms)
2026-7-13 10:48:56-log: run build task Sort some build options to settings.json success in 2 ms√, progress: 12%
2026-7-13 10:48:56-debug: [Build Memory track]: Sort some build options to settings.json start:238.52MB, end 238.55MB, increase: 26.89KB
2026-7-13 10:48:56-debug: Fill script data to settings start, progress: 12%
2026-7-13 10:48:56-debug: // ---- build task Fill script data to settings ----
2026-7-13 10:48:56-debug: // ---- build task Fill script data to settings ---- (1ms)
2026-7-13 10:48:56-log: run build task Fill script data to settings success in 1 ms√, progress: 13%
2026-7-13 10:48:56-debug: [Build Memory track]: Fill script data to settings start:238.58MB, end 238.60MB, increase: 26.23KB
2026-7-13 10:48:56-debug: // ---- build task Sort some build options to settings.json ----
2026-7-13 10:48:56-debug: Sort some build options to settings.json start, progress: 13%
2026-7-13 10:48:56-debug: // ---- build task Sort some build options to settings.json ---- (4ms)
2026-7-13 10:48:56-log: run build task Sort some build options to settings.json success in 4 ms√, progress: 15%
2026-7-13 10:48:56-debug: [Build Memory track]: Sort some build options to settings.json start:238.63MB, end 238.76MB, increase: 128.53KB
2026-7-13 10:49:07-debug: refresh db internal success
2026-7-13 10:49:07-debug: refresh db assets success
2026-7-13 10:49:07-debug: Run asset db hook engine-extends:afterRefresh ...
2026-7-13 10:49:07-debug: Run asset db hook engine-extends:afterRefresh success!
2026-7-13 10:49:07-debug: asset-db:refresh-all-database (114ms)
2026-7-13 10:49:07-debug: asset-db:worker-effect-data-processing (1ms)
2026-7-13 10:49:07-debug: asset-db-hook-engine-extends-afterRefresh (1ms)
2026-7-13 10:49:18-debug: refresh db internal success
2026-7-13 10:49:18-debug: refresh db assets success
2026-7-13 10:49:18-debug: Run asset db hook engine-extends:afterRefresh ...
2026-7-13 10:49:18-debug: Run asset db hook engine-extends:afterRefresh success!
2026-7-13 10:49:18-debug: asset-db:refresh-all-database (114ms)
2026-7-13 10:49:18-debug: asset-db:worker-effect-data-processing (2ms)
2026-7-13 10:49:18-debug: asset-db-hook-engine-extends-afterRefresh (2ms)
2026-7-13 10:49:23-debug: refresh db internal success
2026-7-13 10:49:23-debug: refresh db assets success
2026-7-13 10:49:23-debug: Run asset db hook engine-extends:afterRefresh ...
2026-7-13 10:49:23-debug: Run asset db hook engine-extends:afterRefresh success!
2026-7-13 10:49:23-debug: asset-db:refresh-all-database (107ms)
2026-7-13 10:49:23-debug: asset-db:worker-effect-data-processing (2ms)
2026-7-13 10:49:23-debug: asset-db-hook-engine-extends-afterRefresh (2ms)
2026-7-13 12:01:40-debug: refresh db internal success
2026-7-13 12:01:40-debug: %cImport%c: E:\game\回到地面\assets\scripts\render\CharacterModelAssembler.tsbackground: #aaff85; color: #000;color: #000;
2026-7-13 12:01:40-debug: %cImport%c: E:\game\回到地面\assets\scripts\render\CharacterVisualService.tsbackground: #aaff85; color: #000;color: #000;
2026-7-13 12:01:40-debug: %cImport%c: E:\game\回到地面\assets\scripts\ui\main\CreatePanel.tsbackground: #aaff85; color: #000;color: #000;
2026-7-13 12:01:40-debug: refresh db assets success
2026-7-13 12:01:40-debug: Run asset db hook engine-extends:afterRefresh ...
2026-7-13 12:01:40-debug: Run asset db hook engine-extends:afterRefresh success!
2026-7-13 12:01:41-debug: asset-db:refresh-all-database (335ms)
2026-7-13 12:01:41-debug: asset-db:worker-effect-data-processing (1ms)
2026-7-13 12:01:41-debug: asset-db-hook-engine-extends-afterRefresh (1ms)
2026-7-13 12:12:55-debug: refresh db internal success
2026-7-13 12:12:55-debug: %cImport%c: E:\game\回到地面\assets\scripts\dungeon\SingleRoomEncounterBuilder.tsbackground: #aaff85; color: #000;color: #000;
2026-7-13 12:12:55-debug: %cImport%c: E:\game\回到地面\assets\scripts\core\save\RouteSaveAdapter.tsbackground: #aaff85; color: #000;color: #000;
2026-7-13 12:12:55-debug: %cImport%c: E:\game\回到地面\assets\scripts\dungeon\route\RouteSeed.tsbackground: #aaff85; color: #000;color: #000;
2026-7-13 12:12:55-debug: %cImport%c: E:\game\回到地面\assets\scripts\core\save\RouteSaveTypes.tsbackground: #aaff85; color: #000;color: #000;
2026-7-13 12:12:55-debug: %cImport%c: E:\game\回到地面\assets\scripts\dungeon\routebackground: #aaff85; color: #000;color: #000;
2026-7-13 12:12:55-debug: %cImport%c: E:\game\回到地面\assets\scripts\dungeonbackground: #aaff85; color: #000;color: #000;
2026-7-13 12:12:55-debug: %cImport%c: E:\game\回到地面\assets\scripts\core\GameBootstrap.tsbackground: #aaff85; color: #000;color: #000;
2026-7-13 12:12:55-debug: %cImport%c: E:\game\回到地面\assets\scripts\core\savebackground: #aaff85; color: #000;color: #000;
2026-7-13 12:12:55-debug: %cImport%c: E:\game\回到地面\assets\scripts\run\RoomFlowController.tsbackground: #aaff85; color: #000;color: #000;
2026-7-13 12:12:55-debug: %cImport%c: E:\game\回到地面\assets\scripts\run\RunCoordinator.tsbackground: #aaff85; color: #000;color: #000;
2026-7-13 12:12:55-debug: %cImport%c: E:\game\回到地面\assets\scripts\core\save\SaveTypes.tsbackground: #aaff85; color: #000;color: #000;
2026-7-13 12:12:55-debug: refresh db assets success
2026-7-13 12:12:55-debug: Run asset db hook engine-extends:afterRefresh ...
2026-7-13 12:12:55-debug: Run asset db hook engine-extends:afterRefresh success!
2026-7-13 12:12:55-debug: asset-db:refresh-all-database (202ms)
2026-7-13 12:12:55-debug: asset-db:worker-effect-data-processing (2ms)
2026-7-13 12:12:55-debug: asset-db-hook-engine-extends-afterRefresh (2ms)
2026-7-13 13:32:53-debug: refresh db internal success
2026-7-13 13:32:53-debug: %cImport%c: E:\game\回到地面\assets\scripts\render\PreviewSurface.tsbackground: #aaff85; color: #000;color: #000;
2026-7-13 13:32:53-debug: %cImport%c: E:\game\回到地面\assets\scripts\render\SceneModelPreview.tsbackground: #aaff85; color: #000;color: #000;
2026-7-13 13:32:53-debug: %cImport%c: E:\game\回到地面\assets\scripts\dungeon\route\NodeRouteGenerator.tsbackground: #aaff85; color: #000;color: #000;
2026-7-13 13:32:53-debug: %cImport%c: E:\game\回到地面\assets\scripts\render\preview_layer_pool.tsbackground: #aaff85; color: #000;color: #000;
2026-7-13 13:32:53-debug: %cImport%c: E:\game\回到地面\assets\scripts\dungeon\route\NodeRewardResolver.tsbackground: #aaff85; color: #000;color: #000;
2026-7-13 13:32:53-debug: %cImport%c: E:\game\回到地面\assets\scripts\dungeon\route\NodeRouteState.tsbackground: #aaff85; color: #000;color: #000;
2026-7-13 13:32:53-debug: %cImport%c: E:\game\回到地面\assets\scripts\dungeon\route\RouteMapViewState.tsbackground: #aaff85; color: #000;color: #000;
2026-7-13 13:32:53-debug: %cImport%c: E:\game\回到地面\assets\scripts\dungeon\route\NodeRouteValidator.tsbackground: #aaff85; color: #000;color: #000;
2026-7-13 13:32:53-debug: %cImport%c: E:\game\回到地面\assets\scripts\dungeon\route\RouteRunController.tsbackground: #aaff85; color: #000;color: #000;
2026-7-13 13:32:53-debug: %cImport%c: E:\game\回到地面\assets\scripts\dungeon\route\RouteNodeTypeAdapter.tsbackground: #aaff85; color: #000;color: #000;
2026-7-13 13:32:53-debug: %cImport%c: E:\game\回到地面\assets\scripts\DungeonSceneController.tsbackground: #aaff85; color: #000;color: #000;
2026-7-13 13:32:53-debug: %cImport%c: E:\game\回到地面\assets\scripts\renderbackground: #aaff85; color: #000;color: #000;
2026-7-13 13:32:53-debug: %cImport%c: E:\game\回到地面\assets\scripts\dungeon\DAGGenerator.tsbackground: #aaff85; color: #000;color: #000;
2026-7-13 13:32:53-debug: %cImport%c: E:\game\回到地面\assets\scripts\dungeon\routebackground: #aaff85; color: #000;color: #000;
2026-7-13 13:32:53-debug: %cImport%c: E:\game\回到地面\assets\scripts\render\CharacterModelAssembler.tsbackground: #aaff85; color: #000;color: #000;
2026-7-13 13:32:53-debug: %cImport%c: E:\game\回到地面\assets\scripts\run\RoomFlowController.tsbackground: #aaff85; color: #000;color: #000;
2026-7-13 13:32:53-debug: %cImport%c: E:\game\回到地面\assets\scripts\core\save\RouteSaveTypes.tsbackground: #aaff85; color: #000;color: #000;
2026-7-13 13:32:53-debug: %cImport%c: E:\game\回到地面\assets\scripts\core\save\SaveTypes.tsbackground: #aaff85; color: #000;color: #000;
2026-7-13 13:32:53-debug: %cImport%c: E:\game\回到地面\assets\scripts\ui\main\CreatePanel.tsbackground: #aaff85; color: #000;color: #000;
2026-7-13 13:32:53-debug: refresh db assets success
2026-7-13 13:32:53-debug: Run asset db hook engine-extends:afterRefresh ...
2026-7-13 13:32:53-debug: Run asset db hook engine-extends:afterRefresh success!
2026-7-13 13:32:53-debug: asset-db:refresh-all-database (245ms)
2026-7-13 13:32:53-debug: asset-db-hook-engine-extends-afterRefresh (3ms)
2026-7-13 13:32:53-debug: asset-db:worker-effect-data-processing (1ms)
2026-7-13 13:38:47-debug: refresh db internal success
2026-7-13 13:38:47-debug: %cImport%c: E:\game\回到地面\assets\scripts\ui\layout\CharacterPanelLayout.tsbackground: #aaff85; color: #000;color: #000;
2026-7-13 13:38:47-debug: %cImport%c: E:\game\回到地面\assets\scripts\ui\main\CharacterPanel.tsbackground: #aaff85; color: #000;color: #000;
2026-7-13 13:38:48-debug: refresh db assets success
2026-7-13 13:38:48-debug: Run asset db hook engine-extends:afterRefresh success!
2026-7-13 13:38:48-debug: Run asset db hook engine-extends:afterRefresh ...
2026-7-13 13:38:48-debug: asset-db:refresh-all-database (131ms)
2026-7-13 13:38:48-debug: asset-db:worker-effect-data-processing (1ms)
2026-7-13 13:38:48-debug: asset-db-hook-engine-extends-afterRefresh (1ms)
2026-7-13 13:41:55-debug: refresh db internal success
2026-7-13 13:41:55-debug: refresh db assets success
2026-7-13 13:41:55-debug: Run asset db hook engine-extends:afterRefresh ...
2026-7-13 13:41:55-debug: Run asset db hook engine-extends:afterRefresh success!
2026-7-13 13:41:55-debug: asset-db:refresh-all-database (130ms)
2026-7-13 13:41:55-debug: asset-db:worker-effect-data-processing (1ms)
2026-7-13 13:41:55-debug: asset-db-hook-engine-extends-afterRefresh (1ms)
2026-7-13 13:41:56-debug: Query all assets info in project
2026-7-13 13:41:56-debug: init custom config: keepNodeUuid: false, useCache: true
2026-7-13 13:41:56-debug: Skip compress image, progress: 0%
2026-7-13 13:41:56-debug: Init all bundles start..., progress: 0%
2026-7-13 13:41:56-debug: Num of bundles: 3..., progress: 0%
2026-7-13 13:41:56-debug: Query asset bundle start, progress: 0%
2026-7-13 13:41:56-debug: Init bundle root assets start..., progress: 0%
2026-7-13 13:41:56-debug: // ---- build task Query asset bundle ----
2026-7-13 13:41:56-debug: Query preload assets/scripts from cc.config.json: 60f7195c-ec2a-45eb-ba94-8955f60e81d0,1c02ae6f-4492-4915-b8f8-7492a3b1e4cd,810e96e4-e456-4468-9b59-f4e8f39732c0,efe8e2a3-eace-427b-b4f1-cb8a937ec77d,e9aa9a3e-5b2b-4ac7-a2c7-073de2b2b24f,8bbdbcdd-5cd4-4100-b6d5-b7c9625b6107,50f4348b-c883-4e2f-8f11-ce233b859fa1,fda095cb-831d-4601-ad94-846013963de8,f92806d7-1768-443f-afe8-12bcde84d0f0,dd3a144d-ab7f-41f0-82b8-2e43a090d496,f0416e68-0200-4b77-a926-4f9d16e494da,511d2633-09a7-4bdd-ac42-f778032124b3,5d45aa00-e064-4938-b314-4265f0c2258c,9361fd90-ba52-4f84-aa93-6e878fd576ca,970b0598-bcb0-4714-91fb-2e81440dccd8,bcd64cc6-2dd9-43f6-abbe-66318d332032,d930590d-bb92-4cc8-8bd1-23cd027f9edf,a3cd009f-0ab0-420d-9278-b9fdab939bbc,6a2d0734-bd9e-4ddf-946e-caa52498cb75,c27215d8-6835-4b68-bfbb-bdeac6100c04,b5d6115f-0370-4d7c-aad3-c194cc71cf98,d1346436-ac96-4271-b863-1f4fdead95b0,971bdb23-3ff6-43eb-b422-1c30165a3663,17debcc3-0a6b-4b8a-b00b-dc58b885581e,711ebe11-f673-4cd9-9a83-63c60ba54c5b,c0143906-9aed-447e-9436-2ae8512d1b6e,14da1725-c4c2-42b4-ab08-ee0aeb6898b3,081cab31-dccd-428e-8652-f2404cc81c47,78e0584a-4343-4727-8f37-e14e65c2a2db,ba21476f-2866-4f81-9c4d-6e359316e448,871c3b6c-7379-419d-bda3-794b239ab90d,1d08ef62-a503-4ce2-8b9a-46c90873f7d3,ff9b0199-ce04-4cfe-86cc-6c719f08d6e4,de1c2107-70c8-4021-8459-6399f24d01c6,cbf30902-517f-40dc-af90-a550bac27cf1,5c601d96-e4c7-4698-991b-7ee674b11079
2026-7-13 13:41:56-debug:   Number of all scenes: 3
2026-7-13 13:41:56-debug:   Number of other assets: 1875
2026-7-13 13:41:57-debug: // ---- build task Query asset bundle ---- (45ms)
2026-7-13 13:41:56-debug:   Number of all scripts: 231
2026-7-13 13:41:56-debug: Init bundle root assets success..., progress: 0%
2026-7-13 13:41:57-debug: [Build Memory track]: Query asset bundle start:240.13MB, end 239.60MB, increase: -547.29KB
2026-7-13 13:41:57-log: run build task Query asset bundle success in 45 ms√, progress: 5%
2026-7-13 13:41:57-debug: // ---- build task Query asset bundle ----
2026-7-13 13:41:57-debug: Query asset bundle start, progress: 5%
2026-7-13 13:41:57-debug: // ---- build task Query asset bundle ---- (2ms)
2026-7-13 13:41:57-log: run build task Query asset bundle success in 2 ms√, progress: 10%
2026-7-13 13:41:57-debug: // ---- build task Sort some build options to settings.json ----
2026-7-13 13:41:57-debug: Sort some build options to settings.json start, progress: 10%
2026-7-13 13:41:57-debug: [Build Memory track]: Query asset bundle start:239.63MB, end 240.07MB, increase: 451.41KB
2026-7-13 13:41:57-debug: // ---- build task Sort some build options to settings.json ---- (1ms)
2026-7-13 13:41:57-log: run build task Sort some build options to settings.json success in 1 ms√, progress: 12%
2026-7-13 13:41:57-debug: Fill script data to settings start, progress: 12%
2026-7-13 13:41:57-debug: [Build Memory track]: Sort some build options to settings.json start:240.10MB, end 240.13MB, increase: 29.04KB
2026-7-13 13:41:57-debug: // ---- build task Fill script data to settings ----
2026-7-13 13:41:57-debug: // ---- build task Fill script data to settings ---- (1ms)
2026-7-13 13:41:57-log: run build task Fill script data to settings success in 1 ms√, progress: 13%
2026-7-13 13:41:57-debug: [Build Memory track]: Fill script data to settings start:240.16MB, end 240.18MB, increase: 26.47KB
2026-7-13 13:41:57-debug: // ---- build task Sort some build options to settings.json ----
2026-7-13 13:41:57-debug: Sort some build options to settings.json start, progress: 13%
2026-7-13 13:41:57-debug: // ---- build task Sort some build options to settings.json ---- (5ms)
2026-7-13 13:41:57-log: run build task Sort some build options to settings.json success in 5 ms√, progress: 15%
2026-7-13 13:41:57-debug: [Build Memory track]: Sort some build options to settings.json start:240.21MB, end 240.34MB, increase: 135.61KB
2026-7-13 13:42:15-debug: refresh db internal success
2026-7-13 13:42:15-debug: refresh db assets success
2026-7-13 13:42:15-debug: Run asset db hook engine-extends:afterRefresh success!
2026-7-13 13:42:15-debug: Run asset db hook engine-extends:afterRefresh ...
2026-7-13 13:42:15-debug: asset-db:refresh-all-database (127ms)
2026-7-13 13:42:15-debug: asset-db:worker-effect-data-processing (2ms)
2026-7-13 13:42:15-debug: asset-db-hook-engine-extends-afterRefresh (3ms)
2026-7-13 13:42:40-debug: refresh db internal success
2026-7-13 13:42:40-debug: refresh db assets success
2026-7-13 13:42:40-debug: Run asset db hook engine-extends:afterRefresh ...
2026-7-13 13:42:40-debug: Run asset db hook engine-extends:afterRefresh success!
2026-7-13 13:42:40-debug: asset-db:refresh-all-database (161ms)
2026-7-13 13:42:40-debug: asset-db:worker-effect-data-processing (3ms)
2026-7-13 13:42:40-debug: asset-db-hook-engine-extends-afterRefresh (4ms)
2026-7-13 14:32:16-debug: refresh db internal success
2026-7-13 14:32:16-debug: %cImport%c: E:\game\回到地面\assets\scripts\config\ui3d.tsbackground: #aaff85; color: #000;color: #000;
2026-7-13 14:32:16-debug: %cImport%c: E:\game\回到地面\assets\resources\config\ui3d.jsonbackground: #aaff85; color: #000;color: #000;
2026-7-13 14:32:16-debug: %cImport%c: E:\game\回到地面\assets\resources\config\art_quality_budget.jsonbackground: #aaff85; color: #000;color: #000;
2026-7-13 14:32:16-debug: %cImport%c: E:\game\回到地面\assets\resources\configbackground: #aaff85; color: #000;color: #000;
2026-7-13 14:32:16-debug: %cImport%c: E:\game\回到地面\assets\scripts\configbackground: #aaff85; color: #000;color: #000;
2026-7-13 14:32:16-debug: %cImport%c: E:\game\回到地面\assets\scripts\MainSceneController.tsbackground: #aaff85; color: #000;color: #000;
2026-7-13 14:32:16-debug: %cImport%c: E:\game\回到地面\assets\scripts\ui\SplashUI.tsbackground: #aaff85; color: #000;color: #000;
2026-7-13 14:32:16-debug: %cImport%c: E:\game\回到地面\assets\scripts\ui\main\MainMenuBackdrop.tsbackground: #aaff85; color: #000;color: #000;
2026-7-13 14:32:16-debug: refresh db assets success
2026-7-13 14:32:16-debug: Run asset db hook engine-extends:afterRefresh ...
2026-7-13 14:32:16-debug: Run asset db hook engine-extends:afterRefresh success!
2026-7-13 14:32:16-debug: asset-db:refresh-all-database (406ms)
2026-7-13 14:32:16-debug: asset-db:worker-effect-data-processing (3ms)
2026-7-13 14:32:16-debug: asset-db-hook-engine-extends-afterRefresh (3ms)
2026-7-13 20:58:33-debug: refresh db internal success
2026-7-13 20:58:33-debug: refresh db assets success
2026-7-13 20:58:33-debug: Run asset db hook engine-extends:afterRefresh success!
2026-7-13 20:58:33-debug: Run asset db hook engine-extends:afterRefresh ...
2026-7-13 20:58:33-debug: asset-db:refresh-all-database (194ms)
2026-7-13 20:58:33-debug: asset-db-hook-engine-extends-afterRefresh (3ms)
2026-7-13 20:58:33-debug: asset-db:worker-effect-data-processing (2ms)
